=== FQL Daily Research Run - Mon Mar 23 17:30:05 PDT 2026 ===
PID: 90620 | Repo: /Users/chasefisher/projects/Algo Trading/algo-lab
Python: /usr/local/bin/python3 (Python 3.14.3)

--- Starting daily pipeline ---

FQL Research Scheduler — DAILY jobs
  6 jobs queued
==================================================
  Running daily_health_check...
  [    SUCCESS] daily_health_check
  Running daily_half_life...
  Analyzing VWAP-MNQ-Long...
  Analyzing XB-PB-EMA-MES-Short...
  Analyzing ORB-MGC-Long...
  Analyzing BB-EQ-MGC-Long...
  Analyzing PB-MGC-Short...
  Analyzing Donchian-MNQ-Long...
  Analyzing NoiseBoundary-MNQ-Long...
  Analyzing RangeExpansion-MCL-Short...
  Analyzing GapMom-MGC-Long...
  Analyzing GapMom-MNQ-Long...
  [    SUCCESS] daily_half_life
  Running daily_contribution...
  [    SUCCESS] daily_contribution
  Running daily_activation_matrix...

FQL Portfolio Regime Controller — 2026-03-23 17:36
============================================================

[1/6] Gathering regime signals...
[2/6] Running half-life analysis...
[3/6] Gathering kill criteria from registry...
[4/6] Running health checks...
[5/7] Running contribution analysis (backtests)...
  Building daily PnL matrix for contribution analysis...
[6/7] Computing redundancy signals...
[7/7] Loading session drift signals...
  Session drift loaded for 6 strategies

Scoring strategies...

Computing allocation tiers...
Allocation matrix saved: /Users/chasefisher/projects/Algo Trading/algo-lab/research/data/allocation_matrix.json
  Allocation tiers: BASE: 4  BOOST: 2  OFF: 1  REDUCED: 10
Activation matrix saved: /Users/chasefisher/projects/Algo Trading/algo-lab/research/data/portfolio_activation_matrix.json

Registry updated: /Users/chasefisher/projects/Algo Trading/algo-lab/research/data/strategy_registry.json

===========================================================================
  FQL PORTFOLIO REGIME CONTROLLER
  2026-03-23 17:36
===========================================================================

  CURRENT REGIME SNAPSHOT
  -------------------------------------------------------
  M2K    HIGH_VOL   TRENDING   HIGH_RV      CHOPPY
  MCL    HIGH_VOL   TRENDING   HIGH_RV      GRINDING
  MES    HIGH_VOL   TRENDING   HIGH_RV      CHOPPY
  MGC    HIGH_VOL   TRENDING   HIGH_RV      CHOPPY
  MNQ    HIGH_VOL   TRENDING   HIGH_RV      CHOPPY

  PORTFOLIO SUMMARY
  -------------------------------------------------------
  Total strategies:       17
  Active (FULL+REDUCED):  6
  Probation:              11
  Disabled/Off:           0
  State changes today:    0
  Avg activation score:   0.579
  Health status:          FAIL

  ACTIVATION MATRIX
  -------------------------------------------------------
  Strategy                      Score Action         State      Situation        Pri 
  --------------------------------------------------------------------------------
  XB-PB-EMA-MES-Short           0.818 [+] FULL_ON      ACTIVE     HEALTHY          LOW 
  PB-MGC-Short                  0.802 [+] FULL_ON      ACTIVE     HEALTHY          LOW 
  BB-EQ-MGC-Long                0.695*[~] REDUCED_ON   ACTIVE     HEALTHY          LOW 
  NoiseBoundary-MNQ-Long        0.680*[~] REDUCED_ON   ACTIVE     REDUNDANT        LOW 
  PreFOMC-Drift-Equity          0.675*[~] REDUCED_ON   ACTIVE     HEALTHY          LOW 
  ORB-MGC-Long                  0.635 [~] REDUCED_ON   ACTIVE     HEALTHY          LOW 
  MomPB-6J-Long-US              0.545*[?] PROBATION    PROBATION  HEALTHY          MEDIUM
  MomPB-6E-Long-US              0.545*[?] PROBATION    VALIDATED  HEALTHY          MEDIUM
  DailyTrend-MGC-Long           0.545*[?] PROBATION    PROBATION  HEALTHY          MEDIUM
  Commodity-TermStructure-...   0.545*[?] PROBATION    PAPER      HEALTHY          MEDIUM
  VolManaged-EquityIndex-F...   0.545*[?] PROBATION    PAPER      HEALTHY          MEDIUM
  Treasury-Rolldown-Carry-...   0.545*[?] PROBATION    PAPER      HEALTHY          MEDIUM
  ZN-Afternoon-Reversion        0.545*[?] PROBATION    PAPER      HEALTHY          MEDIUM
  RangeExpansion                0.485 [?] PROBATION    DISABLED   HEALTHY          MEDIUM
  ORBEnh-M2K-Short              0.420*[?] PROBATION    PROBATION  EDGE_DECAY       MEDIUM
  TV-NFP-High-Low-Levels        0.420*[?] PROBATION    PROBATION  EDGE_DECAY       MEDIUM
  VWAPMR-MCL-Short              0.400*[?] PROBATION    PROBATION  EDGE_DECAY       MEDIUM

  * = borderline score (within 0.05 of action threshold)
    BB-EQ-MGC-Long: 0.695 near threshold
    NoiseBoundary-MNQ-Long: 0.680 near threshold
    PreFOMC-Drift-Equity: 0.675 near threshold
    MomPB-6J-Long-US: 0.545 near threshold
    MomPB-6E-Long-US: 0.545 near threshold
    DailyTrend-MGC-Long: 0.545 near threshold
    Commodity-TermStructure-Carry-EnergyMetals: 0.545 near threshold
    VolManaged-EquityIndex-Futures: 0.545 near threshold
    Treasury-Rolldown-Carry-Spread: 0.545 near threshold
    ZN-Afternoon-Reversion: 0.545 near threshold
    ORBEnh-M2K-Short: 0.420 near threshold
    TV-NFP-High-Low-Levels: 0.420 near threshold
    VWAPMR-MCL-Short: 0.400 near threshold

  CROWDING DIAGNOSTICS
  -------------------------------------------------------
  Exposure: OK (max 2 in trend_persistence)
  ! Asset [MGC]: 3 active — PB-MGC-Short, BB-EQ-MGC-Long, ORB-MGC-Long
  Family: OK (max 2 in pullback)
  Session: OK (max 3 in morning)

  SESSION RESTRICTIONS
  -------------------------------------------------------
  ! XB-PB-EMA-MES-Short: [REDUCE] midday — Degraded in midday (WR delta +18.0%)
  ! XB-PB-EMA-MES-Short: [REDUCE] afternoon — Degraded in afternoon (WR delta +27.6%)
  ! BB-EQ-MGC-Long: [REDUCE] midday — Degraded in midday (WR delta +10.0%)
  ! BB-EQ-MGC-Long: [BLOCK] afternoon — Edge broken in afternoon (WR delta -30.0%, PnL ratio -0.22)
  ! ORB-MGC-Long: [BLOCK] midday — Edge broken in midday (WR delta +1.4%, PnL ratio 0.08)

  WARNINGS
  -------------------------------------------------------
  ! XB-PB-EMA-MES-Short: Session drift detected — degraded in one or more sessions
  ! XB-PB-EMA-MES-Short: Morning session concentration >60% — diversification risk
  ! ORB-MGC-Long: Session drift ALARM — edge broken in one or more sessions
  ! ORB-MGC-Long: Morning session concentration >60% — diversification risk
  ! BB-EQ-MGC-Long: Session drift ALARM — edge broken in one or more sessions
  ! BB-EQ-MGC-Long: Morning session concentration >60% — diversification risk
  ! PB-MGC-Short: Morning session concentration >60% — diversification risk
  ! ORBEnh-M2K-Short: Edge decaying: HL status=ARCHIVE_CANDIDATE
  ! VWAPMR-MCL-Short: Edge decaying: HL status=ARCHIVE_CANDIDATE
  ! RangeExpansion: Kill flags: decay
  ! TV-NFP-High-Low-Levels: Edge decaying: HL status=ARCHIVE_CANDIDATE

  SUB-SCORE BREAKDOWN
  -------------------------------------------------------
  Strategy               regime_ half_li contrib redunda  health kill_cr session time_of asset_f recent_
  ------------------------------------------------------------------------------------------------
  XB-PB-EMA-MES-Short       1.00    1.00    1.00    0.70    0.00    1.00    0.25    0.50    1.00    1.00
  PB-MGC-Short              1.00    1.00    0.70    0.70    0.00    1.00    0.85    0.50    1.00    1.00
  BB-EQ-MGC-Long            0.60    1.00    0.70    0.70    0.00    1.00    0.00    1.00    1.00    1.00
  NoiseBoundary-MNQ-...     0.60    1.00    0.70    0.20    0.00    1.00    0.70    1.00    1.00    1.00
  PreFOMC-Drift-Equity      0.40    1.00    0.40    1.00    0.00    1.00    0.70    1.00    1.00    1.00
  ORB-MGC-Long              0.60    1.00    0.40    0.70    0.00    1.00    0.00    0.50    1.00    1.00
  MomPB-6J-Long-US          0.40    0.50    0.40    1.00    0.00    1.00    0.70    1.00    1.00    0.00
  MomPB-6E-Long-US          0.40    0.50    0.40    1.00    0.00    1.00    0.70    1.00    1.00    0.00
  DailyTrend-MGC-Long       0.40    0.50    0.40    1.00    0.00    1.00    0.70    1.00    1.00    0.00
  Commodity-TermStru...     0.40    0.50    0.40    1.00    0.00    1.00    0.70    1.00    1.00    0.00
  VolManaged-EquityI...     0.40    0.50    0.40    1.00    0.00    1.00    0.70    1.00    1.00    0.00
  Treasury-Rolldown-...     0.40    0.50    0.40    1.00    0.00    1.00    0.70    1.00    1.00    0.00
  ZN-Afternoon-Rever...     0.40    0.50    0.40    1.00    0.00    1.00    0.70    1.00    1.00    0.00
  RangeExpansion            0.40    0.50    0.40    1.00    0.00    0.40    0.70    1.00    1.00    0.00
  ORBEnh-M2K-Short          0.60    0.00    0.40    0.70    0.00    1.00    0.70    0.50    1.00    0.00
  TV-NFP-High-Low-Le...     0.40    0.00    0.40    1.00    0.00    1.00    0.70    1.00    1.00    1.00
  VWAPMR-MCL-Short          0.40    0.00    0.40    0.70    0.00    1.00    0.70    0.50    1.00    0.00

  REASON CODES (per strategy)
  -------------------------------------------------------
  XB-PB-EMA-MES-Short
    REGIME_MATCH_HIGH: Current regime strongly matches strategy specialization
    HALF_LIFE_STRENGTHENING: Edge metrics improving in recent windows
    PORTFOLIO_ADDS_VALUE: Strategy improves portfolio Sharpe/Calmar
    HEALTH_FAIL: Health check failures — data or config issue
    SESSION_DRIFT_DEGRADED: Session-specific edge degradation — deployment restricted
    SESSION_CONCENTRATION: Portfolio trade volume concentrated in one session window
    TIME_WINDOW_PARTIAL: Current session in allowed but not preferred window
  PB-MGC-Short
    REGIME_MATCH_HIGH: Current regime strongly matches strategy specialization
    HALF_LIFE_STRENGTHENING: Edge metrics improving in recent windows
    PORTFOLIO_ADDS_VALUE: Strategy improves portfolio Sharpe/Calmar
    HEALTH_FAIL: Health check failures — data or config issue
    SESSION_CONCENTRATION: Portfolio trade volume concentrated in one session window
    TIME_WINDOW_PARTIAL: Current session in allowed but not preferred window
  BB-EQ-MGC-Long
    REGIME_MATCH_MODERATE: Current regime partially matches strategy niche
    HALF_LIFE_STRENGTHENING: Edge metrics improving in recent windows
    PORTFOLIO_ADDS_VALUE: Strategy improves portfolio Sharpe/Calmar
    HEALTH_FAIL: Health check failures — data or config issue
    SESSION_DRIFT_BROKEN: Session edge structurally broken — block deployment in affected session
    SESSION_CONCENTRATION: Portfolio trade volume concentrated in one session window
  NoiseBoundary-MNQ-Long
    REGIME_MATCH_MODERATE: Current regime partially matches strategy niche
    HALF_LIFE_STRENGTHENING: Edge metrics improving in recent windows
    PORTFOLIO_ADDS_VALUE: Strategy improves portfolio Sharpe/Calmar
    REDUNDANT_CLUSTER: High overlap with another active strategy in same cluster
    HEALTH_FAIL: Health check failures — data or config issue
  PreFOMC-Drift-Equity
    REGIME_MATCH_LOW: Current regime weakly aligns with strategy
    HALF_LIFE_STRENGTHENING: Edge metrics improving in recent windows
    PORTFOLIO_NEUTRAL: Marginal contribution near zero
    HEALTH_FAIL: Health check failures — data or config issue
  ORB-MGC-Long
    REGIME_MATCH_MODERATE: Current regime partially matches strategy niche
    HALF_LIFE_STRENGTHENING: Edge metrics improving in recent windows
    PORTFOLIO_NEUTRAL: Marginal contribution near zero
    HEALTH_FAIL: Health check failures — data or config issue
    SESSION_DRIFT_BROKEN: Session edge structurally broken — block deployment in affected session
    SESSION_CONCENTRATION: Portfolio trade volume concentrated in one session window
    TIME_WINDOW_PARTIAL: Current session in allowed but not preferred window
  MomPB-6J-Long-US
    REGIME_MATCH_LOW: Current regime weakly aligns with strategy
    PORTFOLIO_NEUTRAL: Marginal contribution near zero
    HEALTH_FAIL: Health check failures — data or config issue
    RECENT_COLLAPSE: Short-window performance severely deteriorated
  MomPB-6E-Long-US
    REGIME_MATCH_LOW: Current regime weakly aligns with strategy
    PORTFOLIO_NEUTRAL: Marginal contribution near zero
    HEALTH_FAIL: Health check failures — data or config issue
    RECENT_COLLAPSE: Short-window performance severely deteriorated
  DailyTrend-MGC-Long
    REGIME_MATCH_LOW: Current regime weakly aligns with strategy
    PORTFOLIO_NEUTRAL: Marginal contribution near zero
    HEALTH_FAIL: Health check failures — data or config issue
    RECENT_COLLAPSE: Short-window performance severely deteriorated
  Commodity-TermStructure-Carry-EnergyMetals
    REGIME_MATCH_LOW: Current regime weakly aligns with strategy
    PORTFOLIO_NEUTRAL: Marginal contribution near zero
    HEALTH_FAIL: Health check failures — data or config issue
    RECENT_COLLAPSE: Short-window performance severely deteriorated
  VolManaged-EquityIndex-Futures
    REGIME_MATCH_LOW: Current regime weakly aligns with strategy
    PORTFOLIO_NEUTRAL: Marginal contribution near zero
    HEALTH_FAIL: Health check failures — data or config issue
    RECENT_COLLAPSE: Short-window performance severely deteriorated
  Treasury-Rolldown-Carry-Spread
    REGIME_MATCH_LOW: Current regime weakly aligns with strategy
    PORTFOLIO_NEUTRAL: Marginal contribution near zero
    HEALTH_FAIL: Health check failures — data or config issue
    RECENT_COLLAPSE: Short-window performance severely deteriorated
  ZN-Afternoon-Reversion
    REGIME_MATCH_LOW: Current regime weakly aligns with strategy
    PORTFOLIO_NEUTRAL: Marginal contribution near zero
    HEALTH_FAIL: Health check failures — data or config issue
    RECENT_COLLAPSE: Short-window performance severely deteriorated
  RangeExpansion
    REGIME_MATCH_LOW: Current regime weakly aligns with strategy
    PORTFOLIO_NEUTRAL: Marginal contribution near zero
    HEALTH_FAIL: Health check failures — data or config issue
    KILL_TRIGGER_SOFT: Soft kill warning — one criterion flagged
    RECENT_COLLAPSE: Short-window performance severely deteriorated
  ORBEnh-M2K-Short
    REGIME_MATCH_MODERATE: Current regime partially matches strategy niche
    HALF_LIFE_DEAD: Edge has collapsed — no viable signal remaining
    PORTFOLIO_NEUTRAL: Marginal contribution near zero
    HEALTH_FAIL: Health check failures — data or config issue
    TIME_WINDOW_PARTIAL: Current session in allowed but not preferred window
    RECENT_COLLAPSE: Short-window performance severely deteriorated
  TV-NFP-High-Low-Levels
    REGIME_MATCH_LOW: Current regime weakly aligns with strategy
    HALF_LIFE_DEAD: Edge has collapsed — no viable signal remaining
    PORTFOLIO_NEUTRAL: Marginal contribution near zero
    HEALTH_FAIL: Health check failures — data or config issue
  VWAPMR-MCL-Short
    REGIME_MATCH_LOW: Current regime weakly aligns with strategy
    HALF_LIFE_DEAD: Edge has collapsed — no viable signal remaining
    PORTFOLIO_NEUTRAL: Marginal contribution near zero
    HEALTH_FAIL: Health check failures — data or config issue
    TIME_WINDOW_PARTIAL: Current session in allowed but not preferred window
    RECENT_COLLAPSE: Short-window performance severely deteriorated

===========================================================================
  [    SUCCESS] daily_activation_matrix
  Running daily_decision_report...
  [    SUCCESS] daily_decision_report
  Running daily_drift_monitor...

===========================================================================
  FQL LIVE DRIFT MONITOR
  2026-03-23 17:46
  Overall: NORMAL
===========================================================================

  Forward period: 304 days, 391 trades

  PORTFOLIO DRIFT
  -------------------------------------------------------
  Metric                   Baseline       Live      Delta   Status
  --------------------------------------------------------------
    win_rate                  0.499      0.499     -0.000   NORMAL
    trade_frequency            1.10       1.29     +1.170   NORMAL
    expectancy               $41.89     $41.89     +1.000   NORMAL
    profit_factor             2.110      2.110              NORMAL
    sharpe                    4.040      3.560              NORMAL

  PAYOFF STRUCTURE
  -------------------------------------------------------
  Avg winner:  baseline $159.38  |  live $159.38
  Avg loser:   baseline $-75.01  |  live $-75.01

  STRATEGY DRIFT
  -------------------------------------------------------
  Strategy                     Trades     WR Δ  PnL ratio   Status
  --------------------------------------------------------------
    VWAP-MNQ-Long                 163   +0.000      1.00x   NORMAL
    XB-PB-EMA-MES-Short            88   -0.000      1.00x   NORMAL
    ORB-MGC-Long                   62   -0.000      1.00x   NORMAL
    Donchian-MNQ-Long-GRINDING     47   +0.000      1.00x   NORMAL
    BB-EQ-MGC-Long                 22   +0.000      1.00x   NORMAL
    PB-MGC-Short                    9   -0.000      1.00x   NORMAL

  REGIME-SPECIFIC PERFORMANCE
  -------------------------------------------------------
  HIGH_VOL        174d  avg $   42.24/day  total $ 7350.33  pos_rate 43%
  LOW_VOL         84d  avg $   47.71/day  total $ 4007.58  pos_rate 46%
  NORMAL          128d  avg $   39.22/day  total $ 5020.00  pos_rate 37%

  SESSION / TIME-OF-DAY DRIFT
  -------------------------------------------------------
  Session      Trades   Share      WR    Avg PnL      PF   Status
  -----------------------------------------------------------
    morning       247    63%  49.4% $   53.23   2.29   NORMAL
    midday        114    29%  51.8% $   22.65   1.68   NORMAL
    afternoon      30     8%  46.7% $   21.60   1.91   NORMAL

  Strategy session drift flags:
  ! VWAP-MNQ-Long [midday]: WR 42% (delta +0.5%), avg $14.38, 64 trades — DRIFT
  !!VWAP-MNQ-Long [afternoon]: WR 14% (delta -27.4%), avg $-40.88, 7 trades — ALARM
  ! XB-PB-EMA-MES-Short [midday]: WR 74% (delta +18.0%), avg $62.90, 19 trades — DRIFT
  ! XB-PB-EMA-MES-Short [afternoon]: WR 83% (delta +27.6%), avg $48.13, 6 trades — DRIFT
  !!ORB-MGC-Long [midday]: WR 58% (delta +1.4%), avg $3.55, 19 trades — ALARM
  ! BB-EQ-MGC-Long [midday]: WR 60% (delta +10.0%), avg $-1.84, 5 trades — DRIFT
  !!BB-EQ-MGC-Long [afternoon]: WR 20% (delta -30.0%), avg $-26.84, 5 trades — ALARM
  ! morning has 63% of all trades — concentration risk

  DRIFT ALERTS
  -------------------------------------------------------
  ! [DRIFT] VWAP-MNQ-Long: midday session drifting from baseline
  !![ALARM] VWAP-MNQ-Long: afternoon edge degrading (WR delta -27.4%)
  ! [DRIFT] XB-PB-EMA-MES-Short: midday session drifting from baseline
  ! [DRIFT] XB-PB-EMA-MES-Short: afternoon session drifting from baseline
  !![ALARM] ORB-MGC-Long: midday edge degrading (WR delta +1.4%)
  ! [DRIFT] BB-EQ-MGC-Long: midday session drifting from baseline
  !![ALARM] BB-EQ-MGC-Long: afternoon edge degrading (WR delta -30.0%)
  ! [DRIFT] morning has 63% of all trades — concentration risk

===========================================================================
  [    SUCCESS] daily_drift_monitor

Done: 6 success, 0 errors, 0 skipped
--- Daily pipeline exited with code 0 ---
--- Generating probation scoreboard ---
# FQL Probation Scoreboard
*Generated: 2026-03-23 17:46*
*Probation strategies: 8*

## Scoreboard

| Strategy | Fwd Trades | Target | Fwd PnL | PF | Target PF | Status | Aging |
|----------|-----------|--------|---------|----|-----------|---------| ------|
| DailyTrend-MGC-Long                    |         0 |     15 |       — |    — | >1.2       | Too early | 6% (1w/16w) |
| FXBreak-6J-Short-London                |         0 |     50 |       — |    — | >1.1       | Too early | 0% (0w/24w) |
| MomPB-6J-Long-US                       |         0 |     30 |       — |    — | >1.2       | Too early | 4% (1w/16w) |
| NoiseBoundary-MNQ-Long                 |         3 |     30 |   $-531 | 0.00 | >1.2       | Too early | 4% (1w/16w) |
| PreFOMC-Drift-Equity                   |         0 |      8 |       — |    — | >1.2       | Too early | 4% (1w/24w) |
| TV-NFP-High-Low-Levels                 |         0 |      8 |       — |    — | >1.1       | Too early | 3% (1w/24w) |
| Treasury-Rolldown-Carry-Spread         |         0 |      8 |       — |    — | >1.1       | Too early | 1% (0w/48w) |
| VolManaged-EquityIndex-Futures         |         2 |     30 |     $-0 | 0.00 | >1.0       | Too early | 4% (0w/12w) |
| ZN-Afternoon-Reversion                 |         0 |     30 |       — |    — | >1.1       | Too early | 2% (0w/24w) |

## Flags & Caveats

**PreFOMC-Drift-Equity:**
- Sparse event (0.67/month) — extended vitality window

**TV-NFP-High-Low-Levels:**
- Sparse event (0.8/month) — extended vitality window
- Half-life: ARCHIVE_CANDIDATE

**Treasury-Rolldown-Carry-Spread:**
- ~18-20% of weekdays may produce no signal (sparse ZN bars)

**VolManaged-EquityIndex-Futures:**
- MICRO/REDUCED only — crisis DD not yet confirmed in forward
- Long-only MES — adds to 2.7:1 long bias (unique sizing mechanism justifies)

**ZN-Afternoon-Reversion:**
- Short-side check pending (need 10+ trades)
- HIGH_VOL dependent — expect quiet periods in calm markets
- ~18-20% of weekdays may produce no signal (sparse ZN bars)

## Probation Aging

| Strategy | Days In | Expected Trades | Actual | Evidence Ratio | Status |
|----------|---------|----------------|--------|----------------|--------|
| DailyTrend-MGC-Long                    |       7 |              0 |      0 |           0.00 | TOO_EARLY |
| FXBreak-6J-Short-London                |       0 |              1 |      0 |           0.00 | TOO_EARLY |
| MomPB-6J-Long-US                       |       5 |              1 |      0 |           0.00 | TOO_EARLY |
| NoiseBoundary-MNQ-Long                 |       5 |              1 |      3 |           3.60 | TOO_EARLY |
| PreFOMC-Drift-Equity                   |       6 |              0 |      0 |           0.00 | TOO_EARLY |
| TV-NFP-High-Low-Levels                 |       5 |              0 |      0 |           0.00 | TOO_EARLY |
| Treasury-Rolldown-Carry-Spread         |       3 |              0 |      0 |           0.00 | TOO_EARLY |
| VolManaged-EquityIndex-Futures         |       3 |              2 |      2 |           0.95 | TOO_EARLY |
| ZN-Afternoon-Reversion                 |       3 |              0 |      0 |           0.00 | TOO_EARLY |

## Signal Frequency vs Expectation

| Strategy | Expected/mo | Actual/mo | Signal Days | Logged Days | Drift |
|----------|------------|-----------|-------------|-------------|-------|
| DailyTrend-MGC-Long                    |        2.0 |       0.0 |           0 |           6 | LOW ◄ |
| FXBreak-6J-Short-London                |       12.0 |       0.0 |           0 |           6 | LOW ◄ |
| MomPB-6J-Long-US                       |        8.0 |       0.0 |           0 |           6 | LOW ◄ |
| NoiseBoundary-MNQ-Long                 |        5.0 |       4.0 |           2 |           6 | NORMAL |
| PreFOMC-Drift-Equity                   |        0.7 |       2.0 |           1 |           5 | HIGH |
| TV-NFP-High-Low-Levels                 |        0.8 |       0.0 |           0 |           5 | LOW ◄ |
| Treasury-Rolldown-Carry-Spread         |        0.2 |         — |           0 |           4 | INSUFFICIENT_DATA |
| VolManaged-EquityIndex-Futures         |       21.0 |         — |           1 |           4 | INSUFFICIENT_DATA |
| ZN-Afternoon-Reversion                 |        3.8 |         — |           0 |           2 | INSUFFICIENT_DATA |

## ZN Challenger Contribution

Insufficient forward data for contribution analysis. Waiting for trades.

## Review Timeline

| Strategy | Next Review | Gate |
|----------|------------|------|
| DailyTrend-MGC-Long                    | Week 8               | 15 trades, PF > 1.2 |
| FXBreak-6J-Short-London                | Week 12              | 50 trades, PF > 1.1 |
| MomPB-6J-Long-US                       | Week 8               | 30 trades, PF > 1.2 |
| NoiseBoundary-MNQ-Long                 | Week 8               | 30 trades, PF > 1.2 |
| PreFOMC-Drift-Equity                   | After 4 FOMC events  | 8 trades, PF > 1.2 |
| TV-NFP-High-Low-Levels                 | After 4 NFP events (~Jul 2026) | 8 trades, PF > 1.1 |
| Treasury-Rolldown-Carry-Spread         | June 1 displacement  | 8 trades, PF > 1.1 |
| VolManaged-EquityIndex-Futures         | 30 forward days, Sharpe > 0.5 | 30 trades, PF > 1.0 |
| ZN-Afternoon-Reversion                 | ~Oct 2026            | 30 trades, PF > 1.1 |

  Saved to: /Users/chasefisher/openclaw-intake/inbox/_probation_scoreboard.md
--- Generating challenger stack review ---
# Challenger Stack Review
*Generated: 2026-03-23 17:46*
*Tracking: 3 newest probation entries (all entered 2026-03-20)*

## Side-by-Side

| Dimension | Treasury-Rolldown | ZN-Afternoon-Rev | VolManaged-Equity |
|---|---|---|---|
| Factor | CARRY | STRUCTURAL | VOLATILITY |
| Asset | ZN (3-tenor spread) | ZN | MES |
| Session | Daily close (monthly rebal) | 14:00-14:25 ET | Daily close (always-in) |
| Horizon | Monthly | Intraday (25m) | Daily (continuous hold) |
| Direction | Both (spread) | Both (short-biased, 89% PnL) | Long only |
| Target | PF > 1.1 | PF > 1.1 | Sharpe > 0.5 |
| Evidence velocity | ~2 ZN-leg trades/year; 12 spread observations/year | ~3-4 trades/month | ~21 data points/month (every trading day) |
| Time to gate | ~3 years (ZN-leg) or June 1 displacement via spread PnL | ~8 months | ~6 weeks |
| **Fwd trades / target** | 0 / 8 | 0 / 30 | 2 / 30 |
| **Fwd PnL** | — | — | $-0 |
| **Fwd PF** | — | — | 0.00 |

## Decision Priority

**Fastest to learn:** VolManaged-Equity
- 21 data points/month — will reach 30-day gate in ~6 weeks
- First strategy where we can make a promote/downgrade call

**Highest expected portfolio value:** Treasury-Rolldown
- Fills 2 gaps simultaneously (CARRY + Rates)
- June 1 displacement target makes it the highest-stakes decision
- But: slowest evidence, so judgment will be thin at decision time

**Highest fragility risk:** ZN-Afternoon-Reversion
- Window-specific (±15m kills edge)
- HIGH_VOL dependent (PF 1.04 in low-vol regimes)
- Most likely to degrade if market conditions change

**Slowest evidence accumulation:** Treasury-Rolldown
- ~2 ZN-leg rank changes per year
- June 1 displacement decision will rely heavily on spread-level
  monthly returns, not forward-runner trade count

## Portfolio Additivity

| Strategy | Current Status | What Changes the Judgment |
|----------|---------------|--------------------------|
| Treasury-Rolldown    | UNKNOWN (no forward data) | First forward trades — any PnL data starts the clock |
| ZN-Afternoon-Rev     | UNKNOWN (no forward data) | First forward trades — any PnL data starts the clock |
| VolManaged-Equity    | TOO EARLY | 8 more trades to form initial judgment |

### Additivity Evidence Needed

**Treasury-Rolldown:** Needs 3 monthly spread returns (Mar-May).
If net positive → strong additivity case for June 1 displacement.
If net negative → displacement weakens but gap-fill value persists.

**ZN-Afternoon-Rev:** Needs 10+ forward trades to check short-side
dependence. If shorts carry >60% of forward PnL → backtest thesis holds.
If shorts flat/negative → strategy loses its primary portfolio value
(short-bias diversification).

**VolManaged-Equity:** Needs 30 forward days to compare vol-managed
Sharpe vs unscaled baseline. If Sharpe improvement <20% → the
vol-scaling mechanism is not replicating. If DD clusters with portfolio
DD on same days → long-bias thesis fails.

## Operator Attention This Week

### Watch closely
- **VolManaged-Equity:** Fastest feedback loop. Check daily that
  the strategy is generating weight-adjusted positions. First few
  days confirm the signal is replicating correctly in the forward
  runner — a miscalculation here compounds daily.

### Check weekly
- **ZN-Afternoon-Rev:** Should generate ~1 trade/week. Confirm
  signals are firing on days with sufficient afternoon ZN bars.
  A full week with zero signals is normal; two weeks is a flag.

### Leave alone until checkpoint
- **Treasury-Rolldown:** Monthly rebalance. Next signal opportunity
  is ~March 31. Nothing to monitor before then except confirming
  the strategy loaded correctly (already verified).

  Saved to: /Users/chasefisher/openclaw-intake/inbox/_challenger_stack_review.md
--- Generating rates challenger review ---
# Rates Challenger Review
*Generated: 2026-03-23 17:46*

## Forward Evidence

| Metric | Treasury-Rolldown | ZN-Afternoon-Rev |
|--------|-------------------|------------------|
| **Factor** | CARRY | STRUCTURAL |
| **Session** | Daily close (monthly rebalance) | 14:00-14:25 ET |
| **Horizon** | Monthly | Intraday (25m) |
| **Bias** | Both (spread) | Both (short-biased) |
| Forward trades | 0 / 8 target | 0 / 30 target |
| Forward PnL | $0 | $0 |
| Forward PF | — (target >1.1) | — (target >1.1) |
| Win rate | — | — |
| Long trades / PnL | 0 / $0 | 0 / $0 |
| Short trades / PnL | 0 / $0 | 0 / $0 |
| First forward trade | — | — |
| Last forward trade | — | — |

## Short-Side Dependence (ZN-Afternoon-Reversion)

- Insufficient forward trades (0) to assess short-side dependence.

## Overlap / Conflict

- Shared trading days: 0
- Correlation: insufficient shared data
- Mechanism overlap: NONE (carry ranking vs impulse reversion)
- Session overlap: NONE (monthly rebalance vs 14:00-14:25 intraday)

## Missing-Bar / Liquidity Notes

- 2/2 days had zero signals (expected: ~18% due to sparse bars)
- Days with zero signals are expected (~18% of weekdays lack ZN bars at 14:00-14:25).
- Zero-signal days are NOT system failures. They are data-sparse days where the strategy correctly stands aside.

## Regime Notes

| Regime | Treasury-Rolldown | ZN-Afternoon-Rev |
|--------|-------------------|------------------|
| HIGH_VOL | Neutral (carry spread) | **Strong** (PF 1.64 backtest) |
| NORMAL | Neutral | Moderate (PF 1.13 backtest) |
| LOW_VOL | Neutral | **Weak** (PF 1.04 backtest) |

Treasury-Rolldown is regime-neutral (carry doesn't depend on vol).
ZN-Afternoon-Reversion is vol-activated — expect quiet periods in calm markets.

## Next Checkpoints

| Strategy | Checkpoint | Date | Criterion |
|----------|-----------|------|-----------|
| Treasury-Rolldown | First rebalance signal | ~2026-03-31 | Signal generated? |
| Treasury-Rolldown | June 1 displacement | 2026-06-01 | Forward PnL positive → displace MomIgn |
| ZN-Afternoon-Rev | First 10 trades | ~2026-06-01 | Short bias holding? Direction? |
| ZN-Afternoon-Rev | 30-trade review | ~2026-10-01 | PF > 1.1? Promote / continue / downgrade |

  Saved to: /Users/chasefisher/openclaw-intake/inbox/_rates_challenger_review.md
--- Running alert engine ---
# FQL Alerts
*2026-03-23 17:46*

**2 ALERT | 1 WARN**

## Harvest

!! [ALERT] [ESCALATED from WARN x3] youtube helper produced 0 leads on last run (2026-03-23)
   Action: Check scripts/fetch_youtube_leads.* for errors

!! [ALERT] [ESCALATED from WARN x3] Possible closed-family match in 2026-03-17_06_close_auction_follow_through.md: 'overnight equity continuation'
   Action: Review note — reject if it doesn't address the prior failure mode

** [WARN] Possible closed-family match in 2026-03-23_07_turn_of_month_equity_index_futures.md: 'breakout x morning equity'
   Action: Review note — reject if it doesn't address the prior failure mode


  Saved to: /Users/chasefisher/openclaw-intake/inbox/_alerts.md
--- Generating operator brief ---
# FQL Operator Brief
*Monday, 2026-03-23 17:46*

## System Health

- Gateway: OK
- Claw loop: OK (6m ago)
- Recovery actions today: 0
- Consecutive failures: 0

## Active Alerts

!! [ALERT] [ESCALATED from WARN x3] youtube helper produced 0 leads on last run (2026-03-23)
  Action: Check scripts/fetch_youtube_leads.* for errors
!! [ALERT] [ESCALATED from WARN x3] Possible closed-family match in 2026-03-17_06_close_auction_follow_through.md: 'overnight equity continuation'
  Action: Review note — reject if it doesn't address the prior failure mode

## Forward Evidence

Last 24h: 6 trades, $+221
  - XB-PB-EMA-MES-Short: short on MES, $-10
  - PB-MGC-Short: short on MGC, $+286
  - CloseVWAP-M2K-Short: short on M2K, $-54
  - MomPB-6E-Long-US: long on 6E, $+0
  - VolManaged-EquityIndex-Futures: long on MES, $-0
  - VolManaged-EquityIndex-Futures: long on MES, $-0

Equity: $49,588 | DD from HWM: $412 | Cumulative PnL: $-412

## Probation & Challengers

**Too early (8):** entered recently, no judgment yet
  - NoiseBoundary-MNQ-Long: 3 trades, $-531 (1w/16w)
  - MomPB-6J-Long-US: 0 trades (1w/16w)
  - DailyTrend-MGC-Long: 0 trades (1w/16w)
  - PreFOMC-Drift-Equity: 0 trades (1w/24w)
  - TV-NFP-High-Low-Levels: 0 trades (1w/24w)
  - VolManaged-EquityIndex-Futures: 2 trades, $-0 (0w/12w)
  - Treasury-Rolldown-Carry-Spread: 0 trades (0w/48w)
  - ZN-Afternoon-Reversion: 0 trades (0w/24w)
**Edge health flags (1):**
  - TV-NFP-High-Low-Levels: half-life ARCHIVE_CANDIDATE

## Today's Attention

- **Monday intake:** Scan Claw harvest outputs, dedupe, tag, accept/reject
- **VolManaged-Equity:** Check that daily weight-adjusted positions are
  generating. First days confirm signal replication in forward runner.
- **ZN-Afternoon-Rev:** Expect ~1 trade this week. Zero is normal;
  check signal log for afternoon ZN bar availability.
- **Treasury-Rolldown:** Leave alone until ~March 31 (next monthly rebalance).

## Decisions Needed

- None requiring immediate action.

---
*Detail reports: _probation_scoreboard.md, _challenger_stack_review.md,*
*_rates_challenger_review.md, _portfolio_gap_dashboard.md, _recovery_status.md*

  Saved to: /Users/chasefisher/openclaw-intake/inbox/_operator_brief.md

=== All jobs completed successfully - Mon Mar 23 17:46:23 PDT 2026 ===
