=== FQL Daily Research Run - Wed Mar 18 17:35:56 PDT 2026 ===
PID: 28075 | Repo: /Users/chasefisher/projects/Algo Trading/algo-lab
Python: /usr/local/bin/python3 (Python 3.14.3)

--- Starting daily pipeline ---

FQL Research Scheduler — DAILY jobs
  6 jobs queued
==================================================
  Running daily_health_check...
  [    SUCCESS] daily_health_check
  Running daily_half_life...
  Analyzing VWAP-MNQ-Long...
  Analyzing XB-PB-EMA-MES-Short...
  Analyzing ORB-MGC-Long...
  Analyzing BB-EQ-MGC-Long...
  Analyzing PB-MGC-Short...
  Analyzing Donchian-MNQ-Long...
  Analyzing NoiseBoundary-MNQ-Long...
  Analyzing RangeExpansion-MCL-Short...
  Analyzing GapMom-MGC-Long...
  Analyzing GapMom-MNQ-Long...
  [    SUCCESS] daily_half_life
  Running daily_contribution...
  [    SUCCESS] daily_contribution
  Running daily_activation_matrix...

FQL Portfolio Regime Controller — 2026-03-18 17:43
============================================================

[1/6] Gathering regime signals...
[2/6] Running half-life analysis...
[3/6] Gathering kill criteria from registry...
[4/6] Running health checks...
[5/7] Running contribution analysis (backtests)...
  Building daily PnL matrix for contribution analysis...
[6/7] Computing redundancy signals...
[7/7] Loading session drift signals...
  Session drift loaded for 6 strategies

Scoring strategies...

Computing allocation tiers...
Allocation matrix saved: /Users/chasefisher/projects/Algo Trading/algo-lab/research/data/allocation_matrix.json
  Allocation tiers: BASE: 5  BOOST: 1  OFF: 1  REDUCED: 9
Activation matrix saved: /Users/chasefisher/projects/Algo Trading/algo-lab/research/data/portfolio_activation_matrix.json

Registry updated: /Users/chasefisher/projects/Algo Trading/algo-lab/research/data/strategy_registry.json

===========================================================================
  FQL PORTFOLIO REGIME CONTROLLER
  2026-03-18 17:43
===========================================================================

  CURRENT REGIME SNAPSHOT
  -------------------------------------------------------
  M2K    NORMAL     TRENDING   HIGH_RV      CHOPPY
  MCL    HIGH_VOL   TRENDING   HIGH_RV      CHOPPY
  MES    NORMAL     TRENDING   HIGH_RV      CHOPPY
  MGC    LOW_VOL    TRENDING   NORMAL_RV    CHOPPY
  MNQ    NORMAL     RANGING    HIGH_RV      CHOPPY

  PORTFOLIO SUMMARY
  -------------------------------------------------------
  Total strategies:       16
  Active (FULL+REDUCED):  6
  Probation:              10
  Disabled/Off:           0
  State changes today:    0
  Avg activation score:   0.561
  Health status:          FAIL

  ACTIVATION MATRIX
  -------------------------------------------------------
  Strategy                      Score Action         State      Situation        Pri 
  --------------------------------------------------------------------------------
  XB-PB-EMA-MES-Short           0.738*[+] FULL_ON      ACTIVE     HEALTHY          LOW 
  BB-EQ-MGC-Long                0.695*[~] REDUCED_ON   ACTIVE     HEALTHY          LOW 
  PreFOMC-Drift-Equity          0.675*[~] REDUCED_ON   ACTIVE     HEALTHY          LOW 
  NoiseBoundary-MNQ-Long        0.640 [~] REDUCED_ON   PROBATION  REDUNDANT        LOW 
  ORB-MGC-Long                  0.635 [~] REDUCED_ON   ACTIVE     HEALTHY          LOW 
  PB-MGC-Short                  0.603 [~] REDUCED_ON   ACTIVE     REGIME_MISMATCH  LOW 
  MomPB-6J-Long-US              0.545*[?] PROBATION    PROBATION  HEALTHY          MEDIUM
  MomPB-6E-Long-US              0.545*[?] PROBATION    VALIDATED  HEALTHY          MEDIUM
  DailyTrend-MGC-Long           0.545*[?] PROBATION    PROBATION  HEALTHY          MEDIUM
  Commodity-TermStructure-...   0.545*[?] PROBATION    PAPER      HEALTHY          MEDIUM
  VolManaged-EquityIndex-F...   0.545*[?] PROBATION    PAPER      HEALTHY          MEDIUM
  Treasury-Rolldown-Carry-...   0.545*[?] PROBATION    PAPER      HEALTHY          MEDIUM
  RangeExpansion                0.485 [?] PROBATION    DISABLED   HEALTHY          MEDIUM
  ORBEnh-M2K-Short              0.420*[?] PROBATION    PROBATION  EDGE_DECAY       MEDIUM
  TV-NFP-High-Low-Levels        0.420*[?] PROBATION    PROBATION  EDGE_DECAY       MEDIUM
  VWAPMR-MCL-Short              0.400*[?] PROBATION    PROBATION  EDGE_DECAY       MEDIUM

  * = borderline score (within 0.05 of action threshold)
    XB-PB-EMA-MES-Short: 0.738 near threshold
    BB-EQ-MGC-Long: 0.695 near threshold
    PreFOMC-Drift-Equity: 0.675 near threshold
    MomPB-6J-Long-US: 0.545 near threshold
    MomPB-6E-Long-US: 0.545 near threshold
    DailyTrend-MGC-Long: 0.545 near threshold
    Commodity-TermStructure-Carry-EnergyMetals: 0.545 near threshold
    VolManaged-EquityIndex-Futures: 0.545 near threshold
    Treasury-Rolldown-Carry-Spread: 0.545 near threshold
    ORBEnh-M2K-Short: 0.420 near threshold
    TV-NFP-High-Low-Levels: 0.420 near threshold
    VWAPMR-MCL-Short: 0.400 near threshold

  CROWDING DIAGNOSTICS
  -------------------------------------------------------
  Exposure: OK (max 2 in trend_persistence)
  ! Asset [MGC]: 3 active — BB-EQ-MGC-Long, ORB-MGC-Long, PB-MGC-Short
  Family: OK (max 2 in pullback)
  Session: OK (max 3 in morning)

  SESSION RESTRICTIONS
  -------------------------------------------------------
  ! XB-PB-EMA-MES-Short: [REDUCE] midday — Degraded in midday (WR delta +18.0%)
  ! XB-PB-EMA-MES-Short: [REDUCE] afternoon — Degraded in afternoon (WR delta +27.6%)
  ! BB-EQ-MGC-Long: [REDUCE] midday — Degraded in midday (WR delta +10.0%)
  ! BB-EQ-MGC-Long: [BLOCK] afternoon — Edge broken in afternoon (WR delta -30.0%, PnL ratio -0.22)
  ! ORB-MGC-Long: [BLOCK] midday — Edge broken in midday (WR delta +1.4%, PnL ratio 0.08)

  WARNINGS
  -------------------------------------------------------
  ! XB-PB-EMA-MES-Short: Session drift detected — degraded in one or more sessions
  ! XB-PB-EMA-MES-Short: Morning session concentration >60% — diversification risk
  ! ORB-MGC-Long: Session drift ALARM — edge broken in one or more sessions
  ! ORB-MGC-Long: Morning session concentration >60% — diversification risk
  ! BB-EQ-MGC-Long: Session drift ALARM — edge broken in one or more sessions
  ! BB-EQ-MGC-Long: Morning session concentration >60% — diversification risk
  ! PB-MGC-Short: Current regime in avoid list
  ! PB-MGC-Short: Morning session concentration >60% — diversification risk
  ! ORBEnh-M2K-Short: Edge decaying: HL status=ARCHIVE_CANDIDATE
  ! VWAPMR-MCL-Short: Edge decaying: HL status=ARCHIVE_CANDIDATE
  ! RangeExpansion: Kill flags: decay
  ! TV-NFP-High-Low-Levels: Edge decaying: HL status=ARCHIVE_CANDIDATE

  SUB-SCORE BREAKDOWN
  -------------------------------------------------------
  Strategy               regime_ half_li contrib redunda  health kill_cr session time_of asset_f recent_
  ------------------------------------------------------------------------------------------------
  XB-PB-EMA-MES-Short       0.60    1.00    1.00    0.70    0.00    1.00    0.25    0.50    1.00    1.00
  BB-EQ-MGC-Long            0.60    1.00    0.70    0.70    0.00    1.00    0.00    1.00    1.00    1.00
  PreFOMC-Drift-Equity      0.40    1.00    0.40    1.00    0.00    1.00    0.70    1.00    1.00    1.00
  NoiseBoundary-MNQ-...     0.40    1.00    0.70    0.20    0.00    1.00    0.70    1.00    1.00    1.00
  ORB-MGC-Long              0.60    1.00    0.40    0.70    0.00    1.00    0.00    0.50    1.00    1.00
  PB-MGC-Short              0.00    1.00    0.70    0.70    0.00    1.00    0.85    0.50    1.00    1.00
  MomPB-6J-Long-US          0.40    0.50    0.40    1.00    0.00    1.00    0.70    1.00    1.00    0.00
  MomPB-6E-Long-US          0.40    0.50    0.40    1.00    0.00    1.00    0.70    1.00    1.00    0.00
  DailyTrend-MGC-Long       0.40    0.50    0.40    1.00    0.00    1.00    0.70    1.00    1.00    0.00
  Commodity-TermStru...     0.40    0.50    0.40    1.00    0.00    1.00    0.70    1.00    1.00    0.00
  VolManaged-EquityI...     0.40    0.50    0.40    1.00    0.00    1.00    0.70    1.00    1.00    0.00
  Treasury-Rolldown-...     0.40    0.50    0.40    1.00    0.00    1.00    0.70    1.00    1.00    0.00
  RangeExpansion            0.40    0.50    0.40    1.00    0.00    0.40    0.70    1.00    1.00    0.00
  ORBEnh-M2K-Short          1.00    0.00    0.40    0.70    0.00    1.00    0.70    0.50    1.00    0.00
  TV-NFP-High-Low-Le...     0.40    0.00    0.40    1.00    0.00    1.00    0.70    1.00    1.00    1.00
  VWAPMR-MCL-Short          0.40    0.00    0.40    0.70    0.00    1.00    0.70    0.50    1.00    0.00

  REASON CODES (per strategy)
  -------------------------------------------------------
  XB-PB-EMA-MES-Short
    REGIME_MATCH_MODERATE: Current regime partially matches strategy niche
    HALF_LIFE_STRENGTHENING: Edge metrics improving in recent windows
    PORTFOLIO_ADDS_VALUE: Strategy improves portfolio Sharpe/Calmar
    HEALTH_FAIL: Health check failures — data or config issue
    SESSION_DRIFT_DEGRADED: Session-specific edge degradation — deployment restricted
    SESSION_CONCENTRATION: Portfolio trade volume concentrated in one session window
    TIME_WINDOW_PARTIAL: Current session in allowed but not preferred window
  BB-EQ-MGC-Long
    REGIME_MATCH_MODERATE: Current regime partially matches strategy niche
    HALF_LIFE_STRENGTHENING: Edge metrics improving in recent windows
    PORTFOLIO_ADDS_VALUE: Strategy improves portfolio Sharpe/Calmar
    HEALTH_FAIL: Health check failures — data or config issue
    SESSION_DRIFT_BROKEN: Session edge structurally broken — block deployment in affected session
    SESSION_CONCENTRATION: Portfolio trade volume concentrated in one session window
  PreFOMC-Drift-Equity
    REGIME_MATCH_LOW: Current regime weakly aligns with strategy
    HALF_LIFE_STRENGTHENING: Edge metrics improving in recent windows
    PORTFOLIO_NEUTRAL: Marginal contribution near zero
    HEALTH_FAIL: Health check failures — data or config issue
  NoiseBoundary-MNQ-Long
    REGIME_MATCH_LOW: Current regime weakly aligns with strategy
    HALF_LIFE_STRENGTHENING: Edge metrics improving in recent windows
    PORTFOLIO_ADDS_VALUE: Strategy improves portfolio Sharpe/Calmar
    REDUNDANT_CLUSTER: High overlap with another active strategy in same cluster
    HEALTH_FAIL: Health check failures — data or config issue
  ORB-MGC-Long
    REGIME_MATCH_MODERATE: Current regime partially matches strategy niche
    HALF_LIFE_STRENGTHENING: Edge metrics improving in recent windows
    PORTFOLIO_NEUTRAL: Marginal contribution near zero
    HEALTH_FAIL: Health check failures — data or config issue
    SESSION_DRIFT_BROKEN: Session edge structurally broken — block deployment in affected session
    SESSION_CONCENTRATION: Portfolio trade volume concentrated in one session window
    TIME_WINDOW_PARTIAL: Current session in allowed but not preferred window
  PB-MGC-Short
    REGIME_MISMATCH: Current regime does not match strategy specialization
    HALF_LIFE_STRENGTHENING: Edge metrics improving in recent windows
    PORTFOLIO_ADDS_VALUE: Strategy improves portfolio Sharpe/Calmar
    HEALTH_FAIL: Health check failures — data or config issue
    SESSION_CONCENTRATION: Portfolio trade volume concentrated in one session window
    TIME_WINDOW_PARTIAL: Current session in allowed but not preferred window
  MomPB-6J-Long-US
    REGIME_MATCH_LOW: Current regime weakly aligns with strategy
    PORTFOLIO_NEUTRAL: Marginal contribution near zero
    HEALTH_FAIL: Health check failures — data or config issue
    RECENT_COLLAPSE: Short-window performance severely deteriorated
  MomPB-6E-Long-US
    REGIME_MATCH_LOW: Current regime weakly aligns with strategy
    PORTFOLIO_NEUTRAL: Marginal contribution near zero
    HEALTH_FAIL: Health check failures — data or config issue
    RECENT_COLLAPSE: Short-window performance severely deteriorated
  DailyTrend-MGC-Long
    REGIME_MATCH_LOW: Current regime weakly aligns with strategy
    PORTFOLIO_NEUTRAL: Marginal contribution near zero
    HEALTH_FAIL: Health check failures — data or config issue
    RECENT_COLLAPSE: Short-window performance severely deteriorated
  Commodity-TermStructure-Carry-EnergyMetals
    REGIME_MATCH_LOW: Current regime weakly aligns with strategy
    PORTFOLIO_NEUTRAL: Marginal contribution near zero
    HEALTH_FAIL: Health check failures — data or config issue
    RECENT_COLLAPSE: Short-window performance severely deteriorated
  VolManaged-EquityIndex-Futures
    REGIME_MATCH_LOW: Current regime weakly aligns with strategy
    PORTFOLIO_NEUTRAL: Marginal contribution near zero
    HEALTH_FAIL: Health check failures — data or config issue
    RECENT_COLLAPSE: Short-window performance severely deteriorated
  Treasury-Rolldown-Carry-Spread
    REGIME_MATCH_LOW: Current regime weakly aligns with strategy
    PORTFOLIO_NEUTRAL: Marginal contribution near zero
    HEALTH_FAIL: Health check failures — data or config issue
    RECENT_COLLAPSE: Short-window performance severely deteriorated
  RangeExpansion
    REGIME_MATCH_LOW: Current regime weakly aligns with strategy
    PORTFOLIO_NEUTRAL: Marginal contribution near zero
    HEALTH_FAIL: Health check failures — data or config issue
    KILL_TRIGGER_SOFT: Soft kill warning — one criterion flagged
    RECENT_COLLAPSE: Short-window performance severely deteriorated
  ORBEnh-M2K-Short
    REGIME_MATCH_HIGH: Current regime strongly matches strategy specialization
    HALF_LIFE_DEAD: Edge has collapsed — no viable signal remaining
    PORTFOLIO_NEUTRAL: Marginal contribution near zero
    HEALTH_FAIL: Health check failures — data or config issue
    TIME_WINDOW_PARTIAL: Current session in allowed but not preferred window
    RECENT_COLLAPSE: Short-window performance severely deteriorated
  TV-NFP-High-Low-Levels
    REGIME_MATCH_LOW: Current regime weakly aligns with strategy
    HALF_LIFE_DEAD: Edge has collapsed — no viable signal remaining
    PORTFOLIO_NEUTRAL: Marginal contribution near zero
    HEALTH_FAIL: Health check failures — data or config issue
  VWAPMR-MCL-Short
    REGIME_MATCH_LOW: Current regime weakly aligns with strategy
    HALF_LIFE_DEAD: Edge has collapsed — no viable signal remaining
    PORTFOLIO_NEUTRAL: Marginal contribution near zero
    HEALTH_FAIL: Health check failures — data or config issue
    TIME_WINDOW_PARTIAL: Current session in allowed but not preferred window
    RECENT_COLLAPSE: Short-window performance severely deteriorated

===========================================================================
  [    SUCCESS] daily_activation_matrix
  Running daily_decision_report...
  [    SUCCESS] daily_decision_report
  Running daily_drift_monitor...

===========================================================================
  FQL LIVE DRIFT MONITOR
  2026-03-18 17:53
  Overall: NORMAL
===========================================================================

  Forward period: 304 days, 391 trades

  PORTFOLIO DRIFT
  -------------------------------------------------------
  Metric                   Baseline       Live      Delta   Status
  --------------------------------------------------------------
    win_rate                  0.499      0.499     -0.000   NORMAL
    trade_frequency            1.10       1.29     +1.170   NORMAL
    expectancy               $41.89     $41.89     +1.000   NORMAL
    profit_factor             2.110      2.110              NORMAL
    sharpe                    4.040      3.560              NORMAL

  PAYOFF STRUCTURE
  -------------------------------------------------------
  Avg winner:  baseline $159.38  |  live $159.38
  Avg loser:   baseline $-75.01  |  live $-75.01

  STRATEGY DRIFT
  -------------------------------------------------------
  Strategy                     Trades     WR Δ  PnL ratio   Status
  --------------------------------------------------------------
    VWAP-MNQ-Long                 163   +0.000      1.00x   NORMAL
    XB-PB-EMA-MES-Short            88   -0.000      1.00x   NORMAL
    ORB-MGC-Long                   62   -0.000      1.00x   NORMAL
    Donchian-MNQ-Long-GRINDING     47   +0.000      1.00x   NORMAL
    BB-EQ-MGC-Long                 22   +0.000      1.00x   NORMAL
    PB-MGC-Short                    9   -0.000      1.00x   NORMAL

  REGIME-SPECIFIC PERFORMANCE
  -------------------------------------------------------
  HIGH_VOL        174d  avg $   42.24/day  total $ 7350.33  pos_rate 43%
  LOW_VOL         84d  avg $   47.71/day  total $ 4007.58  pos_rate 46%
  NORMAL          128d  avg $   39.22/day  total $ 5020.00  pos_rate 37%

  SESSION / TIME-OF-DAY DRIFT
  -------------------------------------------------------
  Session      Trades   Share      WR    Avg PnL      PF   Status
  -----------------------------------------------------------
    morning       247    63%  49.4% $   53.23   2.29   NORMAL
    midday        114    29%  51.8% $   22.65   1.68   NORMAL
    afternoon      30     8%  46.7% $   21.60   1.91   NORMAL

  Strategy session drift flags:
  ! VWAP-MNQ-Long [midday]: WR 42% (delta +0.5%), avg $14.38, 64 trades — DRIFT
  !!VWAP-MNQ-Long [afternoon]: WR 14% (delta -27.4%), avg $-40.88, 7 trades — ALARM
  ! XB-PB-EMA-MES-Short [midday]: WR 74% (delta +18.0%), avg $62.90, 19 trades — DRIFT
  ! XB-PB-EMA-MES-Short [afternoon]: WR 83% (delta +27.6%), avg $48.13, 6 trades — DRIFT
  !!ORB-MGC-Long [midday]: WR 58% (delta +1.4%), avg $3.55, 19 trades — ALARM
  ! BB-EQ-MGC-Long [midday]: WR 60% (delta +10.0%), avg $-1.84, 5 trades — DRIFT
  !!BB-EQ-MGC-Long [afternoon]: WR 20% (delta -30.0%), avg $-26.84, 5 trades — ALARM
  ! morning has 63% of all trades — concentration risk

  DRIFT ALERTS
  -------------------------------------------------------
  ! [DRIFT] VWAP-MNQ-Long: midday session drifting from baseline
  !![ALARM] VWAP-MNQ-Long: afternoon edge degrading (WR delta -27.4%)
  ! [DRIFT] XB-PB-EMA-MES-Short: midday session drifting from baseline
  ! [DRIFT] XB-PB-EMA-MES-Short: afternoon session drifting from baseline
  !![ALARM] ORB-MGC-Long: midday edge degrading (WR delta +1.4%)
  ! [DRIFT] BB-EQ-MGC-Long: midday session drifting from baseline
  !![ALARM] BB-EQ-MGC-Long: afternoon edge degrading (WR delta -30.0%)
  ! [DRIFT] morning has 63% of all trades — concentration risk

===========================================================================
  [    SUCCESS] daily_drift_monitor

Done: 6 success, 0 errors, 0 skipped
--- Daily pipeline exited with code 0 ---

=== All jobs completed successfully - Wed Mar 18 17:53:02 PDT 2026 ===
