=== FQL Operator Digest - Mon Apr  6 18:00:04 PDT 2026 ===
PID: 20971 | Repo: /Users/chasefisher/projects/Algo Trading/algo-lab

--- Refreshing alerts ---
# FQL Alerts
*2026-04-06 18:00*

**2 ALERT**

## Probation

!! [ALERT] [ESCALATED from WARN x8] MomPB-6J-Long-US: under-evidenced — ratio 0.00 (0 vs 5 expected)
   Action: Monitor — may need investigation if ratio stays low

## Harvest

!! [ALERT] [ESCALATED from WARN x8] youtube helper produced 0 leads on last run (2026-04-06)
   Action: Check scripts/fetch_youtube_leads.* for errors


  Saved to: /Users/chasefisher/openclaw-intake/inbox/_alerts.md
--- Health check ---
# FQL System Health
*2026-04-06 18:00:05*

## Overall: DEGRADED — NEEDS ATTENTION

| Component | Status | Detail |
|-----------|--------|--------|
| Gateway | HEALTHY | PID 58793, health OK |
| Watchdog | HEALTHY | Last run 5m ago |
| Claw loop | HEALTHY | Last run 3m ago |
| Forward day | HEALTHY | Last run 13h ago |
| Daily pipeline | HEALTHY | Ran today (daily_run_20260406_1730.log) |
| Source helpers | HEALTHY | Last run 2026-04-06: 65 leads (0d ago) |
| Reports | HEALTHY | All reports fresh |
| Alerts | DEGRADED | 2 ALERT, 0 ACTION, 0 WARN |
| Recovery | HEALTHY | 2 recovery action(s) today — self-healing worked |
--- Generating operator digest ---
# FQL Daily Digest
*Monday, 2026-04-06 18:00*

**All systems nominal. No operator action required.**

## State Changes

  ++ [health] Forward Runner: STALE -> HEALTHY

## Active Alerts

  [ALERT] [ESCALATED from WARN x9] youtube helper produced 0 leads on last run (2026-04-06)
  Action: Check scripts/fetch_youtube_leads.* for errors
  [ALERT] [ESCALATED from WARN x9] MomPB-6J-Long-US: under-evidenced — ratio 0.00 (0 vs 5 expected)
  Action: Monitor — may need investigation if ratio stays low

## Status

  Health: Gateway: HEALTHY | Claw Loop: HEALTHY | Watchdog: HEALTHY | Forward Runner: HEALTHY
  Forward trades: 58 total, 0 today

---
*Full reports: _alerts.md, _operator_brief.md, _probation_scoreboard.md, _portfolio_gap_dashboard.md*

  Saved to: /Users/chasefisher/openclaw-intake/inbox/_daily_digest.md

=== Digest completed successfully - Mon Apr  6 18:00:06 PDT 2026 ===
