=== FQL Operator Digest - Fri Apr 10 18:00:05 PDT 2026 ===
PID: 61300 | Repo: /Users/chasefisher/projects/Algo Trading/algo-lab

--- Refreshing alerts ---
# FQL Alerts
*2026-04-10 18:00*

**2 ALERT**

## Probation

!! [ALERT] [ESCALATED from WARN x16] MomPB-6J-Long-US: under-evidenced — ratio 0.00 (0 vs 6 expected)
   Action: Monitor — may need investigation if ratio stays low

## Infrastructure

!! [ALERT] 5 recovery actions today — system may be unstable
   Action: Check watchdog logs and service health


  Saved to: /Users/chasefisher/openclaw-intake/inbox/_alerts.md
--- Health check ---
# FQL System Health
*2026-04-10 18:00:06*

## Overall: DEGRADED — NEEDS ATTENTION

| Component | Status | Detail |
|-----------|--------|--------|
| Gateway | HEALTHY | PID 36160, health OK |
| Watchdog | HEALTHY | Last run 2m ago |
| Claw loop | HEALTHY | Last run 27m ago |
| Forward day | HEALTHY | Last run 1h ago |
| Daily pipeline | HEALTHY | Ran today (daily_run_20260410_1730.log) |
| Source helpers | HEALTHY | Last run 2026-04-09: 77 leads (1d ago) |
| Reports | HEALTHY | All reports fresh |
| Alerts | DEGRADED | 2 ALERT, 0 ACTION, 0 WARN |
| Recovery | DEGRADED | 5 recovery actions today — possible instability |
--- Generating operator digest ---
# FQL Daily Digest
*Friday, 2026-04-10 18:00*

**1 item(s) need attention.**

## State Changes

  ++ [alerts] ALERT: 3 -> 2 (resolved 1)
  ++ [recovery] CLEARED: gateway recovered after 2 failure(s)
  !! [dormant] Harvest backlog: 130 -> 143 (+13)

## Active Alerts

  [ALERT] [ESCALATED from WARN x17] MomPB-6J-Long-US: under-evidenced — ratio 0.00 (0 vs 6 expected)
  Action: Monitor — may need investigation if ratio stays low
  [ALERT] 5 recovery actions today — system may be unstable
  Action: Check watchdog logs and service health

## Status

  Health: Gateway: HEALTHY | Claw Loop: HEALTHY | Watchdog: HEALTHY | Forward Runner: HEALTHY
  Forward trades: 69 total, 0 today
  Dormant: registry ideas: 63 | harvest notes: 143

---
*Full reports: _alerts.md, _operator_brief.md, _probation_scoreboard.md, _portfolio_gap_dashboard.md*

  Saved to: /Users/chasefisher/openclaw-intake/inbox/_daily_digest.md

=== Digest completed successfully - Fri Apr 10 18:00:07 PDT 2026 ===
