=== FQL Operator Digest - Tue Apr  7 18:00:05 PDT 2026 ===
PID: 78172 | Repo: /Users/chasefisher/projects/Algo Trading/algo-lab

--- Refreshing alerts ---
# FQL Alerts
*2026-04-07 18:00*

**2 ALERT**

## Probation

!! [ALERT] [ESCALATED from WARN x12] MomPB-6J-Long-US: under-evidenced — ratio 0.00 (0 vs 5 expected)
   Action: Monitor — may need investigation if ratio stays low

## Harvest

!! [ALERT] [ESCALATED from WARN x12] youtube helper produced 0 leads on last run (2026-04-06)
   Action: Check scripts/fetch_youtube_leads.* for errors


  Saved to: /Users/chasefisher/openclaw-intake/inbox/_alerts.md
--- Health check ---
# FQL System Health
*2026-04-07 18:00:06*

## Overall: DEGRADED — NEEDS ATTENTION

| Component | Status | Detail |
|-----------|--------|--------|
| Gateway | HEALTHY | PID 58793, health OK |
| Watchdog | HEALTHY | Last run 1m ago |
| Claw loop | HEALTHY | Last run 2m ago |
| Forward day | HEALTHY | Last run 1h ago |
| Daily pipeline | HEALTHY | Ran today (daily_run_20260407_1730.log) |
| Source helpers | HEALTHY | Last run 2026-04-06: 65 leads (1d ago) |
| Reports | HEALTHY | All reports fresh |
| Alerts | DEGRADED | 2 ALERT, 0 ACTION, 0 WARN |
| Recovery | HEALTHY | 0 recovery actions today |
--- Generating operator digest ---
# FQL Daily Digest
*Tuesday, 2026-04-07 18:00*

**All systems nominal. No operator action required.**

## Decision Memos

### [REVIEW] Energy gap unfilled for 4+ weekly cycles
- **What changed:** Energy slot at 0 strategies for 4 cycles
- **Why it matters:** MCL settlement + HV percentile both rejected. Need fundamentally different approach.
- **Options:** Adjust Claw targeting toward EIA/seasonal/spread ideas | Accept gap temporarily

## Status

  Health: Gateway: HEALTHY | Claw Loop: HEALTHY | Watchdog: HEALTHY | Forward Runner: HEALTHY
  Forward trades: 63 total, 0 today

---
*Full reports: _alerts.md, _operator_brief.md, _probation_scoreboard.md, _portfolio_gap_dashboard.md*

  Saved to: /Users/chasefisher/openclaw-intake/inbox/_daily_digest.md

=== Digest completed successfully - Tue Apr  7 18:00:07 PDT 2026 ===
