=== FQL Forward Day - Tue Mar 31 17:22:01 PDT 2026 ===
PID: 46568 | Repo: /Users/chasefisher/projects/Algo Trading/algo-lab

--- Step 1: Updating market data ---
============================================================
  INCREMENTAL DATA UPDATE
============================================================

  MES: last bar = 2026-03-26 19:55:00

  MNQ: last bar = 2026-03-26 19:55:00

  MGC: last bar = 2026-03-26 19:55:00

  M2K: last bar = 2026-03-26 19:55:00

  MCL: last bar = 2026-03-26 19:55:00

  ZN: last bar = 2026-03-26 19:55:00

  ZB: last bar = 2026-03-26 19:55:00

  ZF: last bar = 2026-03-26 13:35:00

  6E: last bar = 2026-03-26 19:50:00

  6J: last bar = 2026-03-26 19:50:00

  6B: last bar = 2026-03-26 19:50:00
  Fetching MES from 2026-03-26T18:55:00 to 2026-03-31...
  MES: ERROR — HTTPSConnectionPool(host='hist.databento.com', port=443): Max retries exceeded with url: /v0/timeseries.get_range (Caused by NameResolutionError("HTTPSConnection(host='hist.databento.com', port=443): Failed to resolve 'hist.databento.com' ([Errno 8] nodename nor servname provided, or not known)"))
  Fetching MNQ from 2026-03-26T18:55:00 to 2026-03-31...
  MNQ: ERROR — HTTPSConnectionPool(host='hist.databento.com', port=443): Max retries exceeded with url: /v0/timeseries.get_range (Caused by NameResolutionError("HTTPSConnection(host='hist.databento.com', port=443): Failed to resolve 'hist.databento.com' ([Errno 8] nodename nor servname provided, or not known)"))
  Fetching MGC from 2026-03-26T18:55:00 to 2026-03-31...
  MGC: ERROR — HTTPSConnectionPool(host='hist.databento.com', port=443): Max retries exceeded with url: /v0/timeseries.get_range (Caused by NameResolutionError("HTTPSConnection(host='hist.databento.com', port=443): Failed to resolve 'hist.databento.com' ([Errno 8] nodename nor servname provided, or not known)"))
  Fetching M2K from 2026-03-26T18:55:00 to 2026-03-31...
  M2K: ERROR — HTTPSConnectionPool(host='hist.databento.com', port=443): Max retries exceeded with url: /v0/timeseries.get_range (Caused by NameResolutionError("HTTPSConnection(host='hist.databento.com', port=443): Failed to resolve 'hist.databento.com' ([Errno 8] nodename nor servname provided, or not known)"))
  Fetching MCL from 2026-03-26T18:55:00 to 2026-03-31...
  MCL: ERROR — HTTPSConnectionPool(host='hist.databento.com', port=443): Max retries exceeded with url: /v0/timeseries.get_range (Caused by NameResolutionError("HTTPSConnection(host='hist.databento.com', port=443): Failed to resolve 'hist.databento.com' ([Errno 8] nodename nor servname provided, or not known)"))
  Fetching ZN from 2026-03-26T18:55:00 to 2026-03-31...
  ZN: ERROR — HTTPSConnectionPool(host='hist.databento.com', port=443): Max retries exceeded with url: /v0/timeseries.get_range (Caused by NameResolutionError("HTTPSConnection(host='hist.databento.com', port=443): Failed to resolve 'hist.databento.com' ([Errno 8] nodename nor servname provided, or not known)"))
  Fetching ZB from 2026-03-26T18:55:00 to 2026-03-31...
  ZB: ERROR — HTTPSConnectionPool(host='hist.databento.com', port=443): Max retries exceeded with url: /v0/timeseries.get_range (Caused by NameResolutionError("HTTPSConnection(host='hist.databento.com', port=443): Failed to resolve 'hist.databento.com' ([Errno 8] nodename nor servname provided, or not known)"))
  Fetching ZF from 2026-03-26T12:35:00 to 2026-03-31...
  ZF: ERROR — HTTPSConnectionPool(host='hist.databento.com', port=443): Max retries exceeded with url: /v0/timeseries.get_range (Caused by NameResolutionError("HTTPSConnection(host='hist.databento.com', port=443): Failed to resolve 'hist.databento.com' ([Errno 8] nodename nor servname provided, or not known)"))
  Fetching 6E from 2026-03-26T18:50:00 to 2026-03-31...
  6E: ERROR — HTTPSConnectionPool(host='hist.databento.com', port=443): Max retries exceeded with url: /v0/timeseries.get_range (Caused by NameResolutionError("HTTPSConnection(host='hist.databento.com', port=443): Failed to resolve 'hist.databento.com' ([Errno 8] nodename nor servname provided, or not known)"))
  Fetching 6J from 2026-03-26T18:50:00 to 2026-03-31...
  6J: ERROR — HTTPSConnectionPool(host='hist.databento.com', port=443): Max retries exceeded with url: /v0/timeseries.get_range (Caused by NameResolutionError("HTTPSConnection(host='hist.databento.com', port=443): Failed to resolve 'hist.databento.com' ([Errno 8] nodename nor servname provided, or not known)"))
  Fetching 6B from 2026-03-26T18:50:00 to 2026-03-31...
  6B: ERROR — HTTPSConnectionPool(host='hist.databento.com', port=443): Max retries exceeded with url: /v0/timeseries.get_range (Caused by NameResolutionError("HTTPSConnection(host='hist.databento.com', port=443): Failed to resolve 'hist.databento.com' ([Errno 8] nodename nor servname provided, or not known)"))

============================================================
  Update complete. State saved to: state/data_update_state.json
============================================================

--- Step 2: Running forward paper trading ---
======================================================================
  FORWARD PAPER TRADING — SMOKE TEST
  2026-03-31 17:22:04
======================================================================
  Loaded account state (last run: 2026-03-27 17:06:03)

  Checking for new data...
    6E: last processed = 2026-03-26 19:50:00
    6E: 0 new 5m bars
    6J: last processed = 2026-03-26 19:50:00
    6J: 0 new 5m bars
    M2K: last processed = 2026-03-26 19:55:00
    M2K: 0 new 5m bars
    MCL: last processed = 2026-03-26 19:55:00
    MCL: 0 new 5m bars
    MES: last processed = 2026-03-26 19:55:00
    MES: 0 new 5m bars
    MGC: last processed = 2026-03-26 19:55:00
    MGC: 0 new 5m bars
    MNQ: last processed = 2026-03-26 19:55:00
    MNQ: 0 new 5m bars
    ZN: last processed = 2026-03-26 19:55:00
    ZN: 0 new 5m bars
    multi: SKIP (no data or asset config)

  No new bars to process. Data is current.
  Run scripts/update_daily_data.py to fetch new data.

--- Step 3: Refreshing alerts + brief ---
# FQL Alerts
*2026-03-31 17:26*

**2 ALERT | 6 WARN**

## Probation

** [WARN] DailyTrend-MGC-Long: under-evidenced — ratio 0.00 (0 vs 1 expected)
   Action: Monitor — may need investigation if ratio stays low

## Harvest

!! [ALERT] [ESCALATED from WARN x4] Possible closed-family match in 2026-03-26_08_london_preopen_currency_futures_breakout.md: 'breakout x morning equity'
   Action: Review note — reject if it doesn't address the prior failure mode

!! [ALERT] [ESCALATED from WARN x4] Possible closed-family match in 2026-03-26_01_nq_overnight_range_regime_filter.md: 'breakout x morning equity'
   Action: Review note — reject if it doesn't address the prior failure mode

** [WARN] github helper produced 0 leads on last run (2026-03-30)
   Action: Check scripts/fetch_github_leads.* for errors

** [WARN] reddit helper produced 0 leads on last run (2026-03-30)
   Action: Check scripts/fetch_reddit_leads.* for errors

** [WARN] youtube helper produced 0 leads on last run (2026-03-30)
   Action: Check scripts/fetch_youtube_leads.* for errors

** [WARN] blog helper produced 0 leads on last run (2026-03-30)
   Action: Check scripts/fetch_blog_leads.* for errors

** [WARN] digest helper produced 0 leads on last run (2026-03-30)
   Action: Check scripts/fetch_digest_leads.* for errors


  Saved to: /Users/chasefisher/openclaw-intake/inbox/_alerts.md
# FQL Operator Brief
*Tuesday, 2026-03-31 18:27*

## System Health

- Gateway: OK
- Claw loop: **STALE (243m)**
- Recovery actions today: 2
- **Backoff active:** claw_loop=2

## Active Alerts

!! [ALERT] [ESCALATED from WARN x4] Possible closed-family match in 2026-03-26_08_london_preopen_currency_futures_breakout.md: 'breakout x morning equity'
  Action: Review note — reject if it doesn't address the prior failure mode
!! [ALERT] [ESCALATED from WARN x4] Possible closed-family match in 2026-03-26_01_nq_overnight_range_regime_filter.md: 'breakout x morning equity'
  Action: Review note — reject if it doesn't address the prior failure mode

## Forward Evidence

No new trades today or yesterday.

Equity: $49,182 | DD from HWM: $818 | Cumulative PnL: $-818

## Probation & Challengers

**Under-evidenced (1):** fewer trades than expected
  - DailyTrend-MGC-Long: 0 trades (2w/16w)
**On track (2):** evidence accumulating as expected
  - NoiseBoundary-MNQ-Long: 5 trades, $-691 (2w/16w)
  - VolManaged-EquityIndex-Futures: 8 trades, $+0 (2w/12w)
**Healthy/slow (1):** sparse cadence, patience required
  - PreFOMC-Drift-Equity: 0 trades (2w/24w)
**Too early (4):** entered recently, no judgment yet
  - MomPB-6J-Long-US: 0 trades (2w/16w)
  - TV-NFP-High-Low-Levels: 0 trades (2w/24w)
  - Treasury-Rolldown-Carry-Spread: 0 trades (2w/48w)
  - ZN-Afternoon-Reversion: 0 trades (2w/24w)
**Edge health flags (1):**
  - TV-NFP-High-Low-Levels: half-life ARCHIVE_CANDIDATE

## Today's Attention

- **VolManaged-Equity:** Check that daily weight-adjusted positions are
  generating. First days confirm signal replication in forward runner.
- **ZN-Afternoon-Rev:** Expect ~1 trade this week. Zero is normal;
  check signal log for afternoon ZN bar availability.
- **Treasury-Rolldown:** Leave alone until ~March 31 (next monthly rebalance).

## Decisions Needed

- **Harvest backlog:** 74 notes pending — intake needed

---
*Detail reports: _probation_scoreboard.md, _challenger_stack_review.md,*
*_rates_challenger_review.md, _portfolio_gap_dashboard.md, _recovery_status.md*

  Saved to: /Users/chasefisher/openclaw-intake/inbox/_operator_brief.md

=== Forward day completed successfully - Tue Mar 31 18:27:23 PDT 2026 ===
