=== FQL Forward Day - Mon Apr  6 17:00:04 PDT 2026 ===
PID: 18590 | Repo: /Users/chasefisher/projects/Algo Trading/algo-lab

--- Step 1: Updating market data ---
============================================================
  INCREMENTAL DATA UPDATE
============================================================

  MES: last bar = 2026-04-05 19:55:00

  MNQ: last bar = 2026-04-05 19:55:00

  MGC: last bar = 2026-04-02 16:05:00

  M2K: last bar = 2026-04-05 19:55:00

  MCL: last bar = 2026-04-05 19:55:00

  ZN: last bar = 2026-04-05 19:55:00

  ZB: last bar = 2026-04-05 19:55:00

  ZF: last bar = 2026-04-05 19:55:00

  6E: last bar = 2026-04-05 19:50:00

  6J: last bar = 2026-04-05 18:05:00

  6B: last bar = 2026-04-05 18:45:00
  Fetching MES from 2026-04-05T18:55:00 to 2026-04-06...
  MES: +0 new 5m bars (now through 2026-04-05 19:55:00)
  Fetching MNQ from 2026-04-05T18:55:00 to 2026-04-06...
  MNQ: +0 new 5m bars (now through 2026-04-05 19:55:00)
  Fetching MGC from 2026-04-02T15:05:00 to 2026-04-06...
  MGC: +0 new 5m bars (now through 2026-04-02 16:05:00)
  Fetching M2K from 2026-04-05T18:55:00 to 2026-04-06...
  M2K: +0 new 5m bars (now through 2026-04-05 19:55:00)
  Fetching MCL from 2026-04-05T18:55:00 to 2026-04-06...
  MCL: +0 new 5m bars (now through 2026-04-05 19:55:00)
  Fetching ZN from 2026-04-05T18:55:00 to 2026-04-06...
  ZN: +0 new 5m bars (now through 2026-04-05 19:55:00)
  Fetching ZB from 2026-04-05T18:55:00 to 2026-04-06...
  ZB: +0 new 5m bars (now through 2026-04-05 19:55:00)
  Fetching ZF from 2026-04-05T18:55:00 to 2026-04-06...
  ZF: +0 new 5m bars (now through 2026-04-05 19:55:00)
  Fetching 6E from 2026-04-05T18:50:00 to 2026-04-06...
  6E: +0 new 5m bars (now through 2026-04-05 19:50:00)
  Fetching 6J from 2026-04-05T17:05:00 to 2026-04-06...
  6J: +0 new 5m bars (now through 2026-04-05 18:05:00)
  Fetching 6B from 2026-04-05T17:45:00 to 2026-04-06...
  6B: +0 new 5m bars (now through 2026-04-05 18:45:00)

============================================================
  Update complete. State saved to: state/data_update_state.json
============================================================

--- Step 2: Running forward paper trading ---
======================================================================
  FORWARD PAPER TRADING — SMOKE TEST
  2026-04-06 17:00:59
======================================================================
  Loaded account state (last run: 2026-04-06 05:09:52)

  Checking for new data...
    6E: last processed = 2026-04-05 19:50:00
    6E: 0 new 5m bars
    6J: last processed = 2026-04-05 18:05:00
    6J: 0 new 5m bars
    M2K: last processed = 2026-04-05 19:55:00
    M2K: 0 new 5m bars
    MCL: last processed = 2026-04-05 19:55:00
    MCL: 0 new 5m bars
    MES: last processed = 2026-04-05 19:55:00
    MES: 0 new 5m bars
    MGC: last processed = 2026-04-02 16:05:00
    MGC: 0 new 5m bars
    MNQ: last processed = 2026-04-05 19:55:00
    MNQ: 0 new 5m bars
    ZN: last processed = 2026-04-05 19:55:00
    ZN: 0 new 5m bars
    multi: SKIP (no data or asset config)

  No new bars to process. Data is current.
  Run scripts/update_daily_data.py to fetch new data.

--- Step 3: Refreshing alerts + brief ---
# FQL Alerts
*2026-04-06 17:01*

**2 ALERT**

## Probation

!! [ALERT] [ESCALATED from WARN x6] MomPB-6J-Long-US: under-evidenced — ratio 0.00 (0 vs 5 expected)
   Action: Monitor — may need investigation if ratio stays low

## Harvest

!! [ALERT] [ESCALATED from WARN x6] youtube helper produced 0 leads on last run (2026-04-06)
   Action: Check scripts/fetch_youtube_leads.* for errors


  Saved to: /Users/chasefisher/openclaw-intake/inbox/_alerts.md
# FQL Operator Brief
*Monday, 2026-04-06 17:01*

## System Health

- Gateway: OK
- Claw loop: OK (4m ago)
- Recovery actions today: 2
- Consecutive failures: 0

## Active Alerts

!! [ALERT] [ESCALATED from WARN x6] MomPB-6J-Long-US: under-evidenced — ratio 0.00 (0 vs 5 expected)
  Action: Monitor — may need investigation if ratio stays low
!! [ALERT] [ESCALATED from WARN x6] youtube helper produced 0 leads on last run (2026-04-06)
  Action: Check scripts/fetch_youtube_leads.* for errors

## Forward Evidence

Last 24h: 16 trades, $-114
  - XB-PB-EMA-MES-Short: short on MES, $-51
  - XB-PB-EMA-MES-Short: short on MES, $+0
  - ORB-MGC-Long: long on MGC, $+223
  - MomIgn-M2K-Short: short on M2K, $+34
  - TTMSqueeze-M2K-Short: short on M2K, $-72
  - NoiseBoundary-MNQ-Long: long on MNQ, $-249
  - NoiseBoundary-MNQ-Long: long on MNQ, $+234
  - NoiseBoundary-MNQ-Long: long on MNQ, $-233
  - VolManaged-EquityIndex-Futures: long on MES, $-0
  - VolManaged-EquityIndex-Futures: long on MES, $+0
  - VolManaged-EquityIndex-Futures: long on MES, $+0
  - VolManaged-EquityIndex-Futures: long on MES, $+0
  - VolManaged-EquityIndex-Futures: long on MES, $-0
  - VolManaged-EquityIndex-Futures: long on MES, $+0
  - VolManaged-EquityIndex-Futures: long on MES, $-0
  - VolManaged-EquityIndex-Futures: long on MES, $-0

Equity: $49,068 | DD from HWM: $932 | Cumulative PnL: $-932

## Probation & Challengers

**Under-evidenced (3):** fewer trades than expected
  - MomPB-6J-Long-US: 0 trades (3w/16w)
  - DailyTrend-MGC-Long: 0 trades (3w/16w)
  - ZN-Afternoon-Reversion: 0 trades (2w/24w)
**On track (2):** evidence accumulating as expected
  - NoiseBoundary-MNQ-Long: 8 trades, $-938 (3w/16w)
  - VolManaged-EquityIndex-Futures: 16 trades, $+0 (2w/12w)
**Healthy/slow (3):** sparse cadence, patience required
  - PreFOMC-Drift-Equity: 0 trades (3w/24w)
  - TV-NFP-High-Low-Levels: 0 trades (3w/24w)
  - Treasury-Rolldown-Carry-Spread: 0 trades (2w/48w)
**Edge health flags (1):**
  - TV-NFP-High-Low-Levels: half-life ARCHIVE_CANDIDATE

## Today's Attention

- **Monday intake:** Scan Claw harvest outputs, dedupe, tag, accept/reject
- **VolManaged-Equity:** Check that daily weight-adjusted positions are
  generating. First days confirm signal replication in forward runner.
- **ZN-Afternoon-Rev:** Expect ~1 trade this week. Zero is normal;
  check signal log for afternoon ZN bar availability.
- **Treasury-Rolldown:** Leave alone until ~March 31 (next monthly rebalance).

## Decisions Needed

- **Harvest backlog:** 83 notes pending — intake needed

---
*Detail reports: _probation_scoreboard.md, _challenger_stack_review.md,*
*_rates_challenger_review.md, _portfolio_gap_dashboard.md, _recovery_status.md*

  Saved to: /Users/chasefisher/openclaw-intake/inbox/_operator_brief.md

=== Forward day completed successfully - Mon Apr  6 17:01:08 PDT 2026 ===
