=== FQL Forward Day - Wed Apr  8 17:00:05 PDT 2026 ===
PID: 44655 | Repo: /Users/chasefisher/projects/Algo Trading/algo-lab

--- Step 1: Updating market data ---
============================================================
  INCREMENTAL DATA UPDATE
============================================================

  MES: last bar = 2026-04-06 19:55:00

  MNQ: last bar = 2026-04-06 19:55:00

  MGC: last bar = 2026-04-05 20:15:00

  M2K: last bar = 2026-04-06 19:55:00

  MCL: last bar = 2026-04-06 19:55:00

  ZN: last bar = 2026-04-06 19:55:00

  ZB: last bar = 2026-04-06 19:55:00

  ZF: last bar = 2026-04-06 19:55:00

  6E: last bar = 2026-04-06 16:55:00

  6J: last bar = 2026-04-06 16:00:00

  6B: last bar = 2026-04-06 04:25:00
  Fetching MES from 2026-04-06T18:55:00 to 2026-04-08...
  MES: +276 new 5m bars (now through 2026-04-07 19:55:00)
  Fetching MNQ from 2026-04-06T18:55:00 to 2026-04-08...
  MNQ: +276 new 5m bars (now through 2026-04-07 19:55:00)
  Fetching MGC from 2026-04-05T19:15:00 to 2026-04-08...
  MGC: +15 new 5m bars (now through 2026-04-07 15:35:00)
  Fetching M2K from 2026-04-06T18:55:00 to 2026-04-08...
  M2K: +276 new 5m bars (now through 2026-04-07 19:55:00)
  Fetching MCL from 2026-04-06T18:55:00 to 2026-04-08...
  MCL: +276 new 5m bars (now through 2026-04-07 19:55:00)
  Fetching ZN from 2026-04-06T18:55:00 to 2026-04-08...
  ZN: +276 new 5m bars (now through 2026-04-07 19:55:00)
  Fetching ZB from 2026-04-06T18:55:00 to 2026-04-08...
  ZB: +276 new 5m bars (now through 2026-04-07 19:55:00)
  Fetching ZF from 2026-04-06T18:55:00 to 2026-04-08...
  ZF: +274 new 5m bars (now through 2026-04-07 19:55:00)
  Fetching 6E from 2026-04-06T15:55:00 to 2026-04-08...
  6E: +94 new 5m bars (now through 2026-04-07 19:50:00)
  Fetching 6J from 2026-04-06T15:00:00 to 2026-04-08...
  6J: +50 new 5m bars (now through 2026-04-07 19:50:00)
  Fetching 6B from 2026-04-06T03:25:00 to 2026-04-08...
  6B: +7 new 5m bars (now through 2026-04-07 19:40:00)

============================================================
  Update complete. State saved to: state/data_update_state.json
============================================================

--- Step 2: Running forward paper trading ---
======================================================================
  FORWARD PAPER TRADING — SMOKE TEST
  2026-04-08 17:01:03
======================================================================
  Loaded account state (last run: 2026-04-07 17:06:32)

  Checking for new data...
    6E: last processed = 2026-04-06 16:55:00
    6E: 94 new 5m bars
    6J: last processed = 2026-04-06 16:00:00
    6J: 50 new 5m bars
    M2K: last processed = 2026-04-06 19:55:00
    M2K: 276 new 5m bars
    MCL: last processed = 2026-04-06 19:55:00
    MCL: 276 new 5m bars
    MES: last processed = 2026-04-06 19:55:00
    MES: 276 new 5m bars
    MGC: last processed = 2026-04-05 20:15:00
    MGC: 15 new 5m bars
    MNQ: last processed = 2026-04-06 19:55:00
    MNQ: 276 new 5m bars
    ZN: last processed = 2026-04-06 19:55:00
    ZN: 276 new 5m bars
    multi: SKIP (no data or asset config)

  Current regime: HIGH_VOL_TRENDING | RV=HIGH_RV | Persist=CHOPPY

  Running strategies on new bars...
    XB-PB-EMA-MES-Short: 0 new trades, PnL=$0
    ORB-MGC-Long: 0 new trades, PnL=$0
    BB-EQ-MGC-Long: 0 new trades, PnL=$0
    PB-MGC-Short: 0 new trades, PnL=$0
    MomIgn-M2K-Short: 0 new trades, PnL=$0
    CloseVWAP-M2K-Short: 0 new trades, PnL=$0
    TTMSqueeze-M2K-Short: 0 new trades, PnL=$0
    ORBEnh-M2K-Short: 0 new trades, PnL=$0
    VWAPMR-MCL-Short: 0 new trades, PnL=$0
    GapMom: SKIP (no data for asset 'multi')
    RangeExpansion: SKIP (no data for asset 'multi')
    NoiseBoundary-MNQ-Long: 0 new trades, PnL=$0
    MomPB-6J-Long-US: 0 new trades, PnL=$0
    FXBreak-6J-Short-London: 0 new trades, PnL=$0
    MomPB-6E-Long-US: 0 new trades, PnL=$0
    DailyTrend-MGC-Long: 0 new trades, PnL=$0
    PreFOMC-Drift-Equity: 0 new trades, PnL=$0
    TV-NFP-High-Low-Levels: 0 new trades, PnL=$0
    Commodity-TermStructure-Carry-EnergyMetals: SKIP (no data for asset 'multi')
    VolManaged-EquityIndex-Futures: 0 new trades, PnL=$0
    Treasury-Rolldown-Carry-Spread: 0 new trades, PnL=$0
    ZN-Afternoon-Reversion: 0 new trades, PnL=$0
    XB-ORB-EMA-Ladder-MNQ: 0 new trades, PnL=$0
    XB-ORB-EMA-Ladder-MCL: 1 new trades, PnL=$249
    VolManaged-EquityIndex-Futures: 1 daily contributions, PnL=$0 (always-in, weight-adjusted)

  Applying strategy controller...
    Trades: 2 raw → 2 after controller

======================================================================
  FORWARD PAPER TRADING REPORT
======================================================================

  Date:                2026-04-07
  Equity:              $49,005.13
  Daily PnL:           $+249.11
  Cumulative PnL:      $-994.87
  Trailing DD:         $994.87
  Equity HWM:          $50,000.00

  Signals generated:   1
  Trades (raw):        2
  Trades (controlled): 2

  Active strategies:
    - XB-PB-EMA-MES-Short
    - ORB-MGC-Long
    - BB-EQ-MGC-Long
    - PB-MGC-Short
    - MomIgn-M2K-Short
    - CloseVWAP-M2K-Short
    - TTMSqueeze-M2K-Short
    - ORBEnh-M2K-Short
    - VWAPMR-MCL-Short
    - GapMom
    - RangeExpansion
    - NoiseBoundary-MNQ-Long
    - MomPB-6J-Long-US
    - MomPB-6E-Long-US
    - DailyTrend-MGC-Long
    - Commodity-TermStructure-Carry-EnergyMetals
    - VolManaged-EquityIndex-Futures
    - Treasury-Rolldown-Carry-Spread
    - XB-ORB-EMA-Ladder-MNQ
    - XB-ORB-EMA-Ladder-MCL

  Controller regime:   HIGH_VOL_TRENDING
  RV regime:           HIGH_RV
  Persistence:         CHOPPY

  Kill Switch:         OK

  Last processed bars:
    6E: 2026-04-07 19:50:00
    6J: 2026-04-07 19:50:00
    M2K: 2026-04-07 19:55:00
    MCL: 2026-04-07 19:55:00
    MES: 2026-04-07 19:55:00
    MGC: 2026-04-07 15:35:00
    MNQ: 2026-04-07 19:55:00
    ZN: 2026-04-07 19:55:00

  Run count:           15
  Logs written to:     logs/
    - trade_log.csv
    - signal_log.csv
    - daily_report.csv

======================================================================
  SMOKE TEST PASSED
======================================================================

--- Step 3: Refreshing alerts + brief ---
# FQL Alerts
*2026-04-08 17:05*

**4 ALERT**

## Probation

!! [ALERT] [ESCALATED from WARN x4] MomPB-6J-Long-US: under-evidenced — ratio 0.00 (0 vs 6 expected)
   Action: Monitor — may need investigation if ratio stays low

## Harvest

!! [ALERT] [ESCALATED from WARN x17] youtube helper produced 0 leads on last run (2026-04-06)
   Action: Check scripts/fetch_youtube_leads.* for errors

!! [ALERT] [ESCALATED from WARN x4] Possible closed-family match in 2026-04-08_06_prelondon_tokyo_range_break_fx_session_effect.md: 'breakout x morning equity'
   Action: Review note — reject if it doesn't address the prior failure mode

!! [ALERT] [ESCALATED from WARN x4] Possible closed-family match in 2026-04-08_04_strong_auction_equity_relief_filter.md: 'cash_close_reversion x rates'
   Action: Review note — reject if it doesn't address the prior failure mode


  Saved to: /Users/chasefisher/openclaw-intake/inbox/_alerts.md
# FQL Operator Brief
*Wednesday, 2026-04-08 17:05*

## System Health

- Gateway: OK
- Claw loop: OK (5m ago)
- Recovery actions today: 3
- Consecutive failures: 0

## Active Alerts

!! [ALERT] [ESCALATED from WARN x4] MomPB-6J-Long-US: under-evidenced — ratio 0.00 (0 vs 6 expected)
  Action: Monitor — may need investigation if ratio stays low
!! [ALERT] [ESCALATED from WARN x17] youtube helper produced 0 leads on last run (2026-04-06)
  Action: Check scripts/fetch_youtube_leads.* for errors
!! [ALERT] [ESCALATED from WARN x4] Possible closed-family match in 2026-04-08_06_prelondon_tokyo_range_break_fx_session_effect.md: 'breakout x morning equity'
  Action: Review note — reject if it doesn't address the prior failure mode
!! [ALERT] [ESCALATED from WARN x4] Possible closed-family match in 2026-04-08_04_strong_auction_equity_relief_filter.md: 'cash_close_reversion x rates'
  Action: Review note — reject if it doesn't address the prior failure mode

## Forward Evidence

Last 24h: 2 trades, $+249
  - VolManaged-EquityIndex-Futures: long on MES, $+0
  - XB-ORB-EMA-Ladder-MCL: short on MCL, $+249

Equity: $49,005 | DD from HWM: $995 | Cumulative PnL: $-995

## Probation & Challengers

**Under-evidenced (3):** fewer trades than expected
  - MomPB-6J-Long-US: 0 trades (3w/16w)
  - DailyTrend-MGC-Long: 0 trades (3w/16w)
  - ZN-Afternoon-Reversion: 0 trades (3w/24w)
**On track (2):** evidence accumulating as expected
  - NoiseBoundary-MNQ-Long: 9 trades, $-1,118 (3w/16w)
  - VolManaged-EquityIndex-Futures: 18 trades, $+0 (3w/12w)
**Healthy/slow (2):** sparse cadence, patience required
  - TV-NFP-High-Low-Levels: 0 trades (3w/24w)
  - Treasury-Rolldown-Carry-Spread: 0 trades (3w/48w)
**Too early (2):** entered recently, no judgment yet
  - XB-ORB-EMA-Ladder-MNQ: 0 trades (0w/16w)
  - XB-ORB-EMA-Ladder-MCL: 1 trades, $+249 (0w/16w)
**Edge health flags (1):**
  - TV-NFP-High-Low-Levels: half-life ARCHIVE_CANDIDATE

## Today's Attention

- **VolManaged-Equity:** Check that daily weight-adjusted positions are
  generating. First days confirm signal replication in forward runner.
- **ZN-Afternoon-Rev:** Expect ~1 trade this week. Zero is normal;
  check signal log for afternoon ZN bar availability.
- **Treasury-Rolldown:** Leave alone until ~March 31 (next monthly rebalance).

## Decisions Needed

- **Harvest backlog:** 113 notes pending — intake needed

---
*Detail reports: _probation_scoreboard.md, _challenger_stack_review.md,*
*_rates_challenger_review.md, _portfolio_gap_dashboard.md, _recovery_status.md*

  Saved to: /Users/chasefisher/openclaw-intake/inbox/_operator_brief.md

=== Forward day completed successfully - Wed Apr  8 17:05:42 PDT 2026 ===
