=== FQL Forward Day - Thu Mar 26 17:00:00 PDT 2026 ===
PID: 65338 | Repo: /Users/chasefisher/projects/Algo Trading/algo-lab

--- Step 1: Updating market data ---
============================================================
  INCREMENTAL DATA UPDATE
============================================================

  MES: last bar = 2026-03-25 19:55:00

  MNQ: last bar = 2026-03-25 19:55:00

  MGC: last bar = 2026-03-25 19:55:00

  M2K: last bar = 2026-03-24 19:55:00

  MCL: last bar = 2026-03-25 19:55:00

  ZN: last bar = 2026-03-25 19:55:00

  ZB: last bar = 2026-03-25 19:55:00

  ZF: last bar = 2026-03-25 08:25:00

  6E: last bar = 2026-03-25 19:05:00

  6J: last bar = 2026-03-25 19:40:00

  6B: last bar = 2026-03-25 11:55:00
  Fetching MES from 2026-03-25T18:55:00 to 2026-03-26...
  MES: +0 new 5m bars (now through 2026-03-25 19:55:00)
  Fetching MNQ from 2026-03-25T18:55:00 to 2026-03-26...
  MNQ: +0 new 5m bars (now through 2026-03-25 19:55:00)
  Fetching MGC from 2026-03-25T18:55:00 to 2026-03-26...
  MGC: +0 new 5m bars (now through 2026-03-25 19:55:00)
  Fetching M2K from 2026-03-24T18:55:00 to 2026-03-26...
  M2K: +276 new 5m bars (now through 2026-03-25 19:55:00)
  Fetching MCL from 2026-03-25T18:55:00 to 2026-03-26...
  MCL: +0 new 5m bars (now through 2026-03-25 19:55:00)
  Fetching ZN from 2026-03-25T18:55:00 to 2026-03-26...
  ZN: +0 new 5m bars (now through 2026-03-25 19:55:00)
  Fetching ZB from 2026-03-25T18:55:00 to 2026-03-26...
  ZB: +0 new 5m bars (now through 2026-03-25 19:55:00)
  Fetching ZF from 2026-03-25T07:25:00 to 2026-03-26...
  ZF: +0 new 5m bars (now through 2026-03-25 08:25:00)
  Fetching 6E from 2026-03-25T18:05:00 to 2026-03-26...
  6E: +0 new 5m bars (now through 2026-03-25 19:05:00)
  Fetching 6J from 2026-03-25T18:40:00 to 2026-03-26...
  6J: +0 new 5m bars (now through 2026-03-25 19:40:00)
  Fetching 6B from 2026-03-25T10:55:00 to 2026-03-26...
  6B: +0 new 5m bars (now through 2026-03-25 11:55:00)

============================================================
  Update complete. State saved to: state/data_update_state.json
============================================================

--- Step 2: Running forward paper trading ---
======================================================================
  FORWARD PAPER TRADING — SMOKE TEST
  2026-03-26 17:01:00
======================================================================
  Loaded account state (last run: 2026-03-26 08:27:06)

  Checking for new data...
    6E: last processed = 2026-03-25 19:05:00
    6E: 0 new 5m bars
    6J: last processed = 2026-03-25 19:40:00
    6J: 0 new 5m bars
    M2K: last processed = 2026-03-24 19:55:00
    M2K: 276 new 5m bars
    MCL: last processed = 2026-03-25 19:55:00
    MCL: 0 new 5m bars
    MES: last processed = 2026-03-25 19:55:00
    MES: 0 new 5m bars
    MGC: last processed = 2026-03-25 19:55:00
    MGC: 0 new 5m bars
    MNQ: last processed = 2026-03-25 19:55:00
    MNQ: 0 new 5m bars
    ZN: last processed = 2026-03-25 19:55:00
    ZN: 0 new 5m bars
    multi: SKIP (no data or asset config)

  Current regime: HIGH_VOL_TRENDING | RV=HIGH_RV | Persist=CHOPPY

  Running strategies on new bars...
    XB-PB-EMA-MES-Short: 0 new trades, PnL=$0
    ORB-MGC-Long: 0 new trades, PnL=$0
    BB-EQ-MGC-Long: 0 new trades, PnL=$0
    PB-MGC-Short: 0 new trades, PnL=$0
    MomIgn-M2K-Short: 0 new trades, PnL=$0
    CloseVWAP-M2K-Short: 0 new trades, PnL=$0
    TTMSqueeze-M2K-Short: 0 new trades, PnL=$0
    ORBEnh-M2K-Short: 0 new trades, PnL=$0
    VWAPMR-MCL-Short: 0 new trades, PnL=$0
    GapMom: SKIP (no data for asset 'multi')
    RangeExpansion: SKIP (no data for asset 'multi')
    NoiseBoundary-MNQ-Long: 0 new trades, PnL=$0
    MomPB-6J-Long-US: 0 new trades, PnL=$0
    FXBreak-6J-Short-London: 0 new trades, PnL=$0
    MomPB-6E-Long-US: 0 new trades, PnL=$0
    DailyTrend-MGC-Long: 0 new trades, PnL=$0
    PreFOMC-Drift-Equity: 0 new trades, PnL=$0
    TV-NFP-High-Low-Levels: 0 new trades, PnL=$0
    Commodity-TermStructure-Carry-EnergyMetals: SKIP (no data for asset 'multi')
    VolManaged-EquityIndex-Futures: 0 new trades, PnL=$0
    Treasury-Rolldown-Carry-Spread: 0 new trades, PnL=$0
    ZN-Afternoon-Reversion: 0 new trades, PnL=$0

  Applying strategy controller...
    Trades: 0 raw → 0 after controller

======================================================================
  FORWARD PAPER TRADING REPORT
======================================================================

  Date:                2026-03-26
  Equity:              $48,935.70
  Daily PnL:           $+0.00
  Cumulative PnL:      $-1,064.30
  Trailing DD:         $1,064.30
  Equity HWM:          $50,000.00

  Signals generated:   0
  Trades (raw):        0
  Trades (controlled): 0

  Active strategies:
    - XB-PB-EMA-MES-Short
    - ORB-MGC-Long
    - BB-EQ-MGC-Long
    - PB-MGC-Short
    - MomIgn-M2K-Short
    - CloseVWAP-M2K-Short
    - TTMSqueeze-M2K-Short
    - ORBEnh-M2K-Short
    - VWAPMR-MCL-Short
    - GapMom
    - RangeExpansion
    - NoiseBoundary-MNQ-Long
    - MomPB-6J-Long-US
    - MomPB-6E-Long-US
    - DailyTrend-MGC-Long
    - Commodity-TermStructure-Carry-EnergyMetals
    - VolManaged-EquityIndex-Futures
    - Treasury-Rolldown-Carry-Spread

  Controller regime:   HIGH_VOL_TRENDING
  RV regime:           HIGH_RV
  Persistence:         CHOPPY

  Kill Switch:         OK

  Last processed bars:
    6E: 2026-03-25 19:05:00
    6J: 2026-03-25 19:40:00
    M2K: 2026-03-25 19:55:00
    MCL: 2026-03-25 19:55:00
    MES: 2026-03-25 19:55:00
    MGC: 2026-03-25 19:55:00
    MNQ: 2026-03-25 19:55:00
    ZN: 2026-03-25 19:55:00

  Run count:           11
  Logs written to:     logs/
    - trade_log.csv
    - signal_log.csv
    - daily_report.csv

======================================================================
  SMOKE TEST PASSED
======================================================================

--- Step 3: Refreshing alerts + brief ---
# FQL Alerts
*2026-03-26 17:05*

**3 ALERT | 5 WARN**

## Harvest

!! [ALERT] [ESCALATED from WARN x3] Possible closed-family match in 2026-03-24_05_eod_flip_points_overnight_bias.md: 'overnight equity continuation'
   Action: Review note — reject if it doesn't address the prior failure mode

!! [ALERT] [ESCALATED from WARN x3] Possible closed-family match in 2026-03-24_08_gold_squeeze_regime_filter.md: 'breakout x morning equity'
   Action: Review note — reject if it doesn't address the prior failure mode

!! [ALERT] [ESCALATED from WARN x5] Possible closed-family match in 2026-03-23_07_turn_of_month_equity_index_futures.md: 'breakout x morning equity'
   Action: Review note — reject if it doesn't address the prior failure mode

** [WARN] youtube helper produced 0 leads on last run (2026-03-26)
   Action: Check scripts/fetch_youtube_leads.* for errors

** [WARN] Possible closed-family match in 2026-03-25_02_opex_calendar_window_bias.md: 'breakout x morning equity'
   Action: Review note — reject if it doesn't address the prior failure mode

** [WARN] Possible closed-family match in 2026-03-26_08_london_preopen_currency_futures_breakout.md: 'breakout x morning equity'
   Action: Review note — reject if it doesn't address the prior failure mode

** [WARN] Possible closed-family match in 2026-03-25_07_overlapping_session_gap_fill_filter.md: 'gap_fade / gap_reversal'
   Action: Review note — reject if it doesn't address the prior failure mode

** [WARN] Possible closed-family match in 2026-03-26_01_nq_overnight_range_regime_filter.md: 'breakout x morning equity'
   Action: Review note — reject if it doesn't address the prior failure mode


  Saved to: /Users/chasefisher/openclaw-intake/inbox/_alerts.md
# FQL Operator Brief
*Thursday, 2026-03-26 17:05*

## System Health

- Gateway: OK
- Claw loop: OK (21m ago)
- Recovery actions today: 0
- Consecutive failures: 0

## Active Alerts

!! [ALERT] [ESCALATED from WARN x3] Possible closed-family match in 2026-03-24_05_eod_flip_points_overnight_bias.md: 'overnight equity continuation'
  Action: Review note — reject if it doesn't address the prior failure mode
!! [ALERT] [ESCALATED from WARN x3] Possible closed-family match in 2026-03-24_08_gold_squeeze_regime_filter.md: 'breakout x morning equity'
  Action: Review note — reject if it doesn't address the prior failure mode
!! [ALERT] [ESCALATED from WARN x5] Possible closed-family match in 2026-03-23_07_turn_of_month_equity_index_futures.md: 'breakout x morning equity'
  Action: Review note — reject if it doesn't address the prior failure mode

## Forward Evidence

Last 24h: 2 trades, $+124
  - XB-PB-EMA-MES-Short: short on MES, $+124
  - VolManaged-EquityIndex-Futures: long on MES, $-0

Equity: $48,936 | DD from HWM: $1,064 | Cumulative PnL: $-1,064

## Probation & Challengers

**On track (1):** evidence accumulating as expected
  - NoiseBoundary-MNQ-Long: 5 trades, $-691 (1w/16w)
**Too early (7):** entered recently, no judgment yet
  - MomPB-6J-Long-US: 0 trades (1w/16w)
  - DailyTrend-MGC-Long: 0 trades (1w/16w)
  - PreFOMC-Drift-Equity: 0 trades (1w/24w)
  - TV-NFP-High-Low-Levels: 0 trades (1w/24w)
  - VolManaged-EquityIndex-Futures: 7 trades, $+0 (1w/12w)
  - Treasury-Rolldown-Carry-Spread: 0 trades (1w/48w)
  - ZN-Afternoon-Reversion: 0 trades (1w/24w)
**Edge health flags (1):**
  - TV-NFP-High-Low-Levels: half-life ARCHIVE_CANDIDATE

## Today's Attention

- **VolManaged-Equity:** Check that daily weight-adjusted positions are
  generating. First days confirm signal replication in forward runner.
- **ZN-Afternoon-Rev:** Expect ~1 trade this week. Zero is normal;
  check signal log for afternoon ZN bar availability.
- **Treasury-Rolldown:** Leave alone until ~March 31 (next monthly rebalance).

## Decisions Needed

- **Harvest backlog:** 79 notes pending — intake needed

---
*Detail reports: _probation_scoreboard.md, _challenger_stack_review.md,*
*_rates_challenger_review.md, _portfolio_gap_dashboard.md, _recovery_status.md*

  Saved to: /Users/chasefisher/openclaw-intake/inbox/_operator_brief.md

=== Forward day completed successfully - Thu Mar 26 17:05:06 PDT 2026 ===
