=== FQL Twice-Weekly Research Run - Thu Mar 19 18:00:05 PDT 2026 ===
PID: 58274 | Repo: /Users/chasefisher/projects/Algo Trading/algo-lab


=== Twice-weekly jobs completed successfully - Thu Mar 19 18:18:36 PDT 2026 ===
=== FQL Twice-Weekly Research Run - Tue Mar 24 18:00:05 PDT 2026 ===
PID: 53649 | Repo: /Users/chasefisher/projects/Algo Trading/algo-lab


=== Twice-weekly jobs completed successfully - Tue Mar 24 18:10:31 PDT 2026 ===
=== FQL Twice-Weekly Research Run - Thu Mar 26 18:00:00 PDT 2026 ===
PID: 67740 | Repo: /Users/chasefisher/projects/Algo Trading/algo-lab


=== Twice-weekly jobs completed successfully - Thu Mar 26 18:10:25 PDT 2026 ===
=== FQL Twice-Weekly Research Run - Tue Mar 31 18:27:22 PDT 2026 ===
PID: 46591 | Repo: /Users/chasefisher/projects/Algo Trading/algo-lab


=== Twice-weekly jobs completed successfully - Thu Apr  2 03:26:49 PDT 2026 ===
=== FQL Twice-Weekly Research Run - Thu Apr  2 18:09:26 PDT 2026 ===
PID: 47992 | Repo: /Users/chasefisher/projects/Algo Trading/algo-lab


=== Twice-weekly jobs completed successfully - Sat Apr  4 23:23:40 PDT 2026 ===
=== FQL Twice-Weekly Research Run - Tue Apr  7 18:00:05 PDT 2026 ===
PID: 78173 | Repo: /Users/chasefisher/projects/Algo Trading/algo-lab


=== Twice-weekly jobs completed successfully - Tue Apr  7 18:19:50 PDT 2026 ===
=== FQL Twice-Weekly Research Run - Thu Apr  9 18:00:04 PDT 2026 ===
PID: 5241 | Repo: /Users/chasefisher/projects/Algo Trading/algo-lab


--- Auto mass-screen: untested strategies ---

=== Twice-weekly jobs completed successfully - Thu Apr  9 20:28:47 PDT 2026 ===
