=== FQL Forward Day - Thu Mar 26 17:00:00 PDT 2026 ===
PID: 65338 | Repo: /Users/chasefisher/projects/Algo Trading/algo-lab

--- Step 1: Updating market data ---

--- Step 2: Running forward paper trading ---

--- Step 3: Refreshing alerts + brief ---

=== Forward day completed successfully - Thu Mar 26 17:05:06 PDT 2026 ===
=== FQL Forward Day - Fri Mar 27 17:00:05 PDT 2026 ===
PID: 28168 | Repo: /Users/chasefisher/projects/Algo Trading/algo-lab

--- Step 1: Updating market data ---

--- Step 2: Running forward paper trading ---

--- Step 3: Refreshing alerts + brief ---

=== Forward day completed successfully - Fri Mar 27 17:06:04 PDT 2026 ===
=== FQL Forward Day - Mon Mar 30 17:45:38 PDT 2026 ===
PID: 45965 | Repo: /Users/chasefisher/projects/Algo Trading/algo-lab

--- Step 1: Updating market data ---

--- Step 2: Running forward paper trading ---

--- Step 3: Refreshing alerts + brief ---

=== Forward day completed successfully - Mon Mar 30 18:46:47 PDT 2026 ===
=== FQL Forward Day - Tue Mar 31 17:22:01 PDT 2026 ===
PID: 46568 | Repo: /Users/chasefisher/projects/Algo Trading/algo-lab

--- Step 1: Updating market data ---

--- Step 2: Running forward paper trading ---

--- Step 3: Refreshing alerts + brief ---

=== Forward day completed successfully - Tue Mar 31 18:27:23 PDT 2026 ===
=== FQL Forward Day - Wed Apr  1 17:00:14 PDT 2026 ===
PID: 47045 | Repo: /Users/chasefisher/projects/Algo Trading/algo-lab

--- Step 1: Updating market data ---

--- Step 2: Running forward paper trading ---

--- Step 3: Refreshing alerts + brief ---

=== Forward day completed successfully - Wed Apr  1 20:03:03 PDT 2026 ===
=== FQL Forward Day - Thu Apr  2 17:40:44 PDT 2026 ===
PID: 47956 | Repo: /Users/chasefisher/projects/Algo Trading/algo-lab

--- Step 1: Updating market data ---

--- Step 2: Running forward paper trading ---

--- Step 3: Refreshing alerts + brief ---

=== Forward day completed successfully - Thu Apr  2 18:09:33 PDT 2026 ===
=== FQL Forward Day - Fri Apr  3 17:33:36 PDT 2026 ===
PID: 48582 | Repo: /Users/chasefisher/projects/Algo Trading/algo-lab

--- Step 1: Updating market data ---

--- Step 2: Running forward paper trading ---

--- Step 3: Refreshing alerts + brief ---

=== Forward day completed successfully - Fri Apr  3 18:11:38 PDT 2026 ===
=== FQL Forward Day - Mon Apr  6 17:00:04 PDT 2026 ===
PID: 18590 | Repo: /Users/chasefisher/projects/Algo Trading/algo-lab

--- Step 1: Updating market data ---

--- Step 2: Running forward paper trading ---

--- Step 3: Refreshing alerts + brief ---

=== Forward day completed successfully - Mon Apr  6 17:01:08 PDT 2026 ===
=== FQL Forward Day - Tue Apr  7 17:00:04 PDT 2026 ===
PID: 75850 | Repo: /Users/chasefisher/projects/Algo Trading/algo-lab

--- Step 1: Updating market data ---

--- Step 2: Running forward paper trading ---

--- Step 3: Refreshing alerts + brief ---

=== Forward day completed successfully - Tue Apr  7 17:06:34 PDT 2026 ===
=== FQL Forward Day - Wed Apr  8 17:00:05 PDT 2026 ===
PID: 44655 | Repo: /Users/chasefisher/projects/Algo Trading/algo-lab

--- Step 1: Updating market data ---

--- Step 2: Running forward paper trading ---

--- Step 3: Refreshing alerts + brief ---

=== Forward day completed successfully - Wed Apr  8 17:05:42 PDT 2026 ===
=== FQL Forward Day - Thu Apr  9 17:00:02 PDT 2026 ===
PID: 3022 | Repo: /Users/chasefisher/projects/Algo Trading/algo-lab

--- Step 1: Updating market data ---

--- Step 2: Running forward paper trading ---

--- Step 3: Refreshing alerts + brief ---

=== Forward day completed successfully - Thu Apr  9 17:06:29 PDT 2026 ===
=== FQL Forward Day - Fri Apr 10 17:00:05 PDT 2026 ===
PID: 58625 | Repo: /Users/chasefisher/projects/Algo Trading/algo-lab

--- Step 1: Updating market data ---

--- Step 2: Running forward paper trading ---

--- Step 3: Refreshing alerts + brief ---

=== Forward day completed successfully - Fri Apr 10 17:05:16 PDT 2026 ===
