=== FQL Weekly Research Run - Fri Mar 20 18:30:05 PDT 2026 ===
PID: 33603 | Repo: /Users/chasefisher/projects/Algo Trading/algo-lab

--- Generating portfolio gap dashboard ---
--- Generating harvest coverage audit ---

=== Weekly jobs completed successfully - Fri Mar 20 18:41:16 PDT 2026 ===
=== FQL Weekly Research Run - Fri Mar 27 18:30:03 PDT 2026 ===
PID: 31406 | Repo: /Users/chasefisher/projects/Algo Trading/algo-lab

--- Generating portfolio gap dashboard ---
--- Generating harvest coverage audit ---
--- Generating harvest quality review ---

=== Weekly jobs completed successfully - Fri Mar 27 18:41:21 PDT 2026 ===
=== FQL Weekly Research Run - Fri Apr  3 18:34:37 PDT 2026 ===
PID: 48625 | Repo: /Users/chasefisher/projects/Algo Trading/algo-lab

--- Generating portfolio gap dashboard ---
--- Generating harvest coverage audit ---
--- Generating harvest quality review ---

=== Weekly jobs completed successfully - Sun Apr  5 13:16:10 PDT 2026 ===
=== FQL Weekly Research Run - Fri Apr 10 18:30:04 PDT 2026 ===
PID: 62645 | Repo: /Users/chasefisher/projects/Algo Trading/algo-lab

--- Generating portfolio gap dashboard ---
--- Generating harvest coverage audit ---
--- Generating harvest quality review ---
--- Running convergence scorer ---
--- Running throughput audit ---

=== Weekly jobs completed successfully - Fri Apr 10 18:41:22 PDT 2026 ===
