=== FQL Operator Digest - Mon Apr  6 18:00:04 PDT 2026 ===
PID: 20971 | Repo: /Users/chasefisher/projects/Algo Trading/algo-lab

--- Refreshing alerts ---
--- Health check ---
--- Generating operator digest ---

=== Digest completed successfully - Mon Apr  6 18:00:06 PDT 2026 ===
=== FQL Operator Digest - Tue Apr  7 18:00:05 PDT 2026 ===
PID: 78172 | Repo: /Users/chasefisher/projects/Algo Trading/algo-lab

--- Refreshing alerts ---
--- Health check ---
--- Generating operator digest ---

=== Digest completed successfully - Tue Apr  7 18:00:07 PDT 2026 ===
=== FQL Operator Digest - Wed Apr  8 18:00:04 PDT 2026 ===
PID: 47129 | Repo: /Users/chasefisher/projects/Algo Trading/algo-lab

--- Refreshing alerts ---
--- Health check ---
--- Generating operator digest ---

=== Digest completed successfully - Wed Apr  8 18:00:05 PDT 2026 ===
=== FQL Operator Digest - Thu Apr  9 18:00:04 PDT 2026 ===
PID: 5242 | Repo: /Users/chasefisher/projects/Algo Trading/algo-lab

--- Refreshing alerts ---
--- Health check ---
--- Generating operator digest ---

=== Digest completed successfully - Thu Apr  9 18:00:06 PDT 2026 ===
=== FQL Operator Digest - Fri Apr 10 18:00:05 PDT 2026 ===
PID: 61300 | Repo: /Users/chasefisher/projects/Algo Trading/algo-lab

--- Refreshing alerts ---
--- Health check ---
--- Generating operator digest ---

=== Digest completed successfully - Fri Apr 10 18:00:07 PDT 2026 ===
