=== FQL Daily Research Run - Sun Mar 15 22:20:15 PDT 2026 ===
PID: 25267 | Repo: /Users/chasefisher/projects/Algo Trading/algo-lab
Python: /usr/local/bin/python3 (Python 3.14.3)

--- Starting daily pipeline ---
--- Daily pipeline exited with code 0 ---
ALERT: 1 job(s) failed today - check scheduler log

=== COMPLETED WITH ERRORS - Sun Mar 15 22:40:30 PDT 2026 ===
=== FQL Daily Research Run - Mon Mar 16 17:30:05 PDT 2026 ===
PID: 48951 | Repo: /Users/chasefisher/projects/Algo Trading/algo-lab
Python: /usr/local/bin/python3 (Python 3.14.3)

--- Starting daily pipeline ---
--- Daily pipeline exited with code 0 ---

=== All jobs completed successfully - Mon Mar 16 17:48:23 PDT 2026 ===
=== FQL Daily Research Run - Tue Mar 17 17:30:01 PDT 2026 ===
PID: 79847 | Repo: /Users/chasefisher/projects/Algo Trading/algo-lab
Python: /usr/local/bin/python3 (Python 3.14.3)

--- Starting daily pipeline ---
--- Daily pipeline exited with code 0 ---

=== All jobs completed successfully - Tue Mar 17 17:47:51 PDT 2026 ===
=== FQL Daily Research Run - Wed Mar 18 17:35:56 PDT 2026 ===
PID: 28075 | Repo: /Users/chasefisher/projects/Algo Trading/algo-lab
Python: /usr/local/bin/python3 (Python 3.14.3)

--- Starting daily pipeline ---
--- Daily pipeline exited with code 0 ---

=== All jobs completed successfully - Wed Mar 18 17:53:02 PDT 2026 ===
=== FQL Daily Research Run - Thu Mar 19 17:30:05 PDT 2026 ===
PID: 57662 | Repo: /Users/chasefisher/projects/Algo Trading/algo-lab
Python: /usr/local/bin/python3 (Python 3.14.3)

--- Starting daily pipeline ---
--- Daily pipeline exited with code 0 ---

=== All jobs completed successfully - Thu Mar 19 17:55:28 PDT 2026 ===
=== FQL Daily Research Run - Fri Mar 20 12:07:21 PDT 2026 ===
PID: 18597 | Repo: /Users/chasefisher/projects/Algo Trading/algo-lab
Python: /usr/local/bin/python3 (Python 3.14.3)

--- Starting daily pipeline ---
--- Daily pipeline exited with code 0 ---

=== All jobs completed successfully - Fri Mar 20 12:32:26 PDT 2026 ===
=== FQL Daily Research Run - Fri Mar 20 17:30:00 PDT 2026 ===
PID: 31247 | Repo: /Users/chasefisher/projects/Algo Trading/algo-lab
Python: /usr/local/bin/python3 (Python 3.14.3)

--- Starting daily pipeline ---
--- Daily pipeline exited with code 0 ---
--- Generating probation scoreboard ---
--- Generating challenger stack review ---
--- Generating rates challenger review ---
--- Generating operator brief ---

=== All jobs completed successfully - Fri Mar 20 17:46:13 PDT 2026 ===
=== FQL Daily Research Run - Mon Mar 23 17:30:05 PDT 2026 ===
PID: 90620 | Repo: /Users/chasefisher/projects/Algo Trading/algo-lab
Python: /usr/local/bin/python3 (Python 3.14.3)

--- Starting daily pipeline ---
--- Daily pipeline exited with code 0 ---
--- Generating probation scoreboard ---
--- Generating challenger stack review ---
--- Generating rates challenger review ---
--- Running alert engine ---
--- Generating operator brief ---

=== All jobs completed successfully - Mon Mar 23 17:46:23 PDT 2026 ===
=== FQL Daily Research Run - Tue Mar 24 17:30:02 PDT 2026 ===
PID: 52400 | Repo: /Users/chasefisher/projects/Algo Trading/algo-lab
Python: /usr/local/bin/python3 (Python 3.14.3)

--- Starting daily pipeline ---
--- Daily pipeline exited with code 0 ---
--- Generating probation scoreboard ---
--- Generating challenger stack review ---
--- Generating rates challenger review ---
--- Running alert engine ---
--- Generating operator brief ---

=== All jobs completed successfully - Tue Mar 24 17:46:25 PDT 2026 ===
=== FQL Daily Research Run - Wed Mar 25 17:30:02 PDT 2026 ===
PID: 9380 | Repo: /Users/chasefisher/projects/Algo Trading/algo-lab
Python: /usr/local/bin/python3 (Python 3.14.3)

--- Starting daily pipeline ---
--- Daily pipeline exited with code 0 ---
--- Generating probation scoreboard ---
--- Generating challenger stack review ---
--- Generating rates challenger review ---
--- Running alert engine ---
--- Generating operator brief ---

=== All jobs completed successfully - Wed Mar 25 17:46:32 PDT 2026 ===
=== FQL Daily Research Run - Thu Mar 26 17:30:00 PDT 2026 ===
PID: 66574 | Repo: /Users/chasefisher/projects/Algo Trading/algo-lab
Python: /usr/local/bin/python3 (Python 3.14.3)

--- Starting daily pipeline ---
--- Daily pipeline exited with code 0 ---
--- Generating probation scoreboard ---
--- Generating challenger stack review ---
--- Generating rates challenger review ---
--- Running alert engine ---
--- Generating operator brief ---

=== All jobs completed successfully - Thu Mar 26 17:46:48 PDT 2026 ===
=== FQL Daily Research Run - Fri Mar 27 17:35:32 PDT 2026 ===
PID: 28947 | Repo: /Users/chasefisher/projects/Algo Trading/algo-lab
Python: /usr/local/bin/python3 (Python 3.14.3)

--- Starting daily pipeline ---
--- Daily pipeline exited with code 0 ---
--- Generating probation scoreboard ---
--- Generating challenger stack review ---
--- Generating rates challenger review ---
--- Running alert engine ---
--- Generating operator brief ---

=== All jobs completed successfully - Fri Mar 27 17:53:34 PDT 2026 ===
=== FQL Daily Research Run - Mon Mar 30 17:45:38 PDT 2026 ===
PID: 45966 | Repo: /Users/chasefisher/projects/Algo Trading/algo-lab
Python: /usr/local/bin/python3 (Python 3.14.3)

--- Starting daily pipeline ---
--- Daily pipeline exited with code 0 ---
--- Generating probation scoreboard ---
--- Generating challenger stack review ---
--- Generating rates challenger review ---
--- Running alert engine ---
--- Generating operator brief ---

=== All jobs completed successfully - Sat Apr  4 23:09:06 PDT 2026 ===
=== FQL Daily Research Run - Mon Apr  6 17:30:00 PDT 2026 ===
PID: 19704 | Repo: /Users/chasefisher/projects/Algo Trading/algo-lab
Python: /usr/local/bin/python3 (Python 3.14.3)

--- Starting daily pipeline ---
--- Daily pipeline exited with code 0 ---
--- Generating probation scoreboard ---
--- Generating challenger stack review ---
--- Generating rates challenger review ---
--- Running alert engine ---
--- Generating operator brief ---

=== All jobs completed successfully - Mon Apr  6 17:55:32 PDT 2026 ===
=== FQL Daily Research Run - Tue Apr  7 17:30:05 PDT 2026 ===
PID: 77087 | Repo: /Users/chasefisher/projects/Algo Trading/algo-lab
Python: /usr/local/bin/python3 (Python 3.14.3)

--- Starting daily pipeline ---
--- Daily pipeline exited with code 0 ---
--- Generating probation scoreboard ---
--- Generating challenger stack review ---
--- Generating rates challenger review ---
--- Running alert engine ---
--- Generating operator brief ---

=== All jobs completed successfully - Tue Apr  7 17:53:56 PDT 2026 ===
=== FQL Daily Research Run - Wed Apr  8 17:30:05 PDT 2026 ===
PID: 45904 | Repo: /Users/chasefisher/projects/Algo Trading/algo-lab
Python: /usr/local/bin/python3 (Python 3.14.3)

--- Starting daily pipeline ---
--- Daily pipeline exited with code 0 ---
--- Generating probation scoreboard ---
--- Generating challenger stack review ---
--- Generating rates challenger review ---
--- Running alert engine ---
--- Generating operator brief ---

=== All jobs completed successfully - Wed Apr  8 17:47:14 PDT 2026 ===
=== FQL Daily Research Run - Thu Apr  9 17:30:04 PDT 2026 ===
PID: 4225 | Repo: /Users/chasefisher/projects/Algo Trading/algo-lab
Python: /usr/local/bin/python3 (Python 3.14.3)

--- Starting daily pipeline ---
--- Daily pipeline exited with code 0 ---
--- Generating probation scoreboard ---
--- Generating challenger stack review ---
--- Generating rates challenger review ---
--- Running alert engine ---
--- Generating operator brief ---

=== All jobs completed successfully - Thu Apr  9 17:52:23 PDT 2026 ===
=== FQL Daily Research Run - Fri Apr 10 17:30:04 PDT 2026 ===
PID: 59951 | Repo: /Users/chasefisher/projects/Algo Trading/algo-lab
Python: /usr/local/bin/python3 (Python 3.14.3)

--- Starting daily pipeline ---
--- Daily pipeline exited with code 0 ---
--- Generating probation scoreboard ---
--- Generating challenger stack review ---
--- Generating rates challenger review ---
--- Running alert engine ---
--- Generating operator brief ---

=== All jobs completed successfully - Fri Apr 10 17:46:47 PDT 2026 ===
