=== Source Helper Run ===
--- Fetching GitHub leads ---
GitHub: 12 leads fetched
--- Fetching Reddit leads ---
Reddit: 18 leads fetched
--- Fetching YouTube leads ---
YouTube: 0 leads fetched
--- Fetching blog leads ---
Blog: 13 leads fetched
--- Fetching strategy digest leads ---
Digest: 7 leads fetched
--- Updating lead manifest ---
=== Source helpers complete: GH=12 RD=18 YT=0 BL=13 DG=7 ===
=== Source Helper Run ===
--- Fetching GitHub leads ---
GitHub: 12 leads fetched
--- Fetching Reddit leads ---
Reddit: 18 leads fetched
--- Fetching YouTube leads ---
YouTube: 0 leads fetched
--- Fetching blog leads ---
Blog: 20 leads fetched
--- Fetching strategy digest leads ---
Digest: 15 leads fetched
--- Updating lead manifest ---
=== Source helpers complete: GH=12 RD=18 YT=0 BL=20 DG=15 ===
=== Source Helper Run ===
--- Fetching GitHub leads ---
GitHub: 0 leads fetched
--- Fetching Reddit leads ---
Reddit: 0 leads fetched
--- Fetching YouTube leads ---
YouTube: 0 leads fetched
--- Fetching blog leads ---
Blog: 0 leads fetched
--- Fetching strategy digest leads ---
Digest: 0 leads fetched
--- Updating lead manifest ---
=== Source helpers complete: GH=0 RD=0 YT=0 BL=0 DG=0 ===
=== Source Helper Run ===
--- Fetching GitHub leads ---
GitHub: 0 leads fetched
--- Fetching Reddit leads ---
Reddit: 17 leads fetched
--- Fetching YouTube leads ---
YouTube: 0 leads fetched
--- Fetching blog leads ---
Blog: 20 leads fetched
--- Fetching strategy digest leads ---
Digest: 14 leads fetched
--- Updating lead manifest ---
=== Source helpers complete: GH=0 RD=17 YT=0 BL=20 DG=14 ===
=== Source Helper Run ===
--- Fetching GitHub leads ---
GitHub: 14 leads fetched
--- Fetching Reddit leads ---
Reddit: 17 leads fetched
--- Fetching YouTube leads ---
YouTube: 0 leads fetched
--- Fetching blog leads ---
Blog: 20 leads fetched
--- Fetching strategy digest leads ---
Digest: 14 leads fetched
--- Updating lead manifest ---
=== Source helpers complete: GH=14 RD=17 YT=0 BL=20 DG=14 ===
=== Source Helper Run ===
--- Fetching GitHub leads ---
GitHub: 14 leads fetched
--- Fetching Reddit leads ---
Reddit: 18 leads fetched
--- Fetching YouTube leads ---
YouTube: 10 leads fetched
--- Fetching blog leads ---
Blog: 20 leads fetched
--- Fetching strategy digest leads ---
Digest: 15 leads fetched
--- Updating lead manifest ---
=== Source helpers complete: GH=14 RD=18 YT=10 BL=20 DG=15 ===
