[2026-03-20 12:06:28] Kickstarting claw control loop...
[2026-03-20 12:06:28] Claw loop recovery FAILED — log still 60m old
[2026-03-27 16:04:23] Kickstarting claw control loop...
[2026-03-27 16:04:23] Claw loop recovered — fresh log at /Users/chasefisher/projects/Algo Trading/algo-lab/research/logs/claw_loop_20260327_1604.log
[2026-03-27 16:52:17] Kickstarting claw control loop...
[2026-03-27 16:52:17] Claw loop recovered — fresh log at /Users/chasefisher/projects/Algo Trading/algo-lab/research/logs/claw_loop_20260327_1652.log
[2026-03-28 06:24:49] Kickstarting claw control loop...
[2026-03-28 06:24:49] Claw loop recovered — fresh log at /Users/chasefisher/projects/Algo Trading/algo-lab/research/logs/claw_loop_20260328_0624.log
[2026-03-28 10:17:22] Kickstarting claw control loop...
[2026-03-28 10:17:22] Claw loop recovered — fresh log at /Users/chasefisher/projects/Algo Trading/algo-lab/research/logs/claw_loop_20260328_1017.log
[2026-03-28 11:15:22] Kickstarting claw control loop...
[2026-03-28 11:15:22] Claw loop recovered — fresh log at /Users/chasefisher/projects/Algo Trading/algo-lab/research/logs/claw_loop_20260328_1115.log
[2026-03-28 12:49:31] Kickstarting claw control loop...
[2026-03-28 12:49:31] Claw loop recovered — fresh log at /Users/chasefisher/projects/Algo Trading/algo-lab/research/logs/claw_loop_20260328_1250.log
[2026-03-28 13:52:09] Kickstarting claw control loop...
[2026-03-28 13:52:09] Claw loop recovered — fresh log at /Users/chasefisher/projects/Algo Trading/algo-lab/research/logs/claw_loop_20260328_1352.log
[2026-03-28 15:05:48] Kickstarting claw control loop...
[2026-03-28 15:05:48] Claw loop recovered — fresh log at /Users/chasefisher/projects/Algo Trading/algo-lab/research/logs/claw_loop_20260328_1505.log
[2026-03-28 16:03:12] Kickstarting claw control loop...
[2026-03-28 16:03:12] Claw loop recovered — fresh log at /Users/chasefisher/projects/Algo Trading/algo-lab/research/logs/claw_loop_20260328_1603.log
[2026-03-29 02:45:06] Kickstarting claw control loop...
[2026-03-29 02:45:06] Claw loop recovered — fresh log at /Users/chasefisher/projects/Algo Trading/algo-lab/research/logs/claw_loop_20260329_0245.log
[2026-03-29 03:43:14] Kickstarting claw control loop...
[2026-03-29 03:43:14] Claw loop recovered — fresh log at /Users/chasefisher/projects/Algo Trading/algo-lab/research/logs/claw_loop_20260329_0343.log
[2026-03-29 13:53:55] Kickstarting claw control loop...
[2026-03-29 13:53:55] Claw loop recovered — fresh log at /Users/chasefisher/projects/Algo Trading/algo-lab/research/logs/claw_loop_20260329_1353.log
[2026-03-29 20:19:45] Kickstarting claw control loop...
[2026-03-29 20:19:45] Claw loop recovered — fresh log at /Users/chasefisher/projects/Algo Trading/algo-lab/research/logs/claw_loop_20260329_2019.log
[2026-03-30 03:30:33] Kickstarting claw control loop...
[2026-03-30 03:30:33] Claw loop recovered — fresh log at /Users/chasefisher/projects/Algo Trading/algo-lab/research/logs/claw_loop_20260330_0330.log
[2026-03-30 19:47:43] Kickstarting claw control loop...
[2026-03-30 19:47:43] Claw loop recovery FAILED — log still 60m old
[2026-03-31 14:23:27] Kickstarting claw control loop...
[2026-03-31 14:23:27] Claw loop recovery FAILED — log still 60m old
[2026-04-01 06:17:26] Kickstarting claw control loop...
[2026-04-01 06:17:26] Claw loop recovered — fresh log at /Users/chasefisher/projects/Algo Trading/algo-lab/research/logs/claw_loop_20260401_0617.log
[2026-04-02 03:20:39] Kickstarting claw control loop...
[2026-04-02 03:20:39] Claw loop recovered — fresh log at /Users/chasefisher/projects/Algo Trading/algo-lab/research/logs/claw_loop_20260402_0320.log
[2026-04-02 18:09:48] Kickstarting claw control loop...
[2026-04-02 18:09:48] Claw loop recovered — fresh log at /Users/chasefisher/projects/Algo Trading/algo-lab/research/logs/claw_loop_20260402_1809.log
[2026-04-02 18:09:48] Firing catch-up: daily research...
[2026-04-03 11:06:08] Kickstarting claw control loop...
[2026-04-03 11:06:08] Claw loop recovered — fresh log at /Users/chasefisher/projects/Algo Trading/algo-lab/research/logs/claw_loop_20260403_1106.log
[2026-04-04 07:48:30] Kickstarting claw control loop...
[2026-04-04 07:48:30] Claw loop recovered — fresh log at /Users/chasefisher/projects/Algo Trading/algo-lab/research/logs/claw_loop_20260404_0748.log
[2026-04-04 12:38:45] Kickstarting claw control loop...
[2026-04-04 12:38:45] Claw loop recovered — fresh log at /Users/chasefisher/projects/Algo Trading/algo-lab/research/logs/claw_loop_20260404_1238.log
[2026-04-04 15:01:48] Kickstarting claw control loop...
[2026-04-04 15:01:48] Claw loop recovery FAILED — log still 54m old
[2026-04-04 18:15:04] Kickstarting claw control loop...
[2026-04-04 18:15:04] Claw loop recovered — fresh log at /Users/chasefisher/projects/Algo Trading/algo-lab/research/logs/claw_loop_20260404_1815.log
[2026-04-05 02:04:37] Kickstarting claw control loop...
[2026-04-05 02:04:37] Claw loop recovery FAILED — log still 28m old
[2026-04-05 08:08:19] Kickstarting claw control loop...
[2026-04-05 08:08:19] Claw loop recovered — fresh log at /Users/chasefisher/projects/Algo Trading/algo-lab/research/logs/claw_loop_20260405_0808.log
[2026-04-05 11:05:43] Kickstarting claw control loop...
[2026-04-05 11:05:43] Claw loop recovered — fresh log at /Users/chasefisher/projects/Algo Trading/algo-lab/research/logs/claw_loop_20260405_1105.log
[2026-04-05 14:46:17] Kickstarting claw control loop...
[2026-04-05 14:46:17] Claw loop recovered — fresh log at /Users/chasefisher/projects/Algo Trading/algo-lab/research/logs/claw_loop_20260405_1446.log
[2026-04-05 17:23:26] Kickstarting claw control loop...
[2026-04-05 17:23:26] Claw loop recovered — fresh log at /Users/chasefisher/projects/Algo Trading/algo-lab/research/logs/claw_loop_20260405_1723.log
[2026-04-05 19:42:19] Kickstarting claw control loop...
[2026-04-05 19:42:19] Claw loop recovered — fresh log at /Users/chasefisher/projects/Algo Trading/algo-lab/research/logs/claw_loop_20260405_1942.log
[2026-04-06 05:03:25] Kickstarting claw control loop...
[2026-04-06 05:03:25] Claw loop recovered — fresh log at /Users/chasefisher/projects/Algo Trading/algo-lab/research/logs/claw_loop_20260406_0503.log
[2026-04-08 07:01:30] Restarting OpenClaw gateway...
[2026-04-08 07:01:30] Gateway recovery FAILED. Health: 
[2026-04-08 07:06:46] CLEARED: gateway recovered after 1 failure(s)
[2026-04-10 07:10:25] Restarting OpenClaw gateway...
[2026-04-10 07:10:25] Gateway recovery FAILED. Health: 
[2026-04-10 07:16:35] Restarting OpenClaw gateway...
[2026-04-10 07:16:35] Gateway recovery FAILED. Health: 
[2026-04-10 07:21:52] CLEARED: gateway recovered after 2 failure(s)
