=== FQL Twice-Weekly Research Run - Wed Mar 18 06:55:14 PDT 2026 ===
PID: 13138 | Repo: /Users/chasefisher/projects/Algo Trading/algo-lab

usage: fql_research_scheduler.py [-h] [--daily] [--twice-weekly] [--weekly]
                                 [--monthly] [--quarterly] [--status] [--list]
fql_research_scheduler.py: error: unrecognized arguments: --twice_weekly

=== COMPLETED WITH ERRORS (exit 2) - Wed Mar 18 06:55:14 PDT 2026 ===
=== FQL Twice-Weekly Research Run - Wed Mar 18 06:55:59 PDT 2026 ===
PID: 13183 | Repo: /Users/chasefisher/projects/Algo Trading/algo-lab


FQL Research Scheduler — TWICE_WEEKLY jobs
  3 jobs queued
==================================================
  [PLACEHOLDER] biweekly_candidate_scan
  Running biweekly_batch_first_pass...
  Found 1 untested strategies
  Testing commodity_carry_proxy on MES,MNQ,MGC,M2K,MCL,ZN,ZB,ZF,6E,6J,6B
    -> SALVAGE: best=MGC PF=3.23
  [    SUCCESS] biweekly_batch_first_pass
  Running biweekly_baseline_backtest...
  [    SUCCESS] biweekly_baseline_backtest

Done: 2 success, 0 errors, 1 skipped

=== Twice-weekly jobs completed successfully - Wed Mar 18 07:11:51 PDT 2026 ===
