=== FQL Twice-Weekly Research Run - Thu Apr  9 18:00:04 PDT 2026 ===
PID: 5241 | Repo: /Users/chasefisher/projects/Algo Trading/algo-lab


FQL Research Scheduler — TWICE_WEEKLY jobs
  3 jobs queued
==================================================
  [PLACEHOLDER] biweekly_candidate_scan
  Running biweekly_batch_first_pass...
  No untested strategies found for batch first-pass
  [    SUCCESS] biweekly_batch_first_pass
  Running biweekly_baseline_backtest...
  [    SUCCESS] biweekly_baseline_backtest

Done: 2 success, 0 errors, 1 skipped

--- Auto mass-screen: untested strategies ---
FQL Mass Screen: 5 strategies to test

  [1/5] vwap_006 on MES, MNQ, MGC, M2K, MCL, ZN... REJECT (PF 0.99, 3317 trades on MNQ)
  [2/5] vwap_dev_mr on MES... REJECT (PF 0.85, 973 trades on MES)
  [3/5] vwap_mr_gold on MGC, MES... REJECT (PF 0.83, 1165 trades on MGC)
  [4/5] vwap_rev on MES, MNQ, MGC, M2K, MCL, ZN... MONITOR (PF 8.04, 5 trades on MGC)
  [5/5] xb_pb_squeeze_chand on MGC... REJECT (PF 0.88, 1218 trades on MGC)

================================================================================
  FQL MASS SCREEN RESULTS
================================================================================

  Total: 5 strategies screened
  MONITOR    1
  REJECT     4

  Strategy                            Class          PF  Trades  Asset
  ----------------------------------- ---------- ------ ------- ------
  vwap_rev                            MONITOR      8.04       5    MGC

  vwap_006                            REJECT       0.99    3317    MNQ
  xb_pb_squeeze_chand                 REJECT       0.88    1218    MGC
  vwap_dev_mr                         REJECT       0.85     973    MES
  vwap_mr_gold                        REJECT       0.83    1165    MGC

=== Twice-weekly jobs completed successfully - Thu Apr  9 20:28:47 PDT 2026 ===
