=== FQL Twice-Weekly Research Run - Thu Mar 19 18:00:05 PDT 2026 ===
PID: 58274 | Repo: /Users/chasefisher/projects/Algo Trading/algo-lab


FQL Research Scheduler — TWICE_WEEKLY jobs
  3 jobs queued
==================================================
  [PLACEHOLDER] biweekly_candidate_scan
  Running biweekly_batch_first_pass...
  Found 4 untested strategies
  Testing orb_enhanced on M2K,MES,MNQ
    -> REJECT: best=M2K PF=1.01
  Testing vwap_mean_reversion on MCL,MGC
    -> REJECT: best=MCL PF=0.93
  Testing range_expansion on MES,MNQ,MGC,M2K,MCL,ZN,ZB,ZF,6E,6J,6B
    -> REJECT: best=MES PF=0.00
  Testing vol_managed_equity on MES,MNQ,M2K
    -> MONITOR: best=MES PF=99.00
  [    SUCCESS] biweekly_batch_first_pass
  Running biweekly_baseline_backtest...
  [    SUCCESS] biweekly_baseline_backtest

Done: 2 success, 0 errors, 1 skipped

=== Twice-weekly jobs completed successfully - Thu Mar 19 18:18:36 PDT 2026 ===
