[2026-04-05 02:04:37] === FQL Watchdog Run ===
[2026-04-05 02:04:37] CHECK: OpenClaw gateway...
[2026-04-05 02:04:37]   OK: Gateway alive (PID 18219), health endpoint responsive
[2026-04-05 02:04:37] CHECK: Claw control loop freshness...
[2026-04-05 02:04:37]   FAIL: Latest claw log is 469m old (threshold: 45m)
[2026-04-05 02:04:37] RECOVERY: Kickstarting claw control loop...
[2026-04-05 02:04:37] RECOVERY: Claw loop recovery FAILED — log still 28m old
[2026-04-05 02:04:37] CHECK: EOD audit freshness...
[2026-04-05 02:04:37]   OK: Latest audit is 0.5h old (threshold: 26h) — brief_2026-04-05.md
[2026-04-05 02:04:37] CHECK: Scheduled research job freshness...
[2026-04-05 02:04:37] === Completed with 1 issue(s) ===
[2026-04-05 08:08:19] === FQL Watchdog Run ===
[2026-04-05 08:08:19] CHECK: OpenClaw gateway...
[2026-04-05 08:08:19]   OK: Gateway alive (PID 18219), health endpoint responsive
[2026-04-05 08:08:19] CHECK: Claw control loop freshness...
[2026-04-05 08:08:19]   FAIL: Latest claw log is 363m old (threshold: 45m)
[2026-04-05 08:08:19] RECOVERY: Kickstarting claw control loop...
[2026-04-05 08:08:19] RECOVERY: Claw loop recovered — fresh log at /Users/chasefisher/projects/Algo Trading/algo-lab/research/logs/claw_loop_20260405_0808.log
[2026-04-05 08:08:19] CHECK: EOD audit freshness...
[2026-04-05 08:08:19]   OK: Latest audit is 0.0h old (threshold: 26h) — brief_2026-04-05.md
[2026-04-05 08:08:19] CHECK: Scheduled research job freshness...
[2026-04-05 08:08:19] === Completed with 1 issue(s) ===
[2026-04-05 11:05:43] === FQL Watchdog Run ===
[2026-04-05 11:05:43] CHECK: OpenClaw gateway...
[2026-04-05 11:05:43]   OK: Gateway alive (PID 18219), health endpoint responsive
[2026-04-05 11:05:43] CHECK: Claw control loop freshness...
[2026-04-05 11:05:43]   FAIL: Latest claw log is 175m old (threshold: 45m)
[2026-04-05 11:05:43] RECOVERY: Kickstarting claw control loop...
[2026-04-05 11:05:43] RECOVERY: Claw loop recovered — fresh log at /Users/chasefisher/projects/Algo Trading/algo-lab/research/logs/claw_loop_20260405_1105.log
[2026-04-05 11:05:43] CHECK: EOD audit freshness...
[2026-04-05 11:05:43]   OK: Latest audit is 0.0h old (threshold: 26h) — brief_2026-04-05.md
[2026-04-05 11:05:43] CHECK: Scheduled research job freshness...
[2026-04-05 11:05:43] === Completed with 1 issue(s) ===
[2026-04-05 14:46:17] === FQL Watchdog Run ===
[2026-04-05 14:46:17] CHECK: OpenClaw gateway...
[2026-04-05 14:46:17]   OK: Gateway alive (PID 18219), health endpoint responsive
[2026-04-05 14:46:17] CHECK: Claw control loop freshness...
[2026-04-05 14:46:17]   FAIL: Latest claw log is 220m old (threshold: 45m)
[2026-04-05 14:46:17] RECOVERY: Kickstarting claw control loop...
[2026-04-05 14:46:17] RECOVERY: Claw loop recovered — fresh log at /Users/chasefisher/projects/Algo Trading/algo-lab/research/logs/claw_loop_20260405_1446.log
[2026-04-05 14:46:17] CHECK: EOD audit freshness...
[2026-04-05 14:46:17]   OK: Latest audit is 0.0h old (threshold: 26h) — brief_2026-04-05.md
[2026-04-05 14:46:17] CHECK: Scheduled research job freshness...
[2026-04-05 14:46:17] === Completed with 1 issue(s) ===
[2026-04-05 17:23:26] === FQL Watchdog Run ===
[2026-04-05 17:23:26] CHECK: OpenClaw gateway...
[2026-04-05 17:23:26]   OK: Gateway alive (PID 18219), health endpoint responsive
[2026-04-05 17:23:26] CHECK: Claw control loop freshness...
[2026-04-05 17:23:26]   FAIL: Latest claw log is 157m old (threshold: 45m)
[2026-04-05 17:23:26] RECOVERY: Kickstarting claw control loop...
[2026-04-05 17:23:26] RECOVERY: Claw loop recovered — fresh log at /Users/chasefisher/projects/Algo Trading/algo-lab/research/logs/claw_loop_20260405_1723.log
[2026-04-05 17:23:26] CHECK: EOD audit freshness...
[2026-04-05 17:23:26]   OK: Latest audit is 0.0h old (threshold: 26h) — brief_2026-04-05.md
[2026-04-05 17:23:26] CHECK: Scheduled research job freshness...
[2026-04-05 17:23:26] === Completed with 1 issue(s) ===
[2026-04-05 19:42:19] === FQL Watchdog Run ===
[2026-04-05 19:42:19] CHECK: OpenClaw gateway...
[2026-04-05 19:42:19]   OK: Gateway alive (PID 18219), health endpoint responsive
[2026-04-05 19:42:19] CHECK: Claw control loop freshness...
[2026-04-05 19:42:19]   FAIL: Latest claw log is 138m old (threshold: 45m)
[2026-04-05 19:42:19] RECOVERY: Kickstarting claw control loop...
[2026-04-05 19:42:19] RECOVERY: Claw loop recovered — fresh log at /Users/chasefisher/projects/Algo Trading/algo-lab/research/logs/claw_loop_20260405_1942.log
[2026-04-05 19:42:19] CHECK: EOD audit freshness...
[2026-04-05 19:42:19]   OK: Latest audit is 2.9h old (threshold: 26h) — brief_2026-04-05.md
[2026-04-05 19:42:19] CHECK: Scheduled research job freshness...
[2026-04-05 19:42:19] === Completed with 1 issue(s) ===
