[2026-04-02 03:20:39] === FQL Watchdog Run ===
[2026-04-02 03:20:39] CHECK: OpenClaw gateway...
[2026-04-02 03:20:39]   OK: Gateway alive (PID 18219), health endpoint responsive
[2026-04-02 03:20:39] CHECK: Claw control loop freshness...
[2026-04-02 03:20:39]   FAIL: Latest claw log is 1263m old (threshold: 45m)
[2026-04-02 03:20:39] RECOVERY: Kickstarting claw control loop...
[2026-04-02 03:20:39] RECOVERY: Claw loop recovered — fresh log at /Users/chasefisher/projects/Algo Trading/algo-lab/research/logs/claw_loop_20260402_0320.log
[2026-04-02 03:20:39] CHECK: EOD audit freshness...
[2026-04-02 03:20:39]   OK: Latest audit is 0.0h old (threshold: 26h) — brief_2026-04-02.md
[2026-04-02 03:20:39] CHECK: Scheduled research job freshness...
[2026-04-02 03:20:39] === Completed with 1 issue(s) ===
[2026-04-02 03:25:45] === FQL Watchdog Run ===
[2026-04-02 03:25:45] CHECK: OpenClaw gateway...
[2026-04-02 03:25:45]   OK: Gateway alive (PID 18219), health endpoint responsive
[2026-04-02 03:25:45] CHECK: Claw control loop freshness...
[2026-04-02 03:25:45]   OK: Latest claw log is 5m old (threshold: 45m) — /Users/chasefisher/projects/Algo Trading/algo-lab/research/logs/claw_loop_20260402_0320.log
[2026-04-02 03:25:45] CHECK: EOD audit freshness...
[2026-04-02 03:25:45]   OK: Latest audit is 0.1h old (threshold: 26h) — brief_2026-04-02.md
[2026-04-02 03:25:45] CHECK: Scheduled research job freshness...
[2026-04-02 03:25:45] === All checks passed ===
[2026-04-02 18:09:48] === FQL Watchdog Run ===
[2026-04-02 18:09:48] CHECK: OpenClaw gateway...
[2026-04-02 18:09:48]   OK: Gateway alive (PID 18219), health endpoint responsive
[2026-04-02 18:09:48] CHECK: Claw control loop freshness...
[2026-04-02 18:09:48]   FAIL: Latest claw log is 889m old (threshold: 45m)
[2026-04-02 18:09:48] RECOVERY: Kickstarting claw control loop...
[2026-04-02 18:09:48] RECOVERY: Claw loop recovered — fresh log at /Users/chasefisher/projects/Algo Trading/algo-lab/research/logs/claw_loop_20260402_1809.log
[2026-04-02 18:09:48] CHECK: EOD audit freshness...
[2026-04-02 18:09:48]   OK: Latest audit is 0.0h old (threshold: 26h) — brief_2026-04-02.md
[2026-04-02 18:09:48] CHECK: Scheduled research job freshness...
[2026-04-02 18:09:48]   OK: Forward day ran today — forward_day_20260402_1740.log
[2026-04-02 18:09:48]   MISS: Daily research has not run today (expected by 17:30)
[2026-04-02 18:09:48] RECOVERY: Firing catch-up: daily research...
