[2026-03-30 03:30:33] === FQL Watchdog Run ===
[2026-03-30 03:30:33] CHECK: OpenClaw gateway...
[2026-03-30 03:30:33]   OK: Gateway alive (PID 18219), health endpoint responsive
[2026-03-30 03:30:33] CHECK: Claw control loop freshness...
[2026-03-30 03:30:33]   FAIL: Latest claw log is 430m old (threshold: 45m)
[2026-03-30 03:30:33] RECOVERY: Kickstarting claw control loop...
[2026-03-30 03:30:33] RECOVERY: Claw loop recovered — fresh log at /Users/chasefisher/projects/Algo Trading/algo-lab/research/logs/claw_loop_20260330_0330.log
[2026-03-30 03:30:33] CHECK: EOD audit freshness...
[2026-03-30 03:30:33]   OK: Latest audit is 0.0h old (threshold: 26h) — brief_2026-03-30.md
[2026-03-30 03:30:33] CHECK: Scheduled research job freshness...
[2026-03-30 03:30:33] === Completed with 1 issue(s) ===
[2026-03-30 19:47:43] === FQL Watchdog Run ===
[2026-03-30 19:47:43] CHECK: OpenClaw gateway...
[2026-03-30 19:47:43]   OK: Gateway alive (PID 18219), health endpoint responsive
[2026-03-30 19:47:43] CHECK: Claw control loop freshness...
[2026-03-30 19:47:43]   FAIL: Latest claw log is 977m old (threshold: 45m)
[2026-03-30 19:47:43] RECOVERY: Kickstarting claw control loop...
[2026-03-30 19:47:43] RECOVERY: Claw loop recovery FAILED — log still 60m old
[2026-03-30 19:47:43] CHECK: EOD audit freshness...
[2026-03-30 19:47:43]   OK: Latest audit is 1.0h old (threshold: 26h) — brief_2026-03-30.md
[2026-03-30 19:47:43] CHECK: Scheduled research job freshness...
[2026-03-30 19:47:43]   OK: Forward day ran today — forward_day_20260330_1745.log
[2026-03-30 19:47:43]   OK: Daily research ran today — daily_run_20260330_1745.log
[2026-03-30 19:47:43] === Completed with 1 issue(s) ===
