[2026-04-04 07:48:30] === FQL Watchdog Run ===
[2026-04-04 07:48:30] CHECK: OpenClaw gateway...
[2026-04-04 07:48:30]   OK: Gateway alive (PID 18219), health endpoint responsive
[2026-04-04 07:48:30] CHECK: Claw control loop freshness...
[2026-04-04 07:48:30]   FAIL: Latest claw log is 1221m old (threshold: 45m)
[2026-04-04 07:48:30] RECOVERY: Kickstarting claw control loop...
[2026-04-04 07:48:30] RECOVERY: Claw loop recovered — fresh log at /Users/chasefisher/projects/Algo Trading/algo-lab/research/logs/claw_loop_20260404_0748.log
[2026-04-04 07:48:30] CHECK: EOD audit freshness...
[2026-04-04 07:48:30]   OK: Latest audit is 0.0h old (threshold: 26h) — brief_2026-04-04.md
[2026-04-04 07:48:30] CHECK: Scheduled research job freshness...
[2026-04-04 07:48:30] === Completed with 1 issue(s) ===
[2026-04-04 12:38:45] === FQL Watchdog Run ===
[2026-04-04 12:38:45] CHECK: OpenClaw gateway...
[2026-04-04 12:38:45]   OK: Gateway alive (PID 18219), health endpoint responsive
[2026-04-04 12:38:45] CHECK: Claw control loop freshness...
[2026-04-04 12:38:45]   FAIL: Latest claw log is 290m old (threshold: 45m)
[2026-04-04 12:38:45] RECOVERY: Kickstarting claw control loop...
[2026-04-04 12:38:45] RECOVERY: Claw loop recovered — fresh log at /Users/chasefisher/projects/Algo Trading/algo-lab/research/logs/claw_loop_20260404_1238.log
[2026-04-04 12:38:45] CHECK: EOD audit freshness...
[2026-04-04 12:38:45]   OK: Latest audit is 0.0h old (threshold: 26h) — brief_2026-04-04.md
[2026-04-04 12:38:45] CHECK: Scheduled research job freshness...
[2026-04-04 12:38:45] === Completed with 1 issue(s) ===
[2026-04-04 15:01:48] === FQL Watchdog Run ===
[2026-04-04 15:01:48] CHECK: OpenClaw gateway...
[2026-04-04 15:01:48]   OK: Gateway alive (PID 18219), health endpoint responsive
[2026-04-04 15:01:48] CHECK: Claw control loop freshness...
[2026-04-04 15:01:48]   FAIL: Latest claw log is 143m old (threshold: 45m)
[2026-04-04 15:01:48] RECOVERY: Kickstarting claw control loop...
[2026-04-04 15:01:48] RECOVERY: Claw loop recovery FAILED — log still 54m old
[2026-04-04 15:01:48] CHECK: EOD audit freshness...
[2026-04-04 15:01:48]   OK: Latest audit is 3.3h old (threshold: 26h) — brief_2026-04-04.md
[2026-04-04 15:01:48] CHECK: Scheduled research job freshness...
[2026-04-04 15:01:48] === Completed with 1 issue(s) ===
[2026-04-04 18:15:04] === FQL Watchdog Run ===
[2026-04-04 18:15:04] CHECK: OpenClaw gateway...
[2026-04-04 18:15:04]   OK: Gateway alive (PID 18219), health endpoint responsive
[2026-04-04 18:15:04] CHECK: Claw control loop freshness...
[2026-04-04 18:15:04]   FAIL: Latest claw log is 139m old (threshold: 45m)
[2026-04-04 18:15:04] RECOVERY: Kickstarting claw control loop...
[2026-04-04 18:15:04] RECOVERY: Claw loop recovered — fresh log at /Users/chasefisher/projects/Algo Trading/algo-lab/research/logs/claw_loop_20260404_1815.log
[2026-04-04 18:15:04] CHECK: EOD audit freshness...
[2026-04-04 18:15:04]   OK: Latest audit is 0.0h old (threshold: 26h) — brief_2026-04-04.md
[2026-04-04 18:15:04] CHECK: Scheduled research job freshness...
[2026-04-04 18:15:04] === Completed with 1 issue(s) ===
