[2026-03-28 06:24:49] === FQL Watchdog Run ===
[2026-03-28 06:24:49] CHECK: OpenClaw gateway...
[2026-03-28 06:24:49]   OK: Gateway alive (PID 18219), health endpoint responsive
[2026-03-28 06:24:49] CHECK: Claw control loop freshness...
[2026-03-28 06:24:49]   FAIL: Latest claw log is 492m old (threshold: 45m)
[2026-03-28 06:24:49] RECOVERY: Kickstarting claw control loop...
[2026-03-28 06:24:49] RECOVERY: Claw loop recovered — fresh log at /Users/chasefisher/projects/Algo Trading/algo-lab/research/logs/claw_loop_20260328_0624.log
[2026-03-28 06:24:49] CHECK: EOD audit freshness...
[2026-03-28 06:24:49]   OK: Latest audit is 0.0h old (threshold: 26h) — brief_2026-03-28.md
[2026-03-28 06:24:49] CHECK: Scheduled research job freshness...
[2026-03-28 06:24:49] === Completed with 1 issue(s) ===
[2026-03-28 10:17:22] === FQL Watchdog Run ===
[2026-03-28 10:17:22] CHECK: OpenClaw gateway...
[2026-03-28 10:17:22]   OK: Gateway alive (PID 18219), health endpoint responsive
[2026-03-28 10:17:22] CHECK: Claw control loop freshness...
[2026-03-28 10:17:22]   FAIL: Latest claw log is 232m old (threshold: 45m)
[2026-03-28 10:17:22] RECOVERY: Kickstarting claw control loop...
[2026-03-28 10:17:22] RECOVERY: Claw loop recovered — fresh log at /Users/chasefisher/projects/Algo Trading/algo-lab/research/logs/claw_loop_20260328_1017.log
[2026-03-28 10:17:22] CHECK: EOD audit freshness...
[2026-03-28 10:17:22]   OK: Latest audit is 0.0h old (threshold: 26h) — brief_2026-03-28.md
[2026-03-28 10:17:22] CHECK: Scheduled research job freshness...
[2026-03-28 10:17:22] === Completed with 1 issue(s) ===
[2026-03-28 10:59:32] === FQL Watchdog Run ===
[2026-03-28 10:59:32] CHECK: OpenClaw gateway...
[2026-03-28 10:59:32]   OK: Gateway alive (PID 18219), health endpoint responsive
[2026-03-28 10:59:32] CHECK: Claw control loop freshness...
[2026-03-28 10:59:32]   OK: Latest claw log is 42m old (threshold: 45m) — /Users/chasefisher/projects/Algo Trading/algo-lab/research/logs/claw_loop_20260328_1017.log
[2026-03-28 10:59:32] CHECK: EOD audit freshness...
[2026-03-28 10:59:32]   OK: Latest audit is 0.7h old (threshold: 26h) — brief_2026-03-28.md
[2026-03-28 10:59:32] CHECK: Scheduled research job freshness...
[2026-03-28 10:59:32] === All checks passed ===
[2026-03-28 11:15:22] === FQL Watchdog Run ===
[2026-03-28 11:15:22] CHECK: OpenClaw gateway...
[2026-03-28 11:15:22]   OK: Gateway alive (PID 18219), health endpoint responsive
[2026-03-28 11:15:22] CHECK: Claw control loop freshness...
[2026-03-28 11:15:22]   FAIL: Latest claw log is 57m old (threshold: 45m)
[2026-03-28 11:15:22] RECOVERY: Kickstarting claw control loop...
[2026-03-28 11:15:22] RECOVERY: Claw loop recovered — fresh log at /Users/chasefisher/projects/Algo Trading/algo-lab/research/logs/claw_loop_20260328_1115.log
[2026-03-28 11:15:22] CHECK: EOD audit freshness...
[2026-03-28 11:15:22]   OK: Latest audit is 0.0h old (threshold: 26h) — brief_2026-03-28.md
[2026-03-28 11:15:22] CHECK: Scheduled research job freshness...
[2026-03-28 11:15:22] === Completed with 1 issue(s) ===
[2026-03-28 12:49:31] === FQL Watchdog Run ===
[2026-03-28 12:49:31] CHECK: OpenClaw gateway...
[2026-03-28 12:49:31]   OK: Gateway alive (PID 18219), health endpoint responsive
[2026-03-28 12:49:31] CHECK: Claw control loop freshness...
[2026-03-28 12:49:31]   FAIL: Latest claw log is 95m old (threshold: 45m)
[2026-03-28 12:49:31] RECOVERY: Kickstarting claw control loop...
[2026-03-28 12:49:31] RECOVERY: Claw loop recovered — fresh log at /Users/chasefisher/projects/Algo Trading/algo-lab/research/logs/claw_loop_20260328_1250.log
[2026-03-28 12:49:31] CHECK: EOD audit freshness...
[2026-03-28 12:49:31]   OK: Latest audit is 0.0h old (threshold: 26h) — brief_2026-03-28.md
[2026-03-28 12:49:31] CHECK: Scheduled research job freshness...
[2026-03-28 12:49:31] === Completed with 1 issue(s) ===
[2026-03-28 13:19:31] === FQL Watchdog Run ===
[2026-03-28 13:19:31] CHECK: OpenClaw gateway...
[2026-03-28 13:19:31]   OK: Gateway alive (PID 18219), health endpoint responsive
[2026-03-28 13:19:31] CHECK: Claw control loop freshness...
[2026-03-28 13:19:31]   OK: Latest claw log is 28m old (threshold: 45m) — /Users/chasefisher/projects/Algo Trading/algo-lab/research/logs/claw_loop_20260328_1250.log
[2026-03-28 13:19:31] CHECK: EOD audit freshness...
[2026-03-28 13:19:31]   OK: Latest audit is 0.5h old (threshold: 26h) — brief_2026-03-28.md
[2026-03-28 13:19:31] CHECK: Scheduled research job freshness...
[2026-03-28 13:19:31] === All checks passed ===
[2026-03-28 13:52:09] === FQL Watchdog Run ===
[2026-03-28 13:52:09] CHECK: OpenClaw gateway...
[2026-03-28 13:52:09]   OK: Gateway alive (PID 18219), health endpoint responsive
[2026-03-28 13:52:09] CHECK: Claw control loop freshness...
[2026-03-28 13:52:09]   FAIL: Latest claw log is 61m old (threshold: 45m)
[2026-03-28 13:52:09] RECOVERY: Kickstarting claw control loop...
[2026-03-28 13:52:09] RECOVERY: Claw loop recovered — fresh log at /Users/chasefisher/projects/Algo Trading/algo-lab/research/logs/claw_loop_20260328_1352.log
[2026-03-28 13:52:09] CHECK: EOD audit freshness...
[2026-03-28 13:52:09]   OK: Latest audit is 0.0h old (threshold: 26h) — brief_2026-03-28.md
[2026-03-28 13:52:09] CHECK: Scheduled research job freshness...
[2026-03-28 13:52:09] === Completed with 1 issue(s) ===
[2026-03-28 14:26:03] === FQL Watchdog Run ===
[2026-03-28 14:26:03] CHECK: OpenClaw gateway...
[2026-03-28 14:26:03]   OK: Gateway alive (PID 18219), health endpoint responsive
[2026-03-28 14:26:03] CHECK: Claw control loop freshness...
[2026-03-28 14:26:03]   OK: Latest claw log is 33m old (threshold: 45m) — /Users/chasefisher/projects/Algo Trading/algo-lab/research/logs/claw_loop_20260328_1352.log
[2026-03-28 14:26:03] CHECK: EOD audit freshness...
[2026-03-28 14:26:03]   OK: Latest audit is 0.6h old (threshold: 26h) — brief_2026-03-28.md
[2026-03-28 14:26:03] CHECK: Scheduled research job freshness...
[2026-03-28 14:26:03] === All checks passed ===
[2026-03-28 15:05:48] === FQL Watchdog Run ===
[2026-03-28 15:05:48] CHECK: OpenClaw gateway...
[2026-03-28 15:05:48]   OK: Gateway alive (PID 18219), health endpoint responsive
[2026-03-28 15:05:48] CHECK: Claw control loop freshness...
[2026-03-28 15:05:48]   FAIL: Latest claw log is 73m old (threshold: 45m)
[2026-03-28 15:05:48] RECOVERY: Kickstarting claw control loop...
[2026-03-28 15:05:48] RECOVERY: Claw loop recovered — fresh log at /Users/chasefisher/projects/Algo Trading/algo-lab/research/logs/claw_loop_20260328_1505.log
[2026-03-28 15:05:48] CHECK: EOD audit freshness...
[2026-03-28 15:05:48]   OK: Latest audit is 0.0h old (threshold: 26h) — brief_2026-03-28.md
[2026-03-28 15:05:48] CHECK: Scheduled research job freshness...
[2026-03-28 15:05:48] === Completed with 1 issue(s) ===
[2026-03-28 15:29:45] === FQL Watchdog Run ===
[2026-03-28 15:29:45] CHECK: OpenClaw gateway...
[2026-03-28 15:29:45]   OK: Gateway alive (PID 18219), health endpoint responsive
[2026-03-28 15:29:45] CHECK: Claw control loop freshness...
[2026-03-28 15:29:45]   OK: Latest claw log is 23m old (threshold: 45m) — /Users/chasefisher/projects/Algo Trading/algo-lab/research/logs/claw_loop_20260328_1505.log
[2026-03-28 15:29:45] CHECK: EOD audit freshness...
[2026-03-28 15:29:45]   OK: Latest audit is 0.4h old (threshold: 26h) — brief_2026-03-28.md
[2026-03-28 15:29:45] CHECK: Scheduled research job freshness...
[2026-03-28 15:29:45] === All checks passed ===
[2026-03-28 16:03:12] === FQL Watchdog Run ===
[2026-03-28 16:03:12] CHECK: OpenClaw gateway...
[2026-03-28 16:03:12]   OK: Gateway alive (PID 18219), health endpoint responsive
[2026-03-28 16:03:12] CHECK: Claw control loop freshness...
[2026-03-28 16:03:12]   FAIL: Latest claw log is 57m old (threshold: 45m)
[2026-03-28 16:03:12] RECOVERY: Kickstarting claw control loop...
[2026-03-28 16:03:12] RECOVERY: Claw loop recovered — fresh log at /Users/chasefisher/projects/Algo Trading/algo-lab/research/logs/claw_loop_20260328_1603.log
[2026-03-28 16:03:12] CHECK: EOD audit freshness...
[2026-03-28 16:03:12]   OK: Latest audit is 0.0h old (threshold: 26h) — brief_2026-03-28.md
[2026-03-28 16:03:12] CHECK: Scheduled research job freshness...
[2026-03-28 16:03:12] === Completed with 1 issue(s) ===
