[2026-03-20 11:56:58] === FQL Watchdog Run ===
[2026-03-20 11:56:58] CHECK: OpenClaw gateway...
[2026-03-20 11:56:58]   OK: Gateway alive (PID 1070), health endpoint responsive
[2026-03-20 11:56:58] CHECK: Claw control loop freshness...
[2026-03-20 11:56:58]   OK: Latest claw log is 0m old (threshold: 45m) — /Users/chasefisher/projects/Algo Trading/algo-lab/research/logs/claw_loop_20260320_1156.log
[2026-03-20 11:56:58] CHECK: EOD audit freshness...
[2026-03-20 11:56:58]   OK: Latest audit is 0.4h old (threshold: 26h) — brief_2026-03-20.md
[2026-03-20 11:56:58] CHECK: Scheduled research job freshness...
[2026-03-20 11:56:58] === All checks passed ===
[2026-03-20 12:01:58] === FQL Watchdog Run ===
[2026-03-20 12:01:58] CHECK: OpenClaw gateway...
[2026-03-20 12:01:58]   OK: Gateway alive (PID 1070), health endpoint responsive
[2026-03-20 12:01:58] CHECK: Claw control loop freshness...
[2026-03-20 12:01:58]   OK: Latest claw log is 4m old (threshold: 45m) — /Users/chasefisher/projects/Algo Trading/algo-lab/research/logs/claw_loop_20260320_1156.log
[2026-03-20 12:01:58] CHECK: EOD audit freshness...
[2026-03-20 12:01:58]   OK: Latest audit is 0.1h old (threshold: 26h) — brief_2026-03-20.md
[2026-03-20 12:01:58] CHECK: Scheduled research job freshness...
[2026-03-20 12:01:58] === All checks passed ===
[2026-03-20 12:05:59] === FQL Watchdog Run ===
[2026-03-20 12:05:59] CHECK: OpenClaw gateway...
[2026-03-20 12:05:59]   OK: Gateway alive (PID 18219), health endpoint responsive
[2026-03-20 12:05:59] CHECK: Claw control loop freshness...
[2026-03-20 12:05:59]   OK: Latest claw log is 8m old (threshold: 45m) — /Users/chasefisher/projects/Algo Trading/algo-lab/research/logs/claw_loop_20260320_1156.log
[2026-03-20 12:05:59] CHECK: EOD audit freshness...
[2026-03-20 12:05:59]   OK: Latest audit is 0.2h old (threshold: 26h) — brief_2026-03-20.md
[2026-03-20 12:05:59] CHECK: Scheduled research job freshness...
[2026-03-20 12:05:59] === All checks passed ===
[2026-03-20 12:06:19] === FQL Watchdog Run ===
[2026-03-20 12:06:19] CHECK: OpenClaw gateway...
[2026-03-20 12:06:19]   OK: Gateway alive (PID 18219), health endpoint responsive
[2026-03-20 12:06:19] CHECK: Claw control loop freshness...
[2026-03-20 12:06:19]   OK: Latest claw log is 34m old (threshold: 45m) — /Users/chasefisher/projects/Algo Trading/algo-lab/research/logs/claw_loop_20260320_1132.log
[2026-03-20 12:06:19] CHECK: EOD audit freshness...
[2026-03-20 12:06:19]   OK: Latest audit is 0.2h old (threshold: 26h) — brief_2026-03-20.md
[2026-03-20 12:06:19] CHECK: Scheduled research job freshness...
[2026-03-20 12:06:19] === All checks passed ===
[2026-03-20 12:06:28] === FQL Watchdog Run ===
[2026-03-20 12:06:28] CHECK: OpenClaw gateway...
[2026-03-20 12:06:28]   OK: Gateway alive (PID 18219), health endpoint responsive
[2026-03-20 12:06:28] CHECK: Claw control loop freshness...
[2026-03-20 12:06:28]   FAIL: Latest claw log is 60m old (threshold: 45m)
[2026-03-20 12:06:28] RECOVERY: Kickstarting claw control loop...
[2026-03-20 12:06:28] RECOVERY: Claw loop recovery FAILED — log still 60m old
[2026-03-20 12:06:28] CHECK: EOD audit freshness...
[2026-03-20 12:06:28]   OK: Latest audit is 0.2h old (threshold: 26h) — brief_2026-03-20.md
[2026-03-20 12:06:28] CHECK: Scheduled research job freshness...
[2026-03-20 12:06:28] === Completed with 1 issue(s) ===
[2026-03-20 12:06:51] === FQL Watchdog Run ===
[2026-03-20 12:06:51] CHECK: OpenClaw gateway...
[2026-03-20 12:06:51]   OK: Gateway alive (PID 18219), health endpoint responsive
[2026-03-20 12:06:51] CHECK: Claw control loop freshness...
[2026-03-20 12:06:51]   OK: Latest claw log is 0m old (threshold: 45m) — /Users/chasefisher/projects/Algo Trading/algo-lab/research/logs/claw_loop_20260320_1206.log
[2026-03-20 12:06:51] CHECK: EOD audit freshness...
[2026-03-20 12:06:51]   OK: Latest audit is 0.0h old (threshold: 26h) — brief_2026-03-20.md
[2026-03-20 12:06:51] CHECK: Scheduled research job freshness...
[2026-03-20 12:06:51] === All checks passed ===
[2026-03-20 12:06:58] === FQL Watchdog Run ===
[2026-03-20 12:06:58] CHECK: OpenClaw gateway...
[2026-03-20 12:06:58]   OK: Gateway alive (PID 18219), health endpoint responsive
[2026-03-20 12:06:58] CHECK: Claw control loop freshness...
[2026-03-20 12:06:58]   OK: Latest claw log is 0m old (threshold: 45m) — /Users/chasefisher/projects/Algo Trading/algo-lab/research/logs/claw_loop_20260320_1206.log
[2026-03-20 12:06:58] CHECK: EOD audit freshness...
[2026-03-20 12:06:58]   OK: Latest audit is 0.0h old (threshold: 26h) — brief_2026-03-20.md
[2026-03-20 12:06:58] CHECK: Scheduled research job freshness...
[2026-03-20 12:06:58] === All checks passed ===
