[2026-03-29 02:45:06] === FQL Watchdog Run ===
[2026-03-29 02:45:06] CHECK: OpenClaw gateway...
[2026-03-29 02:45:06]   OK: Gateway alive (PID 18219), health endpoint responsive
[2026-03-29 02:45:06] CHECK: Claw control loop freshness...
[2026-03-29 02:45:06]   FAIL: Latest claw log is 641m old (threshold: 45m)
[2026-03-29 02:45:06] RECOVERY: Kickstarting claw control loop...
[2026-03-29 02:45:06] RECOVERY: Claw loop recovered — fresh log at /Users/chasefisher/projects/Algo Trading/algo-lab/research/logs/claw_loop_20260329_0245.log
[2026-03-29 02:45:06] CHECK: EOD audit freshness...
[2026-03-29 02:45:06]   OK: Latest audit is 0.0h old (threshold: 26h) — brief_2026-03-29.md
[2026-03-29 02:45:06] CHECK: Scheduled research job freshness...
[2026-03-29 02:45:06] === Completed with 1 issue(s) ===
[2026-03-29 03:03:20] === FQL Watchdog Run ===
[2026-03-29 03:03:20] CHECK: OpenClaw gateway...
[2026-03-29 03:03:20]   OK: Gateway alive (PID 18219), health endpoint responsive
[2026-03-29 03:03:20] CHECK: Claw control loop freshness...
[2026-03-29 03:03:20]   OK: Latest claw log is 18m old (threshold: 45m) — /Users/chasefisher/projects/Algo Trading/algo-lab/research/logs/claw_loop_20260329_0245.log
[2026-03-29 03:03:20] CHECK: EOD audit freshness...
[2026-03-29 03:03:20]   OK: Latest audit is 0.3h old (threshold: 26h) — brief_2026-03-29.md
[2026-03-29 03:03:20] CHECK: Scheduled research job freshness...
[2026-03-29 03:03:20] === All checks passed ===
[2026-03-29 03:43:14] === FQL Watchdog Run ===
[2026-03-29 03:43:14] CHECK: OpenClaw gateway...
[2026-03-29 03:43:14]   OK: Gateway alive (PID 18219), health endpoint responsive
[2026-03-29 03:43:14] CHECK: Claw control loop freshness...
[2026-03-29 03:43:14]   FAIL: Latest claw log is 58m old (threshold: 45m)
[2026-03-29 03:43:14] RECOVERY: Kickstarting claw control loop...
[2026-03-29 03:43:14] RECOVERY: Claw loop recovered — fresh log at /Users/chasefisher/projects/Algo Trading/algo-lab/research/logs/claw_loop_20260329_0343.log
[2026-03-29 03:43:14] CHECK: EOD audit freshness...
[2026-03-29 03:43:14]   OK: Latest audit is 0.0h old (threshold: 26h) — brief_2026-03-29.md
[2026-03-29 03:43:14] CHECK: Scheduled research job freshness...
[2026-03-29 03:43:14] === Completed with 1 issue(s) ===
[2026-03-29 13:53:55] === FQL Watchdog Run ===
[2026-03-29 13:53:55] CHECK: OpenClaw gateway...
[2026-03-29 13:53:55]   OK: Gateway alive (PID 18219), health endpoint responsive
[2026-03-29 13:53:55] CHECK: Claw control loop freshness...
[2026-03-29 13:53:55]   FAIL: Latest claw log is 610m old (threshold: 45m)
[2026-03-29 13:53:55] RECOVERY: Kickstarting claw control loop...
[2026-03-29 13:53:55] RECOVERY: Claw loop recovered — fresh log at /Users/chasefisher/projects/Algo Trading/algo-lab/research/logs/claw_loop_20260329_1353.log
[2026-03-29 13:53:55] CHECK: EOD audit freshness...
[2026-03-29 13:53:55]   OK: Latest audit is 0.0h old (threshold: 26h) — brief_2026-03-29.md
[2026-03-29 13:53:55] CHECK: Scheduled research job freshness...
[2026-03-29 13:53:55] === Completed with 1 issue(s) ===
[2026-03-29 20:19:45] === FQL Watchdog Run ===
[2026-03-29 20:19:45] CHECK: OpenClaw gateway...
[2026-03-29 20:19:45]   OK: Gateway alive (PID 18219), health endpoint responsive
[2026-03-29 20:19:45] CHECK: Claw control loop freshness...
[2026-03-29 20:19:45]   FAIL: Latest claw log is 385m old (threshold: 45m)
[2026-03-29 20:19:45] RECOVERY: Kickstarting claw control loop...
[2026-03-29 20:19:45] RECOVERY: Claw loop recovered — fresh log at /Users/chasefisher/projects/Algo Trading/algo-lab/research/logs/claw_loop_20260329_2019.log
[2026-03-29 20:19:45] CHECK: EOD audit freshness...
[2026-03-29 20:19:45]   OK: Latest audit is 0.0h old (threshold: 26h) — brief_2026-03-29.md
[2026-03-29 20:19:45] CHECK: Scheduled research job freshness...
[2026-03-29 20:19:45] === Completed with 1 issue(s) ===
