=== FQL Weekly Research Run - Fri Apr 10 18:30:04 PDT 2026 ===
PID: 62645 | Repo: /Users/chasefisher/projects/Algo Trading/algo-lab


FQL Research Scheduler — WEEKLY jobs
  5 jobs queued
==================================================
  Running weekly_walk_forward...
  ERROR in weekly_walk_forward: Exit code 1: 
  [      ERROR] weekly_walk_forward
  Running weekly_kill_criteria...
Loading strategies and building daily PnL matrix...
Check 1/4: Portfolio dilution...
Check 2/4: Edge redundancy...
Check 3/4: Edge decay...
Check 4/4: Regime failure...
  [    SUCCESS] weekly_kill_criteria
  [     MANUAL] weekly_registry_update
  Running weekly_auto_report...
  [    SUCCESS] weekly_auto_report
  Running weekly_integrity_monitor...
  [    SUCCESS] weekly_integrity_monitor

Done: 3 success, 1 errors, 1 skipped
--- Generating portfolio gap dashboard ---
# FQL Portfolio Gap & Crowding Dashboard
*Generated: 2026-04-10 18:41*
*Active: 3 core + 9 probation = 12 strategies*

## Factor Distribution

| Factor | Core | Probation | Total | % of Active | Ideas | Status |
|--------|------|-----------|-------|-------------|-------|--------|
| MOMENTUM        |    3 |         3 |     6 |         50% |    12 | **CROWDED** |
| MEAN_REVERSION  |    0 |         0 |     0 |          0% |     3 | **GAP** |
| VOLATILITY      |    0 |         1 |     1 |          8% |     8 | THIN (probation only) |
| CARRY           |    0 |         1 |     1 |          8% |     7 | THIN (probation only) |
| EVENT           |    0 |         1 |     1 |          8% |    15 | THIN (probation only) |
| STRUCTURAL      |    0 |         1 |     1 |          8% |    15 | THIN (probation only) |
| VALUE           |    0 |         0 |     0 |          0% |     0 | **GAP** |

## Asset Distribution

| Asset | Count | Direction | Status |
|-------|-------|-----------|--------|
| 6J     |     1 | long=1                    | OK |
| MCL    |     1 | both=1                    | OK |
| MES    |     2 | long=1, short=1           | OK |
| MGC    |     3 | long=2, short=1           | Heavy |
| MNQ    |     3 | both=1, long=2            | Heavy |
| ZN     |     2 | both=2                    | OK |

| Asset Class | Count | Target Range | Status |
|-------------|-------|-------------|--------|
| Equity Index  |     5 (42%) | 30-50% | OK |
| Metal         |     3 (25%) | 15-25% | OK |
| Energy        |     1 (8%) | 10-20% | UNDER |
| FX            |     1 (8%) | 10-25% | UNDER |
| Rates         |     2 (17%) | 5-15% | **OVER** |

## Session Distribution

| Session | Count | Strategies | Status |
|---------|-------|-----------|--------|
| Afternoon (14:00-15:30)      |     1 | ZN | OK |
| All Day                      |     3 | NoiseBoundar, XB, XB | Heavy |
| Daily Close                  |     3 | DailyTrend, VolManaged, Treasury | Heavy |
| Morning (09:30-12:00)        |     3 | XB, ORB, PB | Heavy |
| Multi-Day Event              |     1 | TV | OK |
| US Session (08:00-17:00)     |     1 | MomPB | OK |

## Horizon Distribution

| Horizon | Count | % | Status |
|---------|-------|---|--------|
| Daily                     |     3 | 25% | OK |
| Event                     |     1 | 8% | OK |
| Intraday (afternoon)      |     1 | 8% | OK |
| Intraday (morning)        |     7 | 58% | OK |

## Direction Bias

- Long exposure: 8.0 strategies
- Short exposure: 4.0 strategies
- Ratio: 2.0:1 — Slightly long
- Long-only strategies: 6
- Short-only strategies: 2
- Both-direction strategies: 4

## Current Gaps

| Type | Gap | Detail | Priority |
|------|-----|--------|----------|
| FACTOR | MEAN_REVERSION | No active or probation strategy | HIGH |
| FACTOR | VALUE | No active or probation strategy | HIGH |
| FACTOR | VOLATILITY | Only 1 probation, no core | MEDIUM |
| FACTOR | CARRY | Only 1 probation, no core | MEDIUM |
| FACTOR | EVENT | Only 1 probation, no core | MEDIUM |
| FACTOR | STRUCTURAL | Only 1 probation, no core | MEDIUM |
| SESSION | Non-rates afternoon | Only rates cover afternoon session | LOW |

## Crowding Risks

| Type | Area | Detail | Action |
|------|------|--------|--------|
| FACTOR | MOMENTUM | 50% of active strategies | Deprioritize new MOMENTUM ideas |

## Research Targeting Recommendations

### Prioritize
- **MEAN_REVERSION**: No active or probation strategy. 3 ideas in catalog.
- **VALUE**: No active or probation strategy. 0 ideas in catalog.

### Monitor
- VOLATILITY: Only 1 probation, no core
- CARRY: Only 1 probation, no core
- EVENT: Only 1 probation, no core
- STRUCTURAL: Only 1 probation, no core

### Deprioritize
- **MOMENTUM**: 50% of active strategies. Deprioritize new MOMENTUM ideas.

  Saved to: /Users/chasefisher/openclaw-intake/inbox/_portfolio_gap_dashboard.md
--- Generating harvest coverage audit ---
# Harvest Coverage Audit
*Generated: 2026-04-10 18:41*

*Principle: broad intake first, ruthless filtering later.*

## Source Lanes

| Lane | Status | Factor Targets | Notes/Week (last 7d) |
|------|--------|----------------|---------------------|
| openclaw_tactical            | ACTIVE           | VALUE, VOLATILITY, CARRY, EVENT, ST |   5 |
| openclaw_strategic           | ACTIVE           | VALUE, VOLATILITY, EVENT, CARRY, ST |  10 |
| tradingview_scan             | ACTIVE           | VALUE, VOLATILITY, EVENT, CARRY, ST |  10 |
| academic_review              | ACTIVE           | VALUE, VOLATILITY, EVENT, CARRY, ST |   8 |
| youtube_practitioner         | ENABLED          | STRUCTURAL, VOLATILITY, EVENT, VALU |   5 |
| github_quant_repos           | ACTIVE_VIA_CLAW  | VOLATILITY, VALUE, STRUCTURAL, CARR |   3 |
| reddit_forums                | ACTIVE_VIA_CLAW  |                                     |   3 |
| microstructure_specialists   | ACTIVE_VIA_CLAW  | STRUCTURAL, CARRY, VALUE, EVENT     |   3 |
| legacy_revival               | DISABLED         |                                     |   3 |

**Active: 7 (3 via Claw) | Dormant: 0 | Total: 9**

Source classes covered: Academic, TradingView, GitHub, YouTube,
Reddit/forums, microstructure specialists. All search via Claw —
no separate scrapers needed.

## Recent Notes by Source (last 7 days)

Total: 69 notes
- Other: 25 (36%)
- TradingView: 19 (28%)
- GitHub: 16 (23%)
- Academic: 7 (10%)
- YouTube: 2 (3%)

## Factor Coverage vs Search Targeting

| Factor | Core | Prob | Ideas | Portfolio Status | In Search Targets? | Gap Covered? |
|--------|------|------|-------|-----------------|-------------------|-------------|
| MOMENTUM        |    3 |    3 |    12 | CROWDED           | **NO**              | **UNCOVERED** |
| MEAN_REVERSION  |    0 |    0 |     3 | **GAP**           | **NO**              | **UNCOVERED** |
| VOLATILITY      |    0 |    1 |     8 | Thin              | YES                 | YES |
| CARRY           |    0 |    1 |     7 | Thin              | YES                 | YES |
| EVENT           |    0 |    1 |    15 | Thin              | YES                 | YES |
| STRUCTURAL      |    0 |    1 |    15 | Thin              | YES                 | YES |
| VALUE           |    0 |    0 |     0 | **BLIND SPOT**    | YES                 | SEARCH ONLY |

## Asset Class Search Coverage

| Asset Class | In Active Search? | Notes |
|-------------|------------------|-------|
| Equity Index  | **NO**             | |
| Metal         | **NO**             | |
| Energy        | YES                | |
| FX            | **NO**             | |
| Rates         | YES                | |

## Gaps Without Live Search Coverage

- **FACTOR: MEAN_REVERSION** — 0 active, not in any lane's factor_targets

## Closed Families (blocked from rediscovery)

| Family | Failures | Closed Date |
|--------|----------|-------------|
| mean_reversion x equity_index | 5 | legacy |
| ict x any | 2 | legacy |
| gap_fade / gap_reversal | 3 | legacy |
| overnight equity continuation | 3 | 2026-03-20 |
| overnight equity premium | 2 | legacy |
| breakout x morning equity | 13 | legacy |
| cash_close_reversion x rates | 1 | 2026-03-20 |

## Recommendations

- **Add to search targets:** MEAN_REVERSION — portfolio gaps with no live search coverage.

  Saved to: /Users/chasefisher/openclaw-intake/inbox/_harvest_coverage_audit.md
--- Generating harvest quality review ---
# Harvest Quality Review
*Generated: 2026-04-10 18:41 | Lookback: 14 days*

**Total notes scanned: 71**

## Notes by Source Lane

| Source | Notes | % | Accepted | Blocked | Rejected | Top Factor |
|--------|-------|---|----------|---------|----------|------------|
| TradingView      |    20 | 28% |        2 |      17 |        0 | EVENT |
| Other            |    20 | 28% |        1 |      17 |        0 | VALUE |
| GitHub           |    17 | 24% |        4 |      13 |        0 | CARRY |
| Academic         |     7 | 10% |        3 |       4 |        0 | VALUE |
| Reddit/Forum     |     5 |  7% |        2 |       2 |        0 | STRUCTURAL |
| YouTube          |     2 |  3% |        0 |       2 |        0 | EVENT |

Source diversity: 6 types, largest is TradingView at 28%. OK.

## Unique Idea Families by Source

| Source | Unique Factor Families | Notes per Family |
|--------|----------------------|------------------|
| Academic         |                      2 |              3.5 |
| GitHub           |                      4 |              4.2 ◄ high duplication |
| Other            |                      5 |              4.0 |
| Reddit/Forum     |                      4 |              1.2 |
| TradingView      |                      4 |              5.0 ◄ high duplication |
| YouTube          |                      1 |              2.0 |

## Portfolio Gap Fit

| Factor | Notes | Portfolio Gap | Targeting Effective? |
|--------|-------|-------------|---------------------|
| MOMENTUM        |     0 | LOW/crowded   | OK |
| MEAN_REVERSION  |     0 | LOW/crowded   | OK |
| VOLATILITY      |     7 | HIGH gap      | YES |
| CARRY           |    19 | MEDIUM gap    | YES |
| EVENT           |    16 | MEDIUM gap    | YES |
| STRUCTURAL      |     8 | MEDIUM gap    | YES |
| VALUE           |    21 | HIGH gap      | YES |

## Noise Rate by Source

| Source | Accepted | Needs Review | Blocked | Rejected | Noise Rate |
|--------|----------|-------------|---------|----------|------------|
| TradingView      |        2 |           1 |      17 |        0 |         0% |
| Other            |        1 |           2 |      17 |        0 |         0% |
| GitHub           |        4 |           0 |      13 |        0 |         0% |
| Academic         |        3 |           0 |       4 |        0 |         0% |
| Reddit/Forum     |        2 |           1 |       2 |        0 |         0% |
| YouTube          |        0 |           0 |       2 |        0 |         0% |

## Conversion Pipeline

Notes that reached testing/probation in this period:
  - unknown: 1
(Normal for early cycles — conversion is selective and gated.)

## Source Helper Pipeline

**Last fetch:** 2026-04-09T03:02:11Z
- GitHub: 14 leads
- Reddit: 18 leads
- YouTube: 10 leads
- Total: 77 leads

**Lead lifecycle:** 0 fetched, 25 picked up, 0 stale
**Notes produced from leads:** 152
**Conversion rate:** 608% of lead batches produced notes

### Component Yield by Source

| Source | Notes | Full Strategy | Fragments | Components Detected |
|--------|-------|--------------|-----------|-------------------|
| blog     |     7 |            0 |         7 | filter=2 |
| digest   |     8 |            6 |         2 | filter=1, session_effect=1, entry_logic=1 |
| github   |     4 |            1 |         3 | exit_logic=1, filter=1, session_effect=1 |
| reddit   |     2 |            0 |         2 | filter=1 |
| youtube  |    15 |            5 |        10 | filter=4, exit_logic=4, session_effect=1, entry_logic=1 |

**Best fragment source:** youtube (10 fragments)
**Best component source:** youtube (10 components detected)

### Source Roles

*Auto-classified from observed contribution. Activates after 2+ attributed notes per source.*

| Source | Leads | Notes | Fragments | Components | Role | Tuning |
|--------|-------|-------|-----------|------------|------|--------|
| blog     |   105 |    42 |         7 |          2 | **Fragment source** | Raise cap — produces reusable components |
| digest   |    72 |    48 |         2 |          3 | **Fragment source** | Raise cap — produces reusable components |
| github   |    62 |    20 |         3 |          3 | **Fragment source** | Raise cap — produces reusable components |
| reddit   |   105 |    12 |         2 |          1 | **Fragment source** | Raise cap — produces reusable components |
| youtube  |    13 |    30 |        10 |         10 | **Fragment source** | Raise cap — produces reusable components |


### Run History

| Run Date | GitHub | Reddit | YouTube | Blog | Digest | Total |
|----------|--------|--------|---------|------|--------|-------|
| 2026-03-30 | 0 | 0 | 0 | 0 | 0 | 0 |
| 2026-04-02 | 0 | 17 | 0 | 20 | 14 | 51 |
| 2026-04-06 | 14 | 17 | 0 | 20 | 14 | 65 |
| 2026-04-09 | 14 | 18 | 10 | 20 | 15 | 77 |
## Top New Fragments This Week

**46 fragments captured this period:**

- **[filter]** NQ Overnight ATR Regime Filter for ORB Style Selection (STRUCTURAL)
  Measure the overnight high-low range from 18:00 to 09:30 exchange time and divide it by Daily ATR(14). If the ratio is b
- **[filter]** Annualized F1-F2 Carry Extremes Filter (CARRY)
  For each commodity future, compute annualized carry from the front contract minus the second contract and classify the t
- **[sizing_overlay]** Value Drawdown Managed Futures Blend Overlay (VALUE)
  Maintain a strategic value sleeve, but when the value sleeve is active, fund only 40% of the alternatives allocation wit
- **[filter]** Roll-Migration Execution Filter (CARRY)
  For strategies that hold through roll windows, switch execution from the front contract to the next contract once the ne
- **[sizing_overlay]** Managed Futures Value Overlay Diversifier (VALUE)
  Build a managed-futures overlay that ranks a diversified futures universe by 12-month trend strength and scales position
  ... and 41 more

## Salvage Wins

*Rejected parents that produced useful children or salvageable components.*

**3 salvage wins found:**

- **Overnight-Z-VolRatio-OpenDrive** (rejected) → **[component] z-score concept may work on different asset/session (not equ** (salvageable)
- **Treasury-Cash-Close-Reversion-Window** (rejected) → **[component] Afternoon reversion timing (validated in earlier window as Z** (salvageable)
- **Treasury-Cash-Close-Reversion-Window** (rejected) → **ZN-Afternoon-Reversion** (probation)


## Recommendations

- **Low-volume lanes** (YouTube): producing very few notes. Consider raising caps if quality is good.

  Saved to: /Users/chasefisher/openclaw-intake/inbox/_harvest_quality_review.md
--- Running convergence scorer ---
# FQL Convergence Report
*2026-04-10 18:41*

## Confirmed Convergent Evidence (2 strategies)

### ManagedFutures-Carry-Diversified
- Original source: academic
- Confirmed by: GitHub (Rubenr02) (2026-04-06)
  Mechanism: Cross-asset front-next carry ranker — independent implementation of the same mul

### Treasury-Rolldown-Carry-Spread
- Original source: academic
- Confirmed by: GitHub (Robert Carver) (2026-04-06)
  Mechanism: Vol-normalized rolldown carry on Treasury futures — independent implementation c

## Priority Boosts (2)

| Strategy | Sources | Current | New | Boost |
|----------|---------|---------|-----|-------|
| ManagedFutures-Carry-Diversified | 2 | HIGH | HIGH | +1 level (HIGH → HIGH) |
| Treasury-Rolldown-Carry-Spread | 2 | MEDIUM | HIGH | +1 level (MEDIUM → HIGH) |

## Potential New Convergence (25 matches)

| Strategy | Note | Mechanism | Note Source | Registry Source |
|----------|------|-----------|------------|-----------------|
| FX-PPP-Value | 2026-04-06_04_signal_strength_ | ppp_value | other | academic |
| ManagedFutures-Carry-Diversifi | 2026-03-18_07_agricultural_sea | commodity_carry | other | academic |
| Commodity-Carry-TailRisk-Overl | 2026-03-18_07_agricultural_sea | commodity_carry | other | academic |
| ManagedFutures-Carry-Diversifi | 2026-04-08_09_cross_sectional_ | commodity_carry | github | academic |
| Commodity-Carry-TailRisk-Overl | 2026-04-08_09_cross_sectional_ | commodity_carry | github | academic |
| YM-Trend | 2026-03-26_12_bottom_up_trend_ | trend_following | other | expansion |
| ManagedFutures-Carry-Diversifi | 2026-04-07_12_low_inventory_ba | commodity_carry | other | academic |
| Commodity-Carry-TailRisk-Overl | 2026-04-07_12_low_inventory_ba | commodity_carry | other | academic |
| FX-PPP-Value | 2026-04-10_05_wcs_loonie_resid | ppp_value | github | academic |
| TV-Treasury-Macro-Vol-Targetin | 2026-03-18_13_treasury_basket_ | vol_managed | other | tradingview |
| ManagedFutures-Carry-Diversifi | 2026-04-06_06_commodity_conven | commodity_carry | other | academic |
| Commodity-Carry-TailRisk-Overl | 2026-04-06_06_commodity_conven | commodity_carry | other | academic |
| ManagedFutures-Carry-Diversifi | 2026-04-06_08_vol_normalized_r | rolldown_carry | github | academic |
| Treasury-Rolldown-Carry-Spread | 2026-04-06_08_vol_normalized_r | rolldown_carry | github | academic |
| ZN-Afternoon-Reversion | 2026-04-06_08_vol_normalized_r | rolldown_carry | github | falsification_discovery |
| FX-PPP-Value | 2026-03-20_06_gold_real_rate_v | ppp_value | claw_synthesis | academic |
| TV-Treasury-Macro-Vol-Targetin | 2026-04-06_07_cross_asset_fron | vol_managed | github | tradingview |
| FX-PPP-Value | 2026-04-06_01_global_fx_ppp_to | ppp_value | other | academic |
| ManagedFutures-Carry-Diversifi | 2026-03-20_08_stir_policy_path | commodity_carry | claw_synthesis | academic |
| Commodity-Carry-TailRisk-Overl | 2026-03-20_08_stir_policy_path | commodity_carry | claw_synthesis | academic |

*Review these manually — fuzzy matches may include false positives.*

  Applied 1 priority boost(s) to registry.

  Saved to: /Users/chasefisher/openclaw-intake/inbox/_convergence_report.md
--- Running throughput audit ---
# FQL Throughput Audit
*2026-04-10 18:41*

**Total dormant items: 265**

| # | Bucket | Count | Immediate Unlock |
|---|--------|-------|------------------|
| 1 | Coded but never backtested | 0 | — |
| 2 | Registry ideas never tested | 63 | ORB-VIX-Filter |
| 3 | Harvested but never converted | 159 | 2026-03-17_11_energy_convenience_yield_carry.md |
| 4 | Validated components never integrated | 3 | VolManaged-EquityIndex-Futures |
| 5 | Potentially unblocked items | 23 | Treasury-2Y-FOMC-Momentum |
| 6 | Review status with no next trigger | 9 | MomIgn-M2K-Short |
| 7 | Automation jobs not firing | 0 | — |
| 8 | Reports not connected to decisions | 8 | — |

## Recommended Execution Order

**1. Harvested but never converted** (159 items)
   Action: Review oldest harvest notes for conversion or explicit rejection
   Highest-value unlock: 2026-03-17_11_energy_convenience_yield_carry.md

**2. Registry ideas never tested** (63 items)
   Action: Convert to strategy code and run through mass_screen
   Highest-value unlock: ORB-VIX-Filter

**3. Potentially unblocked items** (23 items)
   Action: Review blocked items against recently cleared dependencies
   Highest-value unlock: Treasury-2Y-FOMC-Momentum

**4. Review status with no next trigger** (9 items)
   Action: Define next trigger or advance/reject each item
   Highest-value unlock: MomIgn-M2K-Short

**5. Reports not connected to decisions** (8 items)
   Action: Connect to digest or remove if obsolete

**6. Validated components never integrated** (3 items)
   Action: Test validated components on parent strategies
   Highest-value unlock: VolManaged-EquityIndex-Futures

## Registry ideas never tested (63)

  - id=ORB-VIX-Filter, family=breakout, asset=MGC
  - id=NR7-Breakout, family=vol_expansion, asset=M2K
  - id=GapFill-M2K, family=mean_reversion, asset=M2K
  - id=BBW-Percentile, family=vol_expansion, asset=M2K
  - id=DualThrust, family=breakout, asset=multi
  - id=VCP-Intraday, family=vol_expansion, asset=MGC
  - id=EventDay-MetaLayer, family=event_driven, asset=multi
  - id=Russell-Reconstitution, family=event_driven, asset=M2K
  - id=ConsolidationBreakout, family=breakout, asset=multi
  - id=LiqGrab-StopRun, family=ict, asset=multi

## Harvested but never converted (159)

  - file=2026-03-17_11_energy_convenience_yield_carry.md, age_days=23
  - file=2026-03-17_04_cross_asset_adjusted_yield_value.md, age_days=23
  - file=2026-03-18_15_treasury_term_premium_value_rotation.md, age_days=23
  - file=2026-03-17_12_conditional_fx_carry_basket.md, age_days=23
  - file=2026-03-18_06_commodity_basket_volatility_managed_beta.md, age_days=23
  - file=2026-03-18_01_equity_treasury_yield_gap_value.md, age_days=23
  - file=2026-03-18_07_agricultural_seasonal_carry_rotation.md, age_days=23
  - file=2026-03-18_11_global_equity_earnings_yield_value.md, age_days=23
  - file=2026-03-17_10_agricultural_term_structure_carry.md, age_days=23
  - file=2026-03-18_05_treasury_vol_of_vol_stability_targeting.md, age_days=23

## Validated components never integrated (3)

  - id=VolManaged-EquityIndex-Futures, validated_components=1
  - id=Treasury-Rolldown-Carry-Spread, validated_components=1
  - id=ZN-Afternoon-Reversion, validated_components=4

## Potentially unblocked items (23)

  - id=Treasury-2Y-FOMC-Momentum, status=idea, notes=ACCEPTED via harvest review. Fills EVENT + CARRY factor gaps. Blocked by: no TU data (using ZF proxy
  - id=FX-Carry-Trade, status=idea, notes=ACCEPTED via harvest review. Pure CARRY factor fill. Blocked by: only 3 FX pairs, no rate data feed,
  - id=CrossCurrency-YieldCurve-Flattening, status=idea, notes=ACCEPTED, LOW priority. More sophisticated CARRY than simple rate differential but heavily blocked: 
  - id=FX-PPP-Value, status=idea, notes=ACCEPTED, LOW priority. Value factor (not momentum). Blocked by: needs OECD PPP + CPI data, quarterl
  - id=FX-ORB, status=idea, notes=ACCEPTED. Conversion priority #4. STRUCTURAL — ORB adapted to FX session structure. Lower priority b
  - id=Treasury-Curve-Drift-MR, status=idea, notes=ACCEPTED but BLOCKED. Conversion priority #5. Rates-native relative value — genuinely different fact
  - id=CPI-Reaction-Bias-Equity, status=idea, notes=ACCEPTED but BLOCKED. EVENT conversion priority #4. Blocked by: only ~24 events in current data (2yr
  - id=EIA-30s-Box-Breakout-MCL, status=idea, notes=ACCEPTED but BLOCKED. EVENT conversion priority #5. Blocked by: needs sub-minute execution model (30
  - id=Equity-Closing-Auction-Flow, status=idea, notes=ACCEPTED but BLOCKED. STRUCTURAL priority #2. Blocked by: needs auction imbalance data feed (not ava
  - id=Treasury-Roll-Microstructure, status=idea, notes=ACCEPTED but BLOCKED. STRUCTURAL priority #3. Rates-native structural edge — roll microstructure is 
  - id=WTI-CMA-Roll-Structure, status=idea, notes=ACCEPTED but BLOCKED. STRUCTURAL priority #4. Energy-native structural edge. Blocked by: needs multi
  - id=Gold-Overnight-Drift, status=idea, notes=ACCEPTED but BLOCKED. STRUCTURAL priority #5. Blocked by: source likely references spot gold or ETF 
  - id=TV-CPI-15m-Expansion, status=idea, notes=ACCEPTED. TV EVENT batch priority #4. Post-CPI momentum on 15m timeframe. Different from blocked CPI
  - id=TV-NFP-Price-Zones, status=idea, notes=ACCEPTED but BLOCKED. TV EVENT batch priority #5. Blocked: strategy ambiguity — multiple possible zo
  - id=TV-FOMC-Sweep-Reaction, status=idea, notes=ACCEPTED but BLOCKED. TV EVENT batch priority #6. Blocked: too discretionary as described — needs me

  Recently cleared dependencies:
    [2026-04-08 07:06:46] CLEARED: gateway recovered after 1 failure(s)
    [2026-04-10 07:21:52] CLEARED: gateway recovered after 2 failure(s)

## Review status with no next trigger (9)

  - id=MomIgn-M2K-Short, status=watch, has_trigger=False, pf=1.24
  - id=CloseVWAP-M2K-Short, status=watch, has_trigger=False, pf=1.42
  - id=TTMSqueeze-M2K-Short, status=watch, has_trigger=False, pf=1.97
  - id=ORBEnh-M2K-Short, status=testing, has_trigger=False
  - id=VWAPMR-MCL-Short, status=testing, has_trigger=False
  - id=RangeExpansion, status=testing, has_trigger=False, pf=1.46
  - id=FXBreak-6J-Short-London, status=watch, has_trigger=False, pf=1.2
  - id=MomPB-6E-Long-US, status=testing, has_trigger=False, pf=1.72
  - id=Commodity-TermStructure-Carry-EnergyMetals, status=testing, has_trigger=False

## Reports not connected to decisions (8)

  - file=_priorities.md, age_days=0
  - file=_claw_status.md, age_days=0
  - file=_eod_audit.md, age_days=0
  - file=_directives_today.md, age_days=0
  - file=_claw_next_needs.md, age_days=0
  - file=_family_queue.md, age_days=23
  - file=_note_template.md, age_days=18
  - file=_helper_funnel_audit.md, age_days=20


  Saved to: /Users/chasefisher/openclaw-intake/inbox/_throughput_audit.md

=== Weekly jobs completed successfully - Fri Apr 10 18:41:22 PDT 2026 ===
